#
# There is insufficient memory for the Java Runtime Environment to continue.
# Native memory allocation (mmap) failed to map 65536 bytes for Failed to commit metaspace.
# Possible reasons:
#   The system is out of physical RAM or swap space
#   The process is running with CompressedOops enabled, and the Java Heap may be blocking the growth of the native heap
# Possible solutions:
#   Reduce memory load on the system
#   Increase physical memory or swap space
#   Check if swap backing store is full
#   Decrease Java heap size (-Xmx/-Xms)
#   Decrease number of Java threads
#   Decrease Java thread stack sizes (-Xss)
#   Set larger code cache with -XX:ReservedCodeCacheSize=
#   JVM is running with Unscaled Compressed Oops mode in which the Java heap is
#     placed in the first 4GB address space. The Java Heap base address is the
#     maximum limit for the native heap growth. Please use -XX:HeapBaseMinAddress
#     to set the Java Heap base and to place the Java Heap above 4GB virtual address.
# This output file may be truncated or incomplete.
#
#  Out of Memory Error (virtualSpaceNode.cpp:110), pid=13132, tid=12720
#
# JRE version: Java(TM) SE Runtime Environment (20.0.1+9) (build 20.0.1+9-29)
# Java VM: Java HotSpot(TM) 64-Bit Server VM (20.0.1+9-29, mixed mode, sharing, tiered, compressed oops, compressed class ptrs, g1 gc, windows-amd64)
# No core dump will be written. Minidumps are not enabled by default on client versions of Windows
#

---------------  S U M M A R Y ------------

Command Line: -Dfile.encoding=UTF-8 --module-path=C:\Users\rohit\OneDrive\Documents\NetBeansProjects\Travel Management\build\classes travel.management.forgetpass

Host: AMD Ryzen 5 5500U with Radeon Graphics         , 12 cores, 7G,  Windows 11 , 64 bit Build 22621 (10.0.22621.2215)
Time: Sun Oct 15 18:45:45 2023 India Standard Time elapsed time: 0.504108 seconds (0d 0h 0m 0s)

---------------  T H R E A D  ---------------

Current thread (0x000002201f5f5bd0):  JavaThread "main" [_thread_in_vm, id=12720, stack(0x0000008669a00000,0x0000008669b00000)]

Stack: [0x0000008669a00000,0x0000008669b00000]
Native frames: (J=compiled Java code, j=interpreted, Vv=VM code, C=native code)
V  [jvm.dll+0x6bb95a]
V  [jvm.dll+0x8485fa]
V  [jvm.dll+0x84a1f5]
V  [jvm.dll+0x84a8f3]
V  [jvm.dll+0x280b0f]
V  [jvm.dll+0x84453b]
V  [jvm.dll+0x65fd86]
V  [jvm.dll+0x65fdea]
V  [jvm.dll+0x6626c3]
V  [jvm.dll+0x66258e]
V  [jvm.dll+0x66079e]
V  [jvm.dll+0x26da71]
V  [jvm.dll+0x21bea7]
V  [jvm.dll+0x211780]
V  [jvm.dll+0x59c26c]
V  [jvm.dll+0x222d6a]
V  [jvm.dll+0x7c2cb4]
V  [jvm.dll+0x7c3dff]
V  [jvm.dll+0x7c45c0]
V  [jvm.dll+0x21c775]
V  [jvm.dll+0x211799]
V  [jvm.dll+0x59c26c]
V  [jvm.dll+0x222d6a]
V  [jvm.dll+0x7c2cb4]
V  [jvm.dll+0x7c3dff]
V  [jvm.dll+0x7c43af]
V  [jvm.dll+0x7c4058]
V  [jvm.dll+0x27024b]
V  [jvm.dll+0x3d84fe]
C  0x000002202ec0f874

Java frames: (J=compiled Java code, j=interpreted, Vv=VM code)
j  java.util.concurrent.locks.ReentrantReadWriteLock.<init>(Z)V+19 java.base@20.0.1
j  java.util.concurrent.locks.ReentrantReadWriteLock.<init>()V+2 java.base@20.0.1
j  sun.awt.windows.ThemeReader.<clinit>()V+14 java.desktop@20.0.1
v  ~StubRoutines::call_stub 0x000002202ebe100d
j  sun.awt.windows.WDesktopProperties.getProperties()Ljava/util/Map;+0 java.desktop@20.0.1
j  sun.awt.windows.WToolkit.lazilyInitWProps()V+24 java.desktop@20.0.1
j  sun.awt.windows.WToolkit.lazilyLoadDesktopProperty(Ljava/lang/String;)Ljava/lang/Object;+97 java.desktop@20.0.1
j  java.awt.Toolkit.getDesktopProperty(Ljava/lang/String;)Ljava/lang/Object;+70 java.desktop@20.0.1
j  javax.swing.UIManager.<clinit>()V+112 java.desktop@20.0.1
v  ~StubRoutines::call_stub 0x000002202ebe100d
j  javax.swing.JPanel.updateUI()V+2 java.desktop@20.0.1
j  javax.swing.JPanel.<init>(Ljava/awt/LayoutManager;Z)V+24 java.desktop@20.0.1
j  javax.swing.JPanel.<init>(Z)V+9 java.desktop@20.0.1
j  javax.swing.JPanel.<init>()V+2 java.desktop@20.0.1
j  javax.swing.JRootPane.createGlassPane()Ljava/awt/Component;+4 java.desktop@20.0.1
j  javax.swing.JRootPane.<init>()V+11 java.desktop@20.0.1
j  javax.swing.JFrame.createRootPane()Ljavax/swing/JRootPane;+4 java.desktop@20.0.1
j  javax.swing.JFrame.frameInit()V+16 java.desktop@20.0.1
j  javax.swing.JFrame.<init>()V+20 java.desktop@20.0.1
j  travel.management.forgetpass.<init>()V+1
j  travel.management.forgetpass.main([Ljava/lang/String;)V+4
v  ~StubRoutines::call_stub 0x000002202ebe100d

---------------  P R O C E S S  ---------------

Threads class SMR info:
_java_thread_list=0x0000022040788520, length=14, elements={
0x000002201f5f5bd0, 0x000002203bc8d8a0, 0x000002203bc915c0, 0x000002203bc948f0,
0x000002203bc965a0, 0x000002203bc98b00, 0x000002203bc99180, 0x000002203bca9870,
0x000002203bcaa060, 0x00000220404f4740, 0x00000220405be340, 0x0000022040695bd0,
0x0000022040696120, 0x00000220407887c0
}

Java Threads: ( => current thread )
=>0x000002201f5f5bd0 JavaThread "main" [_thread_in_vm, id=12720, stack(0x0000008669a00000,0x0000008669b00000)]
  0x000002203bc8d8a0 JavaThread "Reference Handler" daemon [_thread_blocked, id=31152, stack(0x000000866a100000,0x000000866a200000)]
  0x000002203bc915c0 JavaThread "Finalizer" daemon [_thread_blocked, id=9440, stack(0x000000866a200000,0x000000866a300000)]
  0x000002203bc948f0 JavaThread "Signal Dispatcher" daemon [_thread_blocked, id=29892, stack(0x000000866a300000,0x000000866a400000)]
  0x000002203bc965a0 JavaThread "Attach Listener" daemon [_thread_blocked, id=31320, stack(0x000000866a400000,0x000000866a500000)]
  0x000002203bc98b00 JavaThread "Service Thread" daemon [_thread_blocked, id=4160, stack(0x000000866a500000,0x000000866a600000)]
  0x000002203bc99180 JavaThread "Monitor Deflation Thread" daemon [_thread_blocked, id=29568, stack(0x000000866a600000,0x000000866a700000)]
  0x000002203bca9870 JavaThread "C2 CompilerThread0" daemon [_thread_blocked, id=31148, stack(0x000000866a700000,0x000000866a800000)]
  0x000002203bcaa060 JavaThread "C1 CompilerThread0" daemon [_thread_blocked, id=31144, stack(0x000000866a800000,0x000000866a900000)]
  0x00000220404f4740 JavaThread "Common-Cleaner" daemon [_thread_blocked, id=31140, stack(0x000000866a900000,0x000000866aa00000)]
  0x00000220405be340 JavaThread "Notification Thread" daemon [_thread_blocked, id=30264, stack(0x000000866aa00000,0x000000866ab00000)]
  0x0000022040695bd0 JavaThread "Java2D Disposer" daemon [_thread_blocked, id=24332, stack(0x000000866ac00000,0x000000866ad00000)]
  0x0000022040696120 JavaThread "AWT-Shutdown" [_thread_blocked, id=28512, stack(0x000000866ad00000,0x000000866ae00000)]
  0x00000220407887c0 JavaThread "AWT-Windows" daemon [_thread_in_native, id=31132, stack(0x000000866ae00000,0x000000866af00000)]

Other Threads:
  0x000002203bc72ee0 VMThread "VM Thread" [stack: 0x000000866a000000,0x000000866a100000] [id=25988]
  0x00000220405c28a0 WatcherThread "VM Periodic Task Thread" [stack: 0x000000866ab00000,0x000000866ac00000] [id=30616]
  0x000002201f654600 WorkerThread "GC Thread#0" [stack: 0x0000008669b00000,0x0000008669c00000] [id=11276]
  0x000002201f663f90 ConcurrentGCThread "G1 Main Marker" [stack: 0x0000008669c00000,0x0000008669d00000] [id=23740]
  0x000002201f664b60 WorkerThread "G1 Conc#0" [stack: 0x0000008669d00000,0x0000008669e00000] [id=23108]
  0x000002203bb36260 ConcurrentGCThread "G1 Refine#0" [stack: 0x0000008669e00000,0x0000008669f00000] [id=31156]
  0x000002203bb36b10 ConcurrentGCThread "G1 Service" [stack: 0x0000008669f00000,0x000000866a000000] [id=29380]

Threads with active compile tasks:

VM state: not at safepoint (normal execution)

VM Mutex/Monitor currently owned by a thread:  ([mutex/lock_event])
[0x000002201f5f00d0] Metaspace_lock - owner thread: 0x000002201f5f5bd0

Heap address: 0x000000008ac00000, size: 1876 MB, Compressed Oops mode: 32-bit

CDS archive(s) mapped at: [0x0000000800000000-0x0000000800c60000-0x0000000800c60000), size 12976128, SharedBaseAddress: 0x0000000800000000, ArchiveRelocationMode: 0.
Compressed class space mapped at: 0x0000000801000000-0x0000000841000000, reserved size: 1073741824
Narrow klass base: 0x0000000800000000, Narrow klass shift: 0, Narrow klass range: 0x100000000

GC Precious Log:
 CardTable entry size: 512
 Card Set container configuration: InlinePtr #cards 5 size 8 Array Of Cards #cards 12 size 40 Howl #buckets 4 coarsen threshold 1843 Howl Bitmap #cards 512 size 80 coarsen threshold 460 Card regions per heap region 1 cards per card region 2048
 CPUs: 12 total, 12 available
 Memory: 7502M
 Large Page Support: Disabled
 NUMA Support: Disabled
 Compressed Oops: Enabled (32-bit)
 Heap Region Size: 1M
 Heap Min Capacity: 8M
 Heap Initial Capacity: 118M
 Heap Max Capacity: 1876M
 Pre-touch: Disabled
 Parallel Workers: 10
 Concurrent Workers: 3
 Concurrent Refinement Workers: 10
 Periodic GC: Disabled

Heap:
 garbage-first heap   total 120832K, used 3072K [0x000000008ac00000, 0x0000000100000000)
  region size 1024K, 4 young (4096K), 0 survivors (0K)
 Metaspace       used 3188K, committed 3328K, reserved 1114112K
  class space    used 313K, committed 384K, reserved 1048576K

Heap Regions: E=young(eden), S=young(survivor), O=old, HS=humongous(starts), HC=humongous(continues), CS=collection set, F=free, OA=open archive, CA=closed archive, TAMS=top-at-mark-start, PB=parsable bottom
|   0|0x000000008ac00000, 0x000000008ac00000, 0x000000008ad00000|  0%| F|  |TAMS 0x000000008ac00000| PB 0x000000008ac00000| Untracked 
|   1|0x000000008ad00000, 0x000000008ad00000, 0x000000008ae00000|  0%| F|  |TAMS 0x000000008ad00000| PB 0x000000008ad00000| Untracked 
|   2|0x000000008ae00000, 0x000000008ae00000, 0x000000008af00000|  0%| F|  |TAMS 0x000000008ae00000| PB 0x000000008ae00000| Untracked 
|   3|0x000000008af00000, 0x000000008af00000, 0x000000008b000000|  0%| F|  |TAMS 0x000000008af00000| PB 0x000000008af00000| Untracked 
|   4|0x000000008b000000, 0x000000008b000000, 0x000000008b100000|  0%| F|  |TAMS 0x000000008b000000| PB 0x000000008b000000| Untracked 
|   5|0x000000008b100000, 0x000000008b100000, 0x000000008b200000|  0%| F|  |TAMS 0x000000008b100000| PB 0x000000008b100000| Untracked 
|   6|0x000000008b200000, 0x000000008b200000, 0x000000008b300000|  0%| F|  |TAMS 0x000000008b200000| PB 0x000000008b200000| Untracked 
|   7|0x000000008b300000, 0x000000008b300000, 0x000000008b400000|  0%| F|  |TAMS 0x000000008b300000| PB 0x000000008b300000| Untracked 
|   8|0x000000008b400000, 0x000000008b400000, 0x000000008b500000|  0%| F|  |TAMS 0x000000008b400000| PB 0x000000008b400000| Untracked 
|   9|0x000000008b500000, 0x000000008b500000, 0x000000008b600000|  0%| F|  |TAMS 0x000000008b500000| PB 0x000000008b500000| Untracked 
|  10|0x000000008b600000, 0x000000008b600000, 0x000000008b700000|  0%| F|  |TAMS 0x000000008b600000| PB 0x000000008b600000| Untracked 
|  11|0x000000008b700000, 0x000000008b700000, 0x000000008b800000|  0%| F|  |TAMS 0x000000008b700000| PB 0x000000008b700000| Untracked 
|  12|0x000000008b800000, 0x000000008b800000, 0x000000008b900000|  0%| F|  |TAMS 0x000000008b800000| PB 0x000000008b800000| Untracked 
|  13|0x000000008b900000, 0x000000008b900000, 0x000000008ba00000|  0%| F|  |TAMS 0x000000008b900000| PB 0x000000008b900000| Untracked 
|  14|0x000000008ba00000, 0x000000008ba00000, 0x000000008bb00000|  0%| F|  |TAMS 0x000000008ba00000| PB 0x000000008ba00000| Untracked 
|  15|0x000000008bb00000, 0x000000008bb00000, 0x000000008bc00000|  0%| F|  |TAMS 0x000000008bb00000| PB 0x000000008bb00000| Untracked 
|  16|0x000000008bc00000, 0x000000008bc00000, 0x000000008bd00000|  0%| F|  |TAMS 0x000000008bc00000| PB 0x000000008bc00000| Untracked 
|  17|0x000000008bd00000, 0x000000008bd00000, 0x000000008be00000|  0%| F|  |TAMS 0x000000008bd00000| PB 0x000000008bd00000| Untracked 
|  18|0x000000008be00000, 0x000000008be00000, 0x000000008bf00000|  0%| F|  |TAMS 0x000000008be00000| PB 0x000000008be00000| Untracked 
|  19|0x000000008bf00000, 0x000000008bf00000, 0x000000008c000000|  0%| F|  |TAMS 0x000000008bf00000| PB 0x000000008bf00000| Untracked 
|  20|0x000000008c000000, 0x000000008c000000, 0x000000008c100000|  0%| F|  |TAMS 0x000000008c000000| PB 0x000000008c000000| Untracked 
|  21|0x000000008c100000, 0x000000008c100000, 0x000000008c200000|  0%| F|  |TAMS 0x000000008c100000| PB 0x000000008c100000| Untracked 
|  22|0x000000008c200000, 0x000000008c200000, 0x000000008c300000|  0%| F|  |TAMS 0x000000008c200000| PB 0x000000008c200000| Untracked 
|  23|0x000000008c300000, 0x000000008c300000, 0x000000008c400000|  0%| F|  |TAMS 0x000000008c300000| PB 0x000000008c300000| Untracked 
|  24|0x000000008c400000, 0x000000008c400000, 0x000000008c500000|  0%| F|  |TAMS 0x000000008c400000| PB 0x000000008c400000| Untracked 
|  25|0x000000008c500000, 0x000000008c500000, 0x000000008c600000|  0%| F|  |TAMS 0x000000008c500000| PB 0x000000008c500000| Untracked 
|  26|0x000000008c600000, 0x000000008c600000, 0x000000008c700000|  0%| F|  |TAMS 0x000000008c600000| PB 0x000000008c600000| Untracked 
|  27|0x000000008c700000, 0x000000008c700000, 0x000000008c800000|  0%| F|  |TAMS 0x000000008c700000| PB 0x000000008c700000| Untracked 
|  28|0x000000008c800000, 0x000000008c800000, 0x000000008c900000|  0%| F|  |TAMS 0x000000008c800000| PB 0x000000008c800000| Untracked 
|  29|0x000000008c900000, 0x000000008c900000, 0x000000008ca00000|  0%| F|  |TAMS 0x000000008c900000| PB 0x000000008c900000| Untracked 
|  30|0x000000008ca00000, 0x000000008ca00000, 0x000000008cb00000|  0%| F|  |TAMS 0x000000008ca00000| PB 0x000000008ca00000| Untracked 
|  31|0x000000008cb00000, 0x000000008cb00000, 0x000000008cc00000|  0%| F|  |TAMS 0x000000008cb00000| PB 0x000000008cb00000| Untracked 
|  32|0x000000008cc00000, 0x000000008cc00000, 0x000000008cd00000|  0%| F|  |TAMS 0x000000008cc00000| PB 0x000000008cc00000| Untracked 
|  33|0x000000008cd00000, 0x000000008cd00000, 0x000000008ce00000|  0%| F|  |TAMS 0x000000008cd00000| PB 0x000000008cd00000| Untracked 
|  34|0x000000008ce00000, 0x000000008ce00000, 0x000000008cf00000|  0%| F|  |TAMS 0x000000008ce00000| PB 0x000000008ce00000| Untracked 
|  35|0x000000008cf00000, 0x000000008cf00000, 0x000000008d000000|  0%| F|  |TAMS 0x000000008cf00000| PB 0x000000008cf00000| Untracked 
|  36|0x000000008d000000, 0x000000008d000000, 0x000000008d100000|  0%| F|  |TAMS 0x000000008d000000| PB 0x000000008d000000| Untracked 
|  37|0x000000008d100000, 0x000000008d100000, 0x000000008d200000|  0%| F|  |TAMS 0x000000008d100000| PB 0x000000008d100000| Untracked 
|  38|0x000000008d200000, 0x000000008d200000, 0x000000008d300000|  0%| F|  |TAMS 0x000000008d200000| PB 0x000000008d200000| Untracked 
|  39|0x000000008d300000, 0x000000008d300000, 0x000000008d400000|  0%| F|  |TAMS 0x000000008d300000| PB 0x000000008d300000| Untracked 
|  40|0x000000008d400000, 0x000000008d400000, 0x000000008d500000|  0%| F|  |TAMS 0x000000008d400000| PB 0x000000008d400000| Untracked 
|  41|0x000000008d500000, 0x000000008d500000, 0x000000008d600000|  0%| F|  |TAMS 0x000000008d500000| PB 0x000000008d500000| Untracked 
|  42|0x000000008d600000, 0x000000008d600000, 0x000000008d700000|  0%| F|  |TAMS 0x000000008d600000| PB 0x000000008d600000| Untracked 
|  43|0x000000008d700000, 0x000000008d700000, 0x000000008d800000|  0%| F|  |TAMS 0x000000008d700000| PB 0x000000008d700000| Untracked 
|  44|0x000000008d800000, 0x000000008d800000, 0x000000008d900000|  0%| F|  |TAMS 0x000000008d800000| PB 0x000000008d800000| Untracked 
|  45|0x000000008d900000, 0x000000008d900000, 0x000000008da00000|  0%| F|  |TAMS 0x000000008d900000| PB 0x000000008d900000| Untracked 
|  46|0x000000008da00000, 0x000000008da00000, 0x000000008db00000|  0%| F|  |TAMS 0x000000008da00000| PB 0x000000008da00000| Untracked 
|  47|0x000000008db00000, 0x000000008db00000, 0x000000008dc00000|  0%| F|  |TAMS 0x000000008db00000| PB 0x000000008db00000| Untracked 
|  48|0x000000008dc00000, 0x000000008dc00000, 0x000000008dd00000|  0%| F|  |TAMS 0x000000008dc00000| PB 0x000000008dc00000| Untracked 
|  49|0x000000008dd00000, 0x000000008dd00000, 0x000000008de00000|  0%| F|  |TAMS 0x000000008dd00000| PB 0x000000008dd00000| Untracked 
|  50|0x000000008de00000, 0x000000008de00000, 0x000000008df00000|  0%| F|  |TAMS 0x000000008de00000| PB 0x000000008de00000| Untracked 
|  51|0x000000008df00000, 0x000000008df00000, 0x000000008e000000|  0%| F|  |TAMS 0x000000008df00000| PB 0x000000008df00000| Untracked 
|  52|0x000000008e000000, 0x000000008e000000, 0x000000008e100000|  0%| F|  |TAMS 0x000000008e000000| PB 0x000000008e000000| Untracked 
|  53|0x000000008e100000, 0x000000008e100000, 0x000000008e200000|  0%| F|  |TAMS 0x000000008e100000| PB 0x000000008e100000| Untracked 
|  54|0x000000008e200000, 0x000000008e200000, 0x000000008e300000|  0%| F|  |TAMS 0x000000008e200000| PB 0x000000008e200000| Untracked 
|  55|0x000000008e300000, 0x000000008e300000, 0x000000008e400000|  0%| F|  |TAMS 0x000000008e300000| PB 0x000000008e300000| Untracked 
|  56|0x000000008e400000, 0x000000008e400000, 0x000000008e500000|  0%| F|  |TAMS 0x000000008e400000| PB 0x000000008e400000| Untracked 
|  57|0x000000008e500000, 0x000000008e500000, 0x000000008e600000|  0%| F|  |TAMS 0x000000008e500000| PB 0x000000008e500000| Untracked 
|  58|0x000000008e600000, 0x000000008e600000, 0x000000008e700000|  0%| F|  |TAMS 0x000000008e600000| PB 0x000000008e600000| Untracked 
|  59|0x000000008e700000, 0x000000008e700000, 0x000000008e800000|  0%| F|  |TAMS 0x000000008e700000| PB 0x000000008e700000| Untracked 
|  60|0x000000008e800000, 0x000000008e800000, 0x000000008e900000|  0%| F|  |TAMS 0x000000008e800000| PB 0x000000008e800000| Untracked 
|  61|0x000000008e900000, 0x000000008e900000, 0x000000008ea00000|  0%| F|  |TAMS 0x000000008e900000| PB 0x000000008e900000| Untracked 
|  62|0x000000008ea00000, 0x000000008ea00000, 0x000000008eb00000|  0%| F|  |TAMS 0x000000008ea00000| PB 0x000000008ea00000| Untracked 
|  63|0x000000008eb00000, 0x000000008eb00000, 0x000000008ec00000|  0%| F|  |TAMS 0x000000008eb00000| PB 0x000000008eb00000| Untracked 
|  64|0x000000008ec00000, 0x000000008ec00000, 0x000000008ed00000|  0%| F|  |TAMS 0x000000008ec00000| PB 0x000000008ec00000| Untracked 
|  65|0x000000008ed00000, 0x000000008ed00000, 0x000000008ee00000|  0%| F|  |TAMS 0x000000008ed00000| PB 0x000000008ed00000| Untracked 
|  66|0x000000008ee00000, 0x000000008ee00000, 0x000000008ef00000|  0%| F|  |TAMS 0x000000008ee00000| PB 0x000000008ee00000| Untracked 
|  67|0x000000008ef00000, 0x000000008ef00000, 0x000000008f000000|  0%| F|  |TAMS 0x000000008ef00000| PB 0x000000008ef00000| Untracked 
|  68|0x000000008f000000, 0x000000008f000000, 0x000000008f100000|  0%| F|  |TAMS 0x000000008f000000| PB 0x000000008f000000| Untracked 
|  69|0x000000008f100000, 0x000000008f100000, 0x000000008f200000|  0%| F|  |TAMS 0x000000008f100000| PB 0x000000008f100000| Untracked 
|  70|0x000000008f200000, 0x000000008f200000, 0x000000008f300000|  0%| F|  |TAMS 0x000000008f200000| PB 0x000000008f200000| Untracked 
|  71|0x000000008f300000, 0x000000008f300000, 0x000000008f400000|  0%| F|  |TAMS 0x000000008f300000| PB 0x000000008f300000| Untracked 
|  72|0x000000008f400000, 0x000000008f400000, 0x000000008f500000|  0%| F|  |TAMS 0x000000008f400000| PB 0x000000008f400000| Untracked 
|  73|0x000000008f500000, 0x000000008f500000, 0x000000008f600000|  0%| F|  |TAMS 0x000000008f500000| PB 0x000000008f500000| Untracked 
|  74|0x000000008f600000, 0x000000008f600000, 0x000000008f700000|  0%| F|  |TAMS 0x000000008f600000| PB 0x000000008f600000| Untracked 
|  75|0x000000008f700000, 0x000000008f700000, 0x000000008f800000|  0%| F|  |TAMS 0x000000008f700000| PB 0x000000008f700000| Untracked 
|  76|0x000000008f800000, 0x000000008f800000, 0x000000008f900000|  0%| F|  |TAMS 0x000000008f800000| PB 0x000000008f800000| Untracked 
|  77|0x000000008f900000, 0x000000008f900000, 0x000000008fa00000|  0%| F|  |TAMS 0x000000008f900000| PB 0x000000008f900000| Untracked 
|  78|0x000000008fa00000, 0x000000008fa00000, 0x000000008fb00000|  0%| F|  |TAMS 0x000000008fa00000| PB 0x000000008fa00000| Untracked 
|  79|0x000000008fb00000, 0x000000008fb00000, 0x000000008fc00000|  0%| F|  |TAMS 0x000000008fb00000| PB 0x000000008fb00000| Untracked 
|  80|0x000000008fc00000, 0x000000008fc00000, 0x000000008fd00000|  0%| F|  |TAMS 0x000000008fc00000| PB 0x000000008fc00000| Untracked 
|  81|0x000000008fd00000, 0x000000008fd00000, 0x000000008fe00000|  0%| F|  |TAMS 0x000000008fd00000| PB 0x000000008fd00000| Untracked 
|  82|0x000000008fe00000, 0x000000008fe00000, 0x000000008ff00000|  0%| F|  |TAMS 0x000000008fe00000| PB 0x000000008fe00000| Untracked 
|  83|0x000000008ff00000, 0x000000008ff00000, 0x0000000090000000|  0%| F|  |TAMS 0x000000008ff00000| PB 0x000000008ff00000| Untracked 
|  84|0x0000000090000000, 0x0000000090000000, 0x0000000090100000|  0%| F|  |TAMS 0x0000000090000000| PB 0x0000000090000000| Untracked 
|  85|0x0000000090100000, 0x0000000090100000, 0x0000000090200000|  0%| F|  |TAMS 0x0000000090100000| PB 0x0000000090100000| Untracked 
|  86|0x0000000090200000, 0x0000000090200000, 0x0000000090300000|  0%| F|  |TAMS 0x0000000090200000| PB 0x0000000090200000| Untracked 
|  87|0x0000000090300000, 0x0000000090300000, 0x0000000090400000|  0%| F|  |TAMS 0x0000000090300000| PB 0x0000000090300000| Untracked 
|  88|0x0000000090400000, 0x0000000090400000, 0x0000000090500000|  0%| F|  |TAMS 0x0000000090400000| PB 0x0000000090400000| Untracked 
|  89|0x0000000090500000, 0x0000000090500000, 0x0000000090600000|  0%| F|  |TAMS 0x0000000090500000| PB 0x0000000090500000| Untracked 
|  90|0x0000000090600000, 0x0000000090600000, 0x0000000090700000|  0%| F|  |TAMS 0x0000000090600000| PB 0x0000000090600000| Untracked 
|  91|0x0000000090700000, 0x0000000090700000, 0x0000000090800000|  0%| F|  |TAMS 0x0000000090700000| PB 0x0000000090700000| Untracked 
|  92|0x0000000090800000, 0x0000000090800000, 0x0000000090900000|  0%| F|  |TAMS 0x0000000090800000| PB 0x0000000090800000| Untracked 
|  93|0x0000000090900000, 0x0000000090900000, 0x0000000090a00000|  0%| F|  |TAMS 0x0000000090900000| PB 0x0000000090900000| Untracked 
|  94|0x0000000090a00000, 0x0000000090a00000, 0x0000000090b00000|  0%| F|  |TAMS 0x0000000090a00000| PB 0x0000000090a00000| Untracked 
|  95|0x0000000090b00000, 0x0000000090b00000, 0x0000000090c00000|  0%| F|  |TAMS 0x0000000090b00000| PB 0x0000000090b00000| Untracked 
|  96|0x0000000090c00000, 0x0000000090c00000, 0x0000000090d00000|  0%| F|  |TAMS 0x0000000090c00000| PB 0x0000000090c00000| Untracked 
|  97|0x0000000090d00000, 0x0000000090d00000, 0x0000000090e00000|  0%| F|  |TAMS 0x0000000090d00000| PB 0x0000000090d00000| Untracked 
|  98|0x0000000090e00000, 0x0000000090e00000, 0x0000000090f00000|  0%| F|  |TAMS 0x0000000090e00000| PB 0x0000000090e00000| Untracked 
|  99|0x0000000090f00000, 0x0000000090f00000, 0x0000000091000000|  0%| F|  |TAMS 0x0000000090f00000| PB 0x0000000090f00000| Untracked 
| 100|0x0000000091000000, 0x0000000091000000, 0x0000000091100000|  0%| F|  |TAMS 0x0000000091000000| PB 0x0000000091000000| Untracked 
| 101|0x0000000091100000, 0x0000000091100000, 0x0000000091200000|  0%| F|  |TAMS 0x0000000091100000| PB 0x0000000091100000| Untracked 
| 102|0x0000000091200000, 0x0000000091200000, 0x0000000091300000|  0%| F|  |TAMS 0x0000000091200000| PB 0x0000000091200000| Untracked 
| 103|0x0000000091300000, 0x0000000091300000, 0x0000000091400000|  0%| F|  |TAMS 0x0000000091300000| PB 0x0000000091300000| Untracked 
| 104|0x0000000091400000, 0x0000000091400000, 0x0000000091500000|  0%| F|  |TAMS 0x0000000091400000| PB 0x0000000091400000| Untracked 
| 105|0x0000000091500000, 0x0000000091500000, 0x0000000091600000|  0%| F|  |TAMS 0x0000000091500000| PB 0x0000000091500000| Untracked 
| 106|0x0000000091600000, 0x0000000091600000, 0x0000000091700000|  0%| F|  |TAMS 0x0000000091600000| PB 0x0000000091600000| Untracked 
| 107|0x0000000091700000, 0x0000000091700000, 0x0000000091800000|  0%| F|  |TAMS 0x0000000091700000| PB 0x0000000091700000| Untracked 
| 108|0x0000000091800000, 0x0000000091800000, 0x0000000091900000|  0%| F|  |TAMS 0x0000000091800000| PB 0x0000000091800000| Untracked 
| 109|0x0000000091900000, 0x0000000091900000, 0x0000000091a00000|  0%| F|  |TAMS 0x0000000091900000| PB 0x0000000091900000| Untracked 
| 110|0x0000000091a00000, 0x0000000091a00000, 0x0000000091b00000|  0%| F|  |TAMS 0x0000000091a00000| PB 0x0000000091a00000| Untracked 
| 111|0x0000000091b00000, 0x0000000091b00000, 0x0000000091c00000|  0%| F|  |TAMS 0x0000000091b00000| PB 0x0000000091b00000| Untracked 
| 112|0x0000000091c00000, 0x0000000091c00000, 0x0000000091d00000|  0%| F|  |TAMS 0x0000000091c00000| PB 0x0000000091c00000| Untracked 
| 113|0x0000000091d00000, 0x0000000091d00000, 0x0000000091e00000|  0%| F|  |TAMS 0x0000000091d00000| PB 0x0000000091d00000| Untracked 
| 114|0x0000000091e00000, 0x0000000091f00000, 0x0000000091f00000|100%| E|  |TAMS 0x0000000091e00000| PB 0x0000000091e00000| Complete 
| 115|0x0000000091f00000, 0x0000000092000000, 0x0000000092000000|100%| E|CS|TAMS 0x0000000091f00000| PB 0x0000000091f00000| Complete 
| 116|0x0000000092000000, 0x0000000092100000, 0x0000000092100000|100%| E|CS|TAMS 0x0000000092000000| PB 0x0000000092000000| Complete 
| 117|0x0000000092100000, 0x0000000092200000, 0x0000000092200000|100%| E|CS|TAMS 0x0000000092100000| PB 0x0000000092100000| Complete 

Card table byte_map: [0x0000022036fb0000,0x0000022037360000] _byte_map_base: 0x0000022036b5a000

Marking Bits: (CMBitMap*) 0x000002201f654c30
 Bits: [0x0000022037710000, 0x0000022039460000)

Polling page: 0x000002201edc0000

Metaspace:

Usage:
  Non-class:      2.81 MB used.
      Class:    313.48 KB used.
       Both:      3.11 MB used.

Virtual space:
  Non-class space:       64.00 MB reserved,       2.88 MB (  4%) committed,  1 nodes.
      Class space:        1.00 GB reserved,     384.00 KB ( <1%) committed,  1 nodes.
             Both:        1.06 GB reserved,       3.25 MB ( <1%) committed. 

Chunk freelists:
   Non-Class:  3.91 MB
       Class:  3.57 MB
        Both:  7.49 MB

MaxMetaspaceSize: unlimited
CompressedClassSpaceSize: 1.00 GB
Initial GC threshold: 21.00 MB
Current GC threshold: 21.00 MB
CDS: on
MetaspaceReclaimPolicy: balanced
 - commit_granule_bytes: 65536.
 - commit_granule_words: 8192.
 - virtual_space_node_default_size: 8388608.
 - enlarge_chunks_in_place: 1.
 - new_chunks_are_fully_committed: 0.
 - uncommit_free_chunks: 1.
 - use_allocation_guard: 0.


Internal statistics:

num_allocs_failed_limit: 0.
num_arena_births: 90.
num_arena_deaths: 0.
num_vsnodes_births: 2.
num_vsnodes_deaths: 0.
num_space_committed: 52.
num_space_uncommitted: 0.
num_chunks_returned_to_freelist: 0.
num_chunks_taken_from_freelist: 109.
num_chunk_merges: 0.
num_chunk_splits: 64.
num_chunks_enlarged: 23.
num_inconsistent_stats: 0.

CodeHeap 'non-profiled nmethods': size=120000Kb used=130Kb max_used=130Kb free=119869Kb
 bounds [0x000002202f180000, 0x000002202f3f0000, 0x00000220366b0000]
CodeHeap 'profiled nmethods': size=120000Kb used=474Kb max_used=474Kb free=119525Kb
 bounds [0x00000220276b0000, 0x0000022027920000, 0x000002202ebe0000]
CodeHeap 'non-nmethods': size=5760Kb used=1447Kb max_used=1457Kb free=4312Kb
 bounds [0x000002202ebe0000, 0x000002202ee50000, 0x000002202f180000]
 total_blobs=869 nmethods=385 adapters=395
 compilation: enabled
              stopped_count=0, restarted_count=0
 full_count=0

Compilation events (20 events):
Event: 0.493 Thread 0x000002203bcaa060  371       3       jdk.internal.org.objectweb.asm.ByteVector::putByteArray (49 bytes)
Event: 0.493 Thread 0x000002203bcaa060 nmethod 371 0x000002202771f510 code [0x000002202771f6c0, 0x000002202771f990]
Event: 0.493 Thread 0x000002203bcaa060  372       1       java.util.ArrayList::size (5 bytes)
Event: 0.493 Thread 0x000002203bcaa060 nmethod 372 0x000002202f19f190 code [0x000002202f19f300, 0x000002202f19f3c8]
Event: 0.494 Thread 0x000002203bcaa060  375       3       java.lang.invoke.MemberName::getName (25 bytes)
Event: 0.494 Thread 0x000002203bcaa060 nmethod 375 0x000002202771fa90 code [0x000002202771fc40, 0x000002202771ffc0]
Event: 0.494 Thread 0x000002203bcaa060  376       3       jdk.internal.org.objectweb.asm.SymbolTable::hash (15 bytes)
Event: 0.495 Thread 0x000002203bcaa060 nmethod 376 0x0000022027720090 code [0x0000022027720220, 0x0000022027720390]
Event: 0.495 Thread 0x000002203bcaa060  378       3       java.lang.invoke.InvokerBytecodeGenerator::getInternalName (103 bytes)
Event: 0.495 Thread 0x000002203bcaa060 nmethod 378 0x0000022027720490 code [0x0000022027720680, 0x0000022027720bc8]
Event: 0.495 Thread 0x000002203bcaa060  377       3       jdk.internal.org.objectweb.asm.SymbolTable$Entry::<init> (18 bytes)
Event: 0.495 Thread 0x000002203bcaa060 nmethod 377 0x0000022027720d10 code [0x0000022027720ea0, 0x0000022027721018]
Event: 0.495 Thread 0x000002203bcaa060  379       3       jdk.internal.org.objectweb.asm.Type::getArgumentsAndReturnSizes (140 bytes)
Event: 0.496 Thread 0x000002203bca9870  382       4       java.lang.invoke.MethodType::parameterType (7 bytes)
Event: 0.497 Thread 0x000002203bca9870 nmethod 382 0x000002202f1a0090 code [0x000002202f1a0200, 0x000002202f1a02c0]
Event: 0.498 Thread 0x000002203bcaa060 nmethod 379 0x0000022027721110 code [0x00000220277214e0, 0x00000220277232f0]
Event: 0.498 Thread 0x000002203bcaa060  381       3       java.lang.invoke.InvokerBytecodeGenerator::emitImplicitConversion (161 bytes)
Event: 0.499 Thread 0x000002203bcaa060 nmethod 381 0x0000022027723e10 code [0x0000022027724100, 0x0000022027724ed0]
Event: 0.499 Thread 0x000002203bcaa060  380       3       java.lang.invoke.MethodType::insertParameterTypes (121 bytes)
Event: 0.500 Thread 0x000002203bcaa060 nmethod 380 0x0000022027725390 code [0x0000022027725660, 0x0000022027726548]

GC Heap History (0 events):
No events

Dll operation events (6 events):
Event: 0.022 Loaded shared library C:\Program Files\Java\jdk-20\bin\java.dll
Event: 0.038 Loaded shared library C:\Program Files\Java\jdk-20\bin\jsvml.dll
Event: 0.140 Loaded shared library C:\Program Files\Java\jdk-20\bin\net.dll
Event: 0.146 Loaded shared library C:\Program Files\Java\jdk-20\bin\nio.dll
Event: 0.211 Loaded shared library C:\Program Files\Java\jdk-20\bin\jimage.dll
Event: 0.246 Loaded shared library C:\Program Files\Java\jdk-20\bin\awt.dll

Deoptimization events (0 events):
No events

Classes loaded (20 events):
Event: 0.490 Loading class sun/awt/OSInfo
Event: 0.490 Loading class sun/awt/OSInfo done
Event: 0.490 Loading class sun/awt/OSInfo$WindowsVersion
Event: 0.490 Loading class sun/awt/OSInfo$WindowsVersion done
Event: 0.498 Loading class sun/awt/OSInfo$1
Event: 0.499 Loading class sun/awt/OSInfo$1 done
Event: 0.499 Loading class sun/awt/OSInfo$OSType
Event: 0.499 Loading class sun/awt/OSInfo$OSType done
Event: 0.499 Loading class sun/awt/HeadlessToolkit
Event: 0.499 Loading class sun/awt/HeadlessToolkit done
Event: 0.499 Loading class sun/awt/windows/WDesktopProperties
Event: 0.500 Loading class sun/awt/windows/WDesktopProperties done
Event: 0.500 Loading class sun/awt/windows/ThemeReader
Event: 0.500 Loading class sun/awt/windows/ThemeReader done
Event: 0.500 Loading class java/util/concurrent/locks/ReentrantReadWriteLock
Event: 0.500 Loading class java/util/concurrent/locks/ReadWriteLock
Event: 0.500 Loading class java/util/concurrent/locks/ReadWriteLock done
Event: 0.501 Loading class java/util/concurrent/locks/ReentrantReadWriteLock done
Event: 0.501 Loading class java/util/concurrent/locks/ReentrantReadWriteLock$NonfairSync
Event: 0.501 Loading class java/util/concurrent/locks/ReentrantReadWriteLock$Sync

Classes unloaded (0 events):
No events

Classes redefined (0 events):
No events

Internal exceptions (9 events):
Event: 0.149 Thread 0x000002201f5f5bd0 Exception <a 'sun/nio/fs/WindowsException'{0x0000000092043d30}> (0x0000000092043d30) 
thrown [s\open\src\hotspot\share\prims\jni.cpp, line 519]
Event: 0.154 Thread 0x000002201f5f5bd0 Exception <a 'sun/nio/fs/WindowsException'{0x0000000092046300}> (0x0000000092046300) 
thrown [s\open\src\hotspot\share\prims\jni.cpp, line 519]
Event: 0.154 Thread 0x000002201f5f5bd0 Exception <a 'sun/nio/fs/WindowsException'{0x0000000092046e80}> (0x0000000092046e80) 
thrown [s\open\src\hotspot\share\prims\jni.cpp, line 519]
Event: 0.155 Thread 0x000002201f5f5bd0 Exception <a 'sun/nio/fs/WindowsException'{0x00000000920479e8}> (0x00000000920479e8) 
thrown [s\open\src\hotspot\share\prims\jni.cpp, line 519]
Event: 0.155 Thread 0x000002201f5f5bd0 Exception <a 'sun/nio/fs/WindowsException'{0x0000000092048538}> (0x0000000092048538) 
thrown [s\open\src\hotspot\share\prims\jni.cpp, line 519]
Event: 0.156 Thread 0x000002201f5f5bd0 Exception <a 'sun/nio/fs/WindowsException'{0x0000000092049088}> (0x0000000092049088) 
thrown [s\open\src\hotspot\share\prims\jni.cpp, line 519]
Event: 0.226 Thread 0x000002201f5f5bd0 Exception <a 'java/lang/ClassNotFoundException'{0x0000000091f722f8}: sun/awt/resources/spi/awtProvider> (0x0000000091f722f8) 
thrown [s\open\src\hotspot\share\classfile\systemDictionary.cpp, line 305]
Event: 0.269 Thread 0x000002201f5f5bd0 Exception <a 'java/io/FileNotFoundException'{0x0000000091fc8c60}> (0x0000000091fc8c60) 
thrown [s\open\src\hotspot\share\prims\jni.cpp, line 519]
Event: 0.283 Thread 0x000002201f5f5bd0 Exception <a 'java/io/FileNotFoundException'{0x0000000091ff2e60}> (0x0000000091ff2e60) 
thrown [s\open\src\hotspot\share\prims\jni.cpp, line 519]

VM Operations (2 events):
Event: 0.158 Executing VM operation: HandshakeAllThreads
Event: 0.159 Executing VM operation: HandshakeAllThreads done

Events (14 events):
Event: 0.039 Thread 0x000002201f5f5bd0 Thread added: 0x000002201f5f5bd0
Event: 0.068 Thread 0x000002203bc8d8a0 Thread added: 0x000002203bc8d8a0
Event: 0.068 Thread 0x000002203bc915c0 Thread added: 0x000002203bc915c0
Event: 0.069 Thread 0x000002203bc948f0 Thread added: 0x000002203bc948f0
Event: 0.070 Thread 0x000002203bc965a0 Thread added: 0x000002203bc965a0
Event: 0.070 Thread 0x000002203bc98b00 Thread added: 0x000002203bc98b00
Event: 0.070 Thread 0x000002203bc99180 Thread added: 0x000002203bc99180
Event: 0.070 Thread 0x000002203bca9870 Thread added: 0x000002203bca9870
Event: 0.071 Thread 0x000002203bcaa060 Thread added: 0x000002203bcaa060
Event: 0.113 Thread 0x00000220404f4740 Thread added: 0x00000220404f4740
Event: 0.181 Thread 0x00000220405be340 Thread added: 0x00000220405be340
Event: 0.364 Thread 0x0000022040695bd0 Thread added: 0x0000022040695bd0
Event: 0.368 Thread 0x0000022040696120 Thread added: 0x0000022040696120
Event: 0.372 Thread 0x00000220407887c0 Thread added: 0x00000220407887c0


Dynamic libraries:
0x00007ff6e1550000 - 0x00007ff6e1560000 	C:\Program Files\Java\jdk-20\bin\java.exe
0x00007ffb664b0000 - 0x00007ffb666c4000 	C:\WINDOWS\SYSTEM32\ntdll.dll
0x00007ffb64b80000 - 0x00007ffb64c44000 	C:\WINDOWS\System32\KERNEL32.DLL
0x00007ffb639d0000 - 0x00007ffb63d74000 	C:\WINDOWS\System32\KERNELBASE.dll
0x00007ffb63d80000 - 0x00007ffb63e91000 	C:\WINDOWS\System32\ucrtbase.dll
0x00007ffb60b20000 - 0x00007ffb60b3b000 	C:\Program Files\Java\jdk-20\bin\VCRUNTIME140.dll
0x00007ffb5ebc0000 - 0x00007ffb5ebd9000 	C:\Program Files\Java\jdk-20\bin\jli.dll
0x00007ffb64ee0000 - 0x00007ffb64f90000 	C:\WINDOWS\System32\ADVAPI32.dll
0x00007ffb65780000 - 0x00007ffb65827000 	C:\WINDOWS\System32\msvcrt.dll
0x00007ffb65320000 - 0x00007ffb653c6000 	C:\WINDOWS\System32\sechost.dll
0x00007ffb66240000 - 0x00007ffb66357000 	C:\WINDOWS\System32\RPCRT4.dll
0x00007ffb65490000 - 0x00007ffb6563e000 	C:\WINDOWS\System32\USER32.dll
0x00007ffb639a0000 - 0x00007ffb639c6000 	C:\WINDOWS\System32\win32u.dll
0x00007ffb65410000 - 0x00007ffb65439000 	C:\WINDOWS\System32\GDI32.dll
0x00007ffb63f40000 - 0x00007ffb64058000 	C:\WINDOWS\System32\gdi32full.dll
0x00007ffb4cf10000 - 0x00007ffb4d1a3000 	C:\WINDOWS\WinSxS\amd64_microsoft.windows.common-controls_6595b64144ccf1df_6.0.22621.2215_none_270d72677387dfc3\COMCTL32.dll
0x00007ffb63ea0000 - 0x00007ffb63f3a000 	C:\WINDOWS\System32\msvcp_win.dll
0x00007ffb5a7d0000 - 0x00007ffb5a7da000 	C:\WINDOWS\SYSTEM32\VERSION.dll
0x00007ffb64e90000 - 0x00007ffb64ec1000 	C:\WINDOWS\System32\IMM32.DLL
0x00007ffb5ea20000 - 0x00007ffb5ea2c000 	C:\Program Files\Java\jdk-20\bin\vcruntime140_1.dll
0x00007ffb4db90000 - 0x00007ffb4dc1e000 	C:\Program Files\Java\jdk-20\bin\msvcp140.dll
0x00007ffafd150000 - 0x00007ffafdde7000 	C:\Program Files\Java\jdk-20\bin\server\jvm.dll
0x00007ffb60b10000 - 0x00007ffb60b19000 	C:\WINDOWS\SYSTEM32\WSOCK32.dll
0x00007ffb5c760000 - 0x00007ffb5c794000 	C:\WINDOWS\SYSTEM32\WINMM.dll
0x00007ffb64c50000 - 0x00007ffb64cc1000 	C:\WINDOWS\System32\WS2_32.dll
0x00007ffb628b0000 - 0x00007ffb628c8000 	C:\WINDOWS\SYSTEM32\kernel.appcore.dll
0x00007ffb5c9a0000 - 0x00007ffb5c9aa000 	C:\Program Files\Java\jdk-20\bin\jimage.dll
0x00007ffb50aa0000 - 0x00007ffb50cce000 	C:\WINDOWS\SYSTEM32\DBGHELP.DLL
0x00007ffb64f90000 - 0x00007ffb6531a000 	C:\WINDOWS\System32\combase.dll
0x00007ffb65cb0000 - 0x00007ffb65d87000 	C:\WINDOWS\System32\OLEAUT32.dll
0x00007ffb47300000 - 0x00007ffb47332000 	C:\WINDOWS\SYSTEM32\dbgcore.DLL
0x00007ffb63920000 - 0x00007ffb6399a000 	C:\WINDOWS\System32\bcryptPrimitives.dll
0x00007ffb4fde0000 - 0x00007ffb4fe06000 	C:\Program Files\Java\jdk-20\bin\java.dll
0x00007ffb10090000 - 0x00007ffb10167000 	C:\Program Files\Java\jdk-20\bin\jsvml.dll
0x00007ffb64350000 - 0x00007ffb64b73000 	C:\WINDOWS\System32\SHELL32.dll
0x00007ffb617b0000 - 0x00007ffb6209a000 	C:\WINDOWS\SYSTEM32\windows.storage.dll
0x00007ffb61670000 - 0x00007ffb617ae000 	C:\WINDOWS\SYSTEM32\wintypes.dll
0x00007ffb66370000 - 0x00007ffb66463000 	C:\WINDOWS\System32\SHCORE.dll
0x00007ffb65640000 - 0x00007ffb6569e000 	C:\WINDOWS\System32\shlwapi.dll
0x00007ffb63790000 - 0x00007ffb637b6000 	C:\WINDOWS\SYSTEM32\profapi.dll
0x00007ffb508a0000 - 0x00007ffb508b3000 	C:\Program Files\Java\jdk-20\bin\net.dll
0x00007ffb5e290000 - 0x00007ffb5e3c7000 	C:\WINDOWS\SYSTEM32\WINHTTP.dll
0x00007ffb62da0000 - 0x00007ffb62e09000 	C:\WINDOWS\system32\mswsock.dll
0x00007ffb4f480000 - 0x00007ffb4f496000 	C:\Program Files\Java\jdk-20\bin\nio.dll
0x00007ffb0bcf0000 - 0x00007ffb0be81000 	C:\Program Files\Java\jdk-20\bin\awt.dll
0x00007ffb60bc0000 - 0x00007ffb60c57000 	C:\WINDOWS\SYSTEM32\apphelp.dll
0x00007ffb61000000 - 0x00007ffb6102b000 	C:\WINDOWS\system32\DWMAPI.DLL
0x00007ffb60d60000 - 0x00007ffb60e0b000 	C:\WINDOWS\system32\uxtheme.dll
0x00007ffb09640000 - 0x00007ffb09740000 	C:\WINDOWS\system32\opengl32.dll
0x00007ffb4f400000 - 0x00007ffb4f42d000 	C:\WINDOWS\SYSTEM32\GLU32.dll
0x00007ffb60e80000 - 0x00007ffb60eb8000 	C:\WINDOWS\SYSTEM32\dxcore.dll
0x00007ffb65e40000 - 0x00007ffb65f89000 	C:\WINDOWS\System32\MSCTF.dll
0x00007ffb65f90000 - 0x00007ffb6612e000 	C:\WINDOWS\System32\ole32.dll
0x00007ffb3bb90000 - 0x00007ffb3bd39000 	C:\WINDOWS\system32\d3d9.dll
0x00007ffb59d70000 - 0x00007ffb59f2b000 	C:\WINDOWS\System32\DriverStore\FileRepository\u0387389.inf_amd64_995be970e30b8c79\B385477\aticfx64.dll
0x00007ffb3c200000 - 0x00007ffb3c234000 	C:\WINDOWS\System32\DriverStore\FileRepository\u0387389.inf_amd64_995be970e30b8c79\B385477\atiu9p64.dll
0x00007ffb0f250000 - 0x00007ffb0ffa5000 	C:\WINDOWS\System32\DriverStore\FileRepository\u0387389.inf_amd64_995be970e30b8c79\B385477\atiumd64.dll
0x00007ffb5a880000 - 0x00007ffb5a8b5000 	C:\WINDOWS\SYSTEM32\amdihk64.dll
0x00007ffb5d4d0000 - 0x00007ffb5d51a000 	C:\WINDOWS\SYSTEM32\directxdatabasehelper.dll

dbghelp: loaded successfully - version: 4.0.5 - missing functions: none
symbol engine: initialized successfully - sym options: 0x614 - pdb path: .;C:\Program Files\Java\jdk-20\bin;C:\WINDOWS\SYSTEM32;C:\WINDOWS\WinSxS\amd64_microsoft.windows.common-controls_6595b64144ccf1df_6.0.22621.2215_none_270d72677387dfc3;C:\Program Files\Java\jdk-20\bin\server;C:\WINDOWS\System32\DriverStore\FileRepository\u0387389.inf_amd64_995be970e30b8c79\B385477

VM Arguments:
jvm_args: -Dfile.encoding=UTF-8 --module-path=C:\Users\rohit\OneDrive\Documents\NetBeansProjects\Travel Management\build\classes 
java_command: travel.management.forgetpass
java_class_path (initial): C:\Users\rohit\OneDrive\Documents\NetBeansProjects\Travel Management\build\classes
Launcher Type: SUN_STANDARD

[Global flags]
     intx CICompilerCount                          = 4                                         {product} {ergonomic}
     uint ConcGCThreads                            = 3                                         {product} {ergonomic}
     uint G1ConcRefinementThreads                  = 10                                        {product} {ergonomic}
   size_t G1HeapRegionSize                         = 1048576                                   {product} {ergonomic}
    uintx GCDrainStackTargetSize                   = 64                                        {product} {ergonomic}
   size_t InitialHeapSize                          = 123731968                                 {product} {ergonomic}
   size_t MarkStackSize                            = 4194304                                   {product} {ergonomic}
   size_t MaxHeapSize                              = 1967128576                                {product} {ergonomic}
   size_t MaxNewSize                               = 1179648000                                {product} {ergonomic}
   size_t MinHeapDeltaBytes                        = 1048576                                   {product} {ergonomic}
   size_t MinHeapSize                              = 8388608                                   {product} {ergonomic}
    uintx NonNMethodCodeHeapSize                   = 5839372                                {pd product} {ergonomic}
    uintx NonProfiledCodeHeapSize                  = 122909434                              {pd product} {ergonomic}
    uintx ProfiledCodeHeapSize                     = 122909434                              {pd product} {ergonomic}
    uintx ReservedCodeCacheSize                    = 251658240                              {pd product} {ergonomic}
     bool SegmentedCodeCache                       = true                                      {product} {ergonomic}
   size_t SoftMaxHeapSize                          = 1967128576                             {manageable} {ergonomic}
     bool UseCompressedClassPointers               = true                           {product lp64_product} {ergonomic}
     bool UseCompressedOops                        = true                           {product lp64_product} {ergonomic}
     bool UseG1GC                                  = true                                      {product} {ergonomic}
     bool UseLargePagesIndividualAllocation        = false                                  {pd product} {ergonomic}

Logging:
Log output configuration:
 #0: stdout all=warning uptime,level,tags foldmultilines=false
 #1: stderr all=off uptime,level,tags foldmultilines=false

Environment Variables:
JAVA_HOME=C:\Program Files\Java\jdk-20\bin
CLASSPATH=C:\Program Files\Java\jdk-20\bin\*.jar
PATH=C:\Program Files\Java\jdk-20\bin;C:\Program Files\Common Files\Oracle\Java\javapath;C:\Program Files (x86)\Common Files\Oracle\Java\javapath;C:\oraclexe\app\oracle\product\11.2.0\server\bin;C:\ProgramData\Oracle\Java\javapath;C:\WINDOWS\system32;C:\WINDOWS;C:\WINDOWS\System32\Wbem;C:\WINDOWS\System32\WindowsPowerShell\v1.0\;C:\WINDOWS\System32\OpenSSH\;C:\Program Files\Git\cmd;C:\Program Files\nodejs\;C:\ProgramData\chocolatey\bin;C:\Program Files\Java\jdk1.8.0_101\bin;C:\Program Files\Java\jdk-20\bin;C:\Program Files\Common Files\Oracle\Java\javapath;C:\Program Files (x86)\Common Files\Oracle\Java\javapath;C:\oraclexe\app\oracle\product\11.2.0\server\bin;C:\ProgramData\Oracle\Java\javapath;C:\WINDOWS\system32;C:\WINDOWS;C:\WINDOWS\System32\Wbem;C:\WINDOWS\System32\WindowsPowerShell\v1.0\;C:\WINDOWS\System32\OpenSSH\;C:\Program Files\Git\cmd;C:\Program Files\nodejs\;C:\ProgramData\chocolatey\bin;;C:\Users\rohit\AppData\Local\Programs\Microsoft VS Code\bin;C:\Users\rohit\AppData\Roaming\npm;C:\Users\rohit\AppData\Local\Google\Cloud SDK\google-cloud-sdk\bin;C:\Program Files\Java\jdk-20\bin;
USERNAME=rohit
OS=Windows_NT
PROCESSOR_IDENTIFIER=AMD64 Family 23 Model 104 Stepping 1, AuthenticAMD
TMP=C:\Users\rohit\AppData\Local\Temp
TEMP=C:\Users\rohit\AppData\Local\Temp




---------------  S Y S T E M  ---------------

OS:
 Windows 11 , 64 bit Build 22621 (10.0.22621.2215)
OS uptime: 1 days 5:15 hours
Hyper-V role detected

CPU: total 12 (initial active 12) (12 cores per cpu, 2 threads per core) family 23 model 104 stepping 1 microcode 0x0, cx8, cmov, fxsr, ht, mmx, 3dnowpref, sse, sse2, sse3, ssse3, sse4a, sse4.1, sse4.2, popcnt, lzcnt, tsc, tscinvbit, avx, avx2, aes, clmul, bmi1, bmi2, adx, sha, fma, vzeroupper, clflush, clflushopt, hv, rdtscp, rdpid, f16c

Memory: 4k page, system-wide physical 7502M (978M free)
TotalPageFile size 30030M (AvailPageFile size 4M)
current process WorkingSet (physical memory assigned to process): 46M, peak: 46M
current process commit charge ("private bytes"): 209M, peak: 217M

vm_info: Java HotSpot(TM) 64-Bit Server VM (20.0.1+9-29) for windows-amd64 JRE (20.0.1+9-29), built on 2023-03-07T13:56:11Z by "mach5one" with MS VC++ 17.1 (VS2022)

END.
