#
# There is insufficient memory for the Java Runtime Environment to continue.
# Native memory allocation (malloc) failed to allocate 174432 bytes for Chunk::new
# Possible reasons:
#   The system is out of physical RAM or swap space
#   The process is running with CompressedOops enabled, and the Java Heap may be blocking the growth of the native heap
# Possible solutions:
#   Reduce memory load on the system
#   Increase physical memory or swap space
#   Check if swap backing store is full
#   Decrease Java heap size (-Xmx/-Xms)
#   Decrease number of Java threads
#   Decrease Java thread stack sizes (-Xss)
#   Set larger code cache with -XX:ReservedCodeCacheSize=
#   JVM is running with Unscaled Compressed Oops mode in which the Java heap is
#     placed in the first 4GB address space. The Java Heap base address is the
#     maximum limit for the native heap growth. Please use -XX:HeapBaseMinAddress
#     to set the Java Heap base and to place the Java Heap above 4GB virtual address.
# This output file may be truncated or incomplete.
#
#  Out of Memory Error (arena.cpp:184), pid=31224, tid=26180
#
# JRE version: Java(TM) SE Runtime Environment (20.0.1+9) (build 20.0.1+9-29)
# Java VM: Java HotSpot(TM) 64-Bit Server VM (20.0.1+9-29, mixed mode, tiered, compressed oops, compressed class ptrs, g1 gc, windows-amd64)
# No core dump will be written. Minidumps are not enabled by default on client versions of Windows
#

---------------  S U M M A R Y ------------

Command Line: -Dfile.encoding=UTF-8 --module-path=C:\Users\rohit\OneDrive\Documents\NetBeansProjects\Travel Management\build\classes travel.management.forgetpass

Host: AMD Ryzen 5 5500U with Radeon Graphics         , 12 cores, 7G,  Windows 11 , 64 bit Build 22621 (10.0.22621.2215)
Time: Sun Oct 15 18:45:10 2023 India Standard Time elapsed time: 0.593580 seconds (0d 0h 0m 0s)

---------------  T H R E A D  ---------------

Current thread (0x000001aa0417cf70):  JavaThread "C2 CompilerThread0" daemon [_thread_in_native, id=26180, stack(0x0000002450100000,0x0000002450200000)]


Current CompileTask:
C2:    593  197       4       java.util.HashMap::putVal (300 bytes)

Stack: [0x0000002450100000,0x0000002450200000]
Native frames: (J=compiled Java code, j=interpreted, Vv=VM code, C=native code)
V  [jvm.dll+0x6bb95a]
V  [jvm.dll+0x8485fa]
V  [jvm.dll+0x84a1f5]
V  [jvm.dll+0x84a8f3]
V  [jvm.dll+0x280b0f]
V  [jvm.dll+0xc2b11]
V  [jvm.dll+0xc2e35]
V  [jvm.dll+0x3bb17c]
V  [jvm.dll+0x3857f5]
V  [jvm.dll+0x384c6a]
V  [jvm.dll+0x24b259]
V  [jvm.dll+0x24a651]
V  [jvm.dll+0x1ce491]
V  [jvm.dll+0x259e1b]
V  [jvm.dll+0x2584f0]
V  [jvm.dll+0x3f2895]
V  [jvm.dll+0x7f4b56]
V  [jvm.dll+0x6ba5cb]
C  [ucrtbase.dll+0x29363]
C  [KERNEL32.DLL+0x1257d]
C  [ntdll.dll+0x5aa68]


---------------  P R O C E S S  ---------------

Threads class SMR info:
_java_thread_list=0x000001aa04406b70, length=11, elements={
0x000001aa4dac8470, 0x000001aa04156680, 0x000001aa04158290, 0x000001aa04177200,
0x000001aa04178b50, 0x000001aa041798a0, 0x000001aa0415e490, 0x000001aa0417cf70,
0x000001aa04164960, 0x000001aa0428f7a0, 0x000001aa04438c70
}

Java Threads: ( => current thread )
  0x000001aa4dac8470 JavaThread "main" [_thread_in_vm, id=18316, stack(0x000000244f400000,0x000000244f500000)]
  0x000001aa04156680 JavaThread "Reference Handler" daemon [_thread_blocked, id=20296, stack(0x000000244fb00000,0x000000244fc00000)]
  0x000001aa04158290 JavaThread "Finalizer" daemon [_thread_blocked, id=30536, stack(0x000000244fc00000,0x000000244fd00000)]
  0x000001aa04177200 JavaThread "Signal Dispatcher" daemon [_thread_blocked, id=26000, stack(0x000000244fd00000,0x000000244fe00000)]
  0x000001aa04178b50 JavaThread "Attach Listener" daemon [_thread_blocked, id=13200, stack(0x000000244fe00000,0x000000244ff00000)]
  0x000001aa041798a0 JavaThread "Service Thread" daemon [_thread_blocked, id=28516, stack(0x000000244ff00000,0x0000002450000000)]
  0x000001aa0415e490 JavaThread "Monitor Deflation Thread" daemon [_thread_blocked, id=30860, stack(0x0000002450000000,0x0000002450100000)]
=>0x000001aa0417cf70 JavaThread "C2 CompilerThread0" daemon [_thread_in_native, id=26180, stack(0x0000002450100000,0x0000002450200000)]
  0x000001aa04164960 JavaThread "C1 CompilerThread0" daemon [_thread_blocked, id=25652, stack(0x0000002450200000,0x0000002450300000)]
  0x000001aa0428f7a0 JavaThread "Common-Cleaner" daemon [_thread_blocked, id=27360, stack(0x0000002450300000,0x0000002450400000)]
  0x000001aa04438c70 JavaThread "Notification Thread" daemon [_thread_blocked, id=29632, stack(0x0000002450400000,0x0000002450500000)]

Other Threads:
  0x000001aa6a5b0b00 VMThread "VM Thread" [stack: 0x000000244fa00000,0x000000244fb00000] [id=30820]
  0x000001aa4db253a0 WorkerThread "GC Thread#0" [stack: 0x000000244f500000,0x000000244f600000] [id=13720]
  0x000001aa4db35670 ConcurrentGCThread "G1 Main Marker" [stack: 0x000000244f600000,0x000000244f700000] [id=26464]
  0x000001aa4db360a0 WorkerThread "G1 Conc#0" [stack: 0x000000244f700000,0x000000244f800000] [id=19628]
  0x000001aa6a4138f0 ConcurrentGCThread "G1 Refine#0" [stack: 0x000000244f800000,0x000000244f900000] [id=30196]
  0x000001aa6a414390 ConcurrentGCThread "G1 Service" [stack: 0x000000244f900000,0x000000244fa00000] [id=1256]

Threads with active compile tasks:
C2 CompilerThread0      646  197       4       java.util.HashMap::putVal (300 bytes)

VM state: not at safepoint (normal execution)

VM Mutex/Monitor currently owned by a thread: None

Heap address: 0x000000008ac00000, size: 1876 MB, Compressed Oops mode: 32-bit

CDS archive(s) not mapped
Compressed class space mapped at: 0x0000000100000000-0x0000000140000000, reserved size: 1073741824
Narrow klass base: 0x0000000000000000, Narrow klass shift: 3, Narrow klass range: 0x140000000

GC Precious Log:
 CardTable entry size: 512
 Card Set container configuration: InlinePtr #cards 5 size 8 Array Of Cards #cards 12 size 40 Howl #buckets 4 coarsen threshold 1843 Howl Bitmap #cards 512 size 80 coarsen threshold 460 Card regions per heap region 1 cards per card region 2048
 CPUs: 12 total, 12 available
 Memory: 7502M
 Large Page Support: Disabled
 NUMA Support: Disabled
 Compressed Oops: Enabled (32-bit)
 Heap Region Size: 1M
 Heap Min Capacity: 8M
 Heap Initial Capacity: 118M
 Heap Max Capacity: 1876M
 Pre-touch: Disabled
 Parallel Workers: 10
 Concurrent Workers: 3
 Concurrent Refinement Workers: 10
 Periodic GC: Disabled

Heap:
 garbage-first heap   total 120832K, used 2048K [0x000000008ac00000, 0x0000000100000000)
  region size 1024K, 3 young (3072K), 0 survivors (0K)
 Metaspace       used 7299K, committed 7488K, reserved 1114112K
  class space    used 627K, committed 704K, reserved 1048576K

Heap Regions: E=young(eden), S=young(survivor), O=old, HS=humongous(starts), HC=humongous(continues), CS=collection set, F=free, OA=open archive, CA=closed archive, TAMS=top-at-mark-start, PB=parsable bottom
|   0|0x000000008ac00000, 0x000000008ac00000, 0x000000008ad00000|  0%| F|  |TAMS 0x000000008ac00000| PB 0x000000008ac00000| Untracked 
|   1|0x000000008ad00000, 0x000000008ad00000, 0x000000008ae00000|  0%| F|  |TAMS 0x000000008ad00000| PB 0x000000008ad00000| Untracked 
|   2|0x000000008ae00000, 0x000000008ae00000, 0x000000008af00000|  0%| F|  |TAMS 0x000000008ae00000| PB 0x000000008ae00000| Untracked 
|   3|0x000000008af00000, 0x000000008af00000, 0x000000008b000000|  0%| F|  |TAMS 0x000000008af00000| PB 0x000000008af00000| Untracked 
|   4|0x000000008b000000, 0x000000008b000000, 0x000000008b100000|  0%| F|  |TAMS 0x000000008b000000| PB 0x000000008b000000| Untracked 
|   5|0x000000008b100000, 0x000000008b100000, 0x000000008b200000|  0%| F|  |TAMS 0x000000008b100000| PB 0x000000008b100000| Untracked 
|   6|0x000000008b200000, 0x000000008b200000, 0x000000008b300000|  0%| F|  |TAMS 0x000000008b200000| PB 0x000000008b200000| Untracked 
|   7|0x000000008b300000, 0x000000008b300000, 0x000000008b400000|  0%| F|  |TAMS 0x000000008b300000| PB 0x000000008b300000| Untracked 
|   8|0x000000008b400000, 0x000000008b400000, 0x000000008b500000|  0%| F|  |TAMS 0x000000008b400000| PB 0x000000008b400000| Untracked 
|   9|0x000000008b500000, 0x000000008b500000, 0x000000008b600000|  0%| F|  |TAMS 0x000000008b500000| PB 0x000000008b500000| Untracked 
|  10|0x000000008b600000, 0x000000008b600000, 0x000000008b700000|  0%| F|  |TAMS 0x000000008b600000| PB 0x000000008b600000| Untracked 
|  11|0x000000008b700000, 0x000000008b700000, 0x000000008b800000|  0%| F|  |TAMS 0x000000008b700000| PB 0x000000008b700000| Untracked 
|  12|0x000000008b800000, 0x000000008b800000, 0x000000008b900000|  0%| F|  |TAMS 0x000000008b800000| PB 0x000000008b800000| Untracked 
|  13|0x000000008b900000, 0x000000008b900000, 0x000000008ba00000|  0%| F|  |TAMS 0x000000008b900000| PB 0x000000008b900000| Untracked 
|  14|0x000000008ba00000, 0x000000008ba00000, 0x000000008bb00000|  0%| F|  |TAMS 0x000000008ba00000| PB 0x000000008ba00000| Untracked 
|  15|0x000000008bb00000, 0x000000008bb00000, 0x000000008bc00000|  0%| F|  |TAMS 0x000000008bb00000| PB 0x000000008bb00000| Untracked 
|  16|0x000000008bc00000, 0x000000008bc00000, 0x000000008bd00000|  0%| F|  |TAMS 0x000000008bc00000| PB 0x000000008bc00000| Untracked 
|  17|0x000000008bd00000, 0x000000008bd00000, 0x000000008be00000|  0%| F|  |TAMS 0x000000008bd00000| PB 0x000000008bd00000| Untracked 
|  18|0x000000008be00000, 0x000000008be00000, 0x000000008bf00000|  0%| F|  |TAMS 0x000000008be00000| PB 0x000000008be00000| Untracked 
|  19|0x000000008bf00000, 0x000000008bf00000, 0x000000008c000000|  0%| F|  |TAMS 0x000000008bf00000| PB 0x000000008bf00000| Untracked 
|  20|0x000000008c000000, 0x000000008c000000, 0x000000008c100000|  0%| F|  |TAMS 0x000000008c000000| PB 0x000000008c000000| Untracked 
|  21|0x000000008c100000, 0x000000008c100000, 0x000000008c200000|  0%| F|  |TAMS 0x000000008c100000| PB 0x000000008c100000| Untracked 
|  22|0x000000008c200000, 0x000000008c200000, 0x000000008c300000|  0%| F|  |TAMS 0x000000008c200000| PB 0x000000008c200000| Untracked 
|  23|0x000000008c300000, 0x000000008c300000, 0x000000008c400000|  0%| F|  |TAMS 0x000000008c300000| PB 0x000000008c300000| Untracked 
|  24|0x000000008c400000, 0x000000008c400000, 0x000000008c500000|  0%| F|  |TAMS 0x000000008c400000| PB 0x000000008c400000| Untracked 
|  25|0x000000008c500000, 0x000000008c500000, 0x000000008c600000|  0%| F|  |TAMS 0x000000008c500000| PB 0x000000008c500000| Untracked 
|  26|0x000000008c600000, 0x000000008c600000, 0x000000008c700000|  0%| F|  |TAMS 0x000000008c600000| PB 0x000000008c600000| Untracked 
|  27|0x000000008c700000, 0x000000008c700000, 0x000000008c800000|  0%| F|  |TAMS 0x000000008c700000| PB 0x000000008c700000| Untracked 
|  28|0x000000008c800000, 0x000000008c800000, 0x000000008c900000|  0%| F|  |TAMS 0x000000008c800000| PB 0x000000008c800000| Untracked 
|  29|0x000000008c900000, 0x000000008c900000, 0x000000008ca00000|  0%| F|  |TAMS 0x000000008c900000| PB 0x000000008c900000| Untracked 
|  30|0x000000008ca00000, 0x000000008ca00000, 0x000000008cb00000|  0%| F|  |TAMS 0x000000008ca00000| PB 0x000000008ca00000| Untracked 
|  31|0x000000008cb00000, 0x000000008cb00000, 0x000000008cc00000|  0%| F|  |TAMS 0x000000008cb00000| PB 0x000000008cb00000| Untracked 
|  32|0x000000008cc00000, 0x000000008cc00000, 0x000000008cd00000|  0%| F|  |TAMS 0x000000008cc00000| PB 0x000000008cc00000| Untracked 
|  33|0x000000008cd00000, 0x000000008cd00000, 0x000000008ce00000|  0%| F|  |TAMS 0x000000008cd00000| PB 0x000000008cd00000| Untracked 
|  34|0x000000008ce00000, 0x000000008ce00000, 0x000000008cf00000|  0%| F|  |TAMS 0x000000008ce00000| PB 0x000000008ce00000| Untracked 
|  35|0x000000008cf00000, 0x000000008cf00000, 0x000000008d000000|  0%| F|  |TAMS 0x000000008cf00000| PB 0x000000008cf00000| Untracked 
|  36|0x000000008d000000, 0x000000008d000000, 0x000000008d100000|  0%| F|  |TAMS 0x000000008d000000| PB 0x000000008d000000| Untracked 
|  37|0x000000008d100000, 0x000000008d100000, 0x000000008d200000|  0%| F|  |TAMS 0x000000008d100000| PB 0x000000008d100000| Untracked 
|  38|0x000000008d200000, 0x000000008d200000, 0x000000008d300000|  0%| F|  |TAMS 0x000000008d200000| PB 0x000000008d200000| Untracked 
|  39|0x000000008d300000, 0x000000008d300000, 0x000000008d400000|  0%| F|  |TAMS 0x000000008d300000| PB 0x000000008d300000| Untracked 
|  40|0x000000008d400000, 0x000000008d400000, 0x000000008d500000|  0%| F|  |TAMS 0x000000008d400000| PB 0x000000008d400000| Untracked 
|  41|0x000000008d500000, 0x000000008d500000, 0x000000008d600000|  0%| F|  |TAMS 0x000000008d500000| PB 0x000000008d500000| Untracked 
|  42|0x000000008d600000, 0x000000008d600000, 0x000000008d700000|  0%| F|  |TAMS 0x000000008d600000| PB 0x000000008d600000| Untracked 
|  43|0x000000008d700000, 0x000000008d700000, 0x000000008d800000|  0%| F|  |TAMS 0x000000008d700000| PB 0x000000008d700000| Untracked 
|  44|0x000000008d800000, 0x000000008d800000, 0x000000008d900000|  0%| F|  |TAMS 0x000000008d800000| PB 0x000000008d800000| Untracked 
|  45|0x000000008d900000, 0x000000008d900000, 0x000000008da00000|  0%| F|  |TAMS 0x000000008d900000| PB 0x000000008d900000| Untracked 
|  46|0x000000008da00000, 0x000000008da00000, 0x000000008db00000|  0%| F|  |TAMS 0x000000008da00000| PB 0x000000008da00000| Untracked 
|  47|0x000000008db00000, 0x000000008db00000, 0x000000008dc00000|  0%| F|  |TAMS 0x000000008db00000| PB 0x000000008db00000| Untracked 
|  48|0x000000008dc00000, 0x000000008dc00000, 0x000000008dd00000|  0%| F|  |TAMS 0x000000008dc00000| PB 0x000000008dc00000| Untracked 
|  49|0x000000008dd00000, 0x000000008dd00000, 0x000000008de00000|  0%| F|  |TAMS 0x000000008dd00000| PB 0x000000008dd00000| Untracked 
|  50|0x000000008de00000, 0x000000008de00000, 0x000000008df00000|  0%| F|  |TAMS 0x000000008de00000| PB 0x000000008de00000| Untracked 
|  51|0x000000008df00000, 0x000000008df00000, 0x000000008e000000|  0%| F|  |TAMS 0x000000008df00000| PB 0x000000008df00000| Untracked 
|  52|0x000000008e000000, 0x000000008e000000, 0x000000008e100000|  0%| F|  |TAMS 0x000000008e000000| PB 0x000000008e000000| Untracked 
|  53|0x000000008e100000, 0x000000008e100000, 0x000000008e200000|  0%| F|  |TAMS 0x000000008e100000| PB 0x000000008e100000| Untracked 
|  54|0x000000008e200000, 0x000000008e200000, 0x000000008e300000|  0%| F|  |TAMS 0x000000008e200000| PB 0x000000008e200000| Untracked 
|  55|0x000000008e300000, 0x000000008e300000, 0x000000008e400000|  0%| F|  |TAMS 0x000000008e300000| PB 0x000000008e300000| Untracked 
|  56|0x000000008e400000, 0x000000008e400000, 0x000000008e500000|  0%| F|  |TAMS 0x000000008e400000| PB 0x000000008e400000| Untracked 
|  57|0x000000008e500000, 0x000000008e500000, 0x000000008e600000|  0%| F|  |TAMS 0x000000008e500000| PB 0x000000008e500000| Untracked 
|  58|0x000000008e600000, 0x000000008e600000, 0x000000008e700000|  0%| F|  |TAMS 0x000000008e600000| PB 0x000000008e600000| Untracked 
|  59|0x000000008e700000, 0x000000008e700000, 0x000000008e800000|  0%| F|  |TAMS 0x000000008e700000| PB 0x000000008e700000| Untracked 
|  60|0x000000008e800000, 0x000000008e800000, 0x000000008e900000|  0%| F|  |TAMS 0x000000008e800000| PB 0x000000008e800000| Untracked 
|  61|0x000000008e900000, 0x000000008e900000, 0x000000008ea00000|  0%| F|  |TAMS 0x000000008e900000| PB 0x000000008e900000| Untracked 
|  62|0x000000008ea00000, 0x000000008ea00000, 0x000000008eb00000|  0%| F|  |TAMS 0x000000008ea00000| PB 0x000000008ea00000| Untracked 
|  63|0x000000008eb00000, 0x000000008eb00000, 0x000000008ec00000|  0%| F|  |TAMS 0x000000008eb00000| PB 0x000000008eb00000| Untracked 
|  64|0x000000008ec00000, 0x000000008ec00000, 0x000000008ed00000|  0%| F|  |TAMS 0x000000008ec00000| PB 0x000000008ec00000| Untracked 
|  65|0x000000008ed00000, 0x000000008ed00000, 0x000000008ee00000|  0%| F|  |TAMS 0x000000008ed00000| PB 0x000000008ed00000| Untracked 
|  66|0x000000008ee00000, 0x000000008ee00000, 0x000000008ef00000|  0%| F|  |TAMS 0x000000008ee00000| PB 0x000000008ee00000| Untracked 
|  67|0x000000008ef00000, 0x000000008ef00000, 0x000000008f000000|  0%| F|  |TAMS 0x000000008ef00000| PB 0x000000008ef00000| Untracked 
|  68|0x000000008f000000, 0x000000008f000000, 0x000000008f100000|  0%| F|  |TAMS 0x000000008f000000| PB 0x000000008f000000| Untracked 
|  69|0x000000008f100000, 0x000000008f100000, 0x000000008f200000|  0%| F|  |TAMS 0x000000008f100000| PB 0x000000008f100000| Untracked 
|  70|0x000000008f200000, 0x000000008f200000, 0x000000008f300000|  0%| F|  |TAMS 0x000000008f200000| PB 0x000000008f200000| Untracked 
|  71|0x000000008f300000, 0x000000008f300000, 0x000000008f400000|  0%| F|  |TAMS 0x000000008f300000| PB 0x000000008f300000| Untracked 
|  72|0x000000008f400000, 0x000000008f400000, 0x000000008f500000|  0%| F|  |TAMS 0x000000008f400000| PB 0x000000008f400000| Untracked 
|  73|0x000000008f500000, 0x000000008f500000, 0x000000008f600000|  0%| F|  |TAMS 0x000000008f500000| PB 0x000000008f500000| Untracked 
|  74|0x000000008f600000, 0x000000008f600000, 0x000000008f700000|  0%| F|  |TAMS 0x000000008f600000| PB 0x000000008f600000| Untracked 
|  75|0x000000008f700000, 0x000000008f700000, 0x000000008f800000|  0%| F|  |TAMS 0x000000008f700000| PB 0x000000008f700000| Untracked 
|  76|0x000000008f800000, 0x000000008f800000, 0x000000008f900000|  0%| F|  |TAMS 0x000000008f800000| PB 0x000000008f800000| Untracked 
|  77|0x000000008f900000, 0x000000008f900000, 0x000000008fa00000|  0%| F|  |TAMS 0x000000008f900000| PB 0x000000008f900000| Untracked 
|  78|0x000000008fa00000, 0x000000008fa00000, 0x000000008fb00000|  0%| F|  |TAMS 0x000000008fa00000| PB 0x000000008fa00000| Untracked 
|  79|0x000000008fb00000, 0x000000008fb00000, 0x000000008fc00000|  0%| F|  |TAMS 0x000000008fb00000| PB 0x000000008fb00000| Untracked 
|  80|0x000000008fc00000, 0x000000008fc00000, 0x000000008fd00000|  0%| F|  |TAMS 0x000000008fc00000| PB 0x000000008fc00000| Untracked 
|  81|0x000000008fd00000, 0x000000008fd00000, 0x000000008fe00000|  0%| F|  |TAMS 0x000000008fd00000| PB 0x000000008fd00000| Untracked 
|  82|0x000000008fe00000, 0x000000008fe00000, 0x000000008ff00000|  0%| F|  |TAMS 0x000000008fe00000| PB 0x000000008fe00000| Untracked 
|  83|0x000000008ff00000, 0x000000008ff00000, 0x0000000090000000|  0%| F|  |TAMS 0x000000008ff00000| PB 0x000000008ff00000| Untracked 
|  84|0x0000000090000000, 0x0000000090000000, 0x0000000090100000|  0%| F|  |TAMS 0x0000000090000000| PB 0x0000000090000000| Untracked 
|  85|0x0000000090100000, 0x0000000090100000, 0x0000000090200000|  0%| F|  |TAMS 0x0000000090100000| PB 0x0000000090100000| Untracked 
|  86|0x0000000090200000, 0x0000000090200000, 0x0000000090300000|  0%| F|  |TAMS 0x0000000090200000| PB 0x0000000090200000| Untracked 
|  87|0x0000000090300000, 0x0000000090300000, 0x0000000090400000|  0%| F|  |TAMS 0x0000000090300000| PB 0x0000000090300000| Untracked 
|  88|0x0000000090400000, 0x0000000090400000, 0x0000000090500000|  0%| F|  |TAMS 0x0000000090400000| PB 0x0000000090400000| Untracked 
|  89|0x0000000090500000, 0x0000000090500000, 0x0000000090600000|  0%| F|  |TAMS 0x0000000090500000| PB 0x0000000090500000| Untracked 
|  90|0x0000000090600000, 0x0000000090600000, 0x0000000090700000|  0%| F|  |TAMS 0x0000000090600000| PB 0x0000000090600000| Untracked 
|  91|0x0000000090700000, 0x0000000090700000, 0x0000000090800000|  0%| F|  |TAMS 0x0000000090700000| PB 0x0000000090700000| Untracked 
|  92|0x0000000090800000, 0x0000000090800000, 0x0000000090900000|  0%| F|  |TAMS 0x0000000090800000| PB 0x0000000090800000| Untracked 
|  93|0x0000000090900000, 0x0000000090900000, 0x0000000090a00000|  0%| F|  |TAMS 0x0000000090900000| PB 0x0000000090900000| Untracked 
|  94|0x0000000090a00000, 0x0000000090a00000, 0x0000000090b00000|  0%| F|  |TAMS 0x0000000090a00000| PB 0x0000000090a00000| Untracked 
|  95|0x0000000090b00000, 0x0000000090b00000, 0x0000000090c00000|  0%| F|  |TAMS 0x0000000090b00000| PB 0x0000000090b00000| Untracked 
|  96|0x0000000090c00000, 0x0000000090c00000, 0x0000000090d00000|  0%| F|  |TAMS 0x0000000090c00000| PB 0x0000000090c00000| Untracked 
|  97|0x0000000090d00000, 0x0000000090d00000, 0x0000000090e00000|  0%| F|  |TAMS 0x0000000090d00000| PB 0x0000000090d00000| Untracked 
|  98|0x0000000090e00000, 0x0000000090e00000, 0x0000000090f00000|  0%| F|  |TAMS 0x0000000090e00000| PB 0x0000000090e00000| Untracked 
|  99|0x0000000090f00000, 0x0000000090f00000, 0x0000000091000000|  0%| F|  |TAMS 0x0000000090f00000| PB 0x0000000090f00000| Untracked 
| 100|0x0000000091000000, 0x0000000091000000, 0x0000000091100000|  0%| F|  |TAMS 0x0000000091000000| PB 0x0000000091000000| Untracked 
| 101|0x0000000091100000, 0x0000000091100000, 0x0000000091200000|  0%| F|  |TAMS 0x0000000091100000| PB 0x0000000091100000| Untracked 
| 102|0x0000000091200000, 0x0000000091200000, 0x0000000091300000|  0%| F|  |TAMS 0x0000000091200000| PB 0x0000000091200000| Untracked 
| 103|0x0000000091300000, 0x0000000091300000, 0x0000000091400000|  0%| F|  |TAMS 0x0000000091300000| PB 0x0000000091300000| Untracked 
| 104|0x0000000091400000, 0x0000000091400000, 0x0000000091500000|  0%| F|  |TAMS 0x0000000091400000| PB 0x0000000091400000| Untracked 
| 105|0x0000000091500000, 0x0000000091500000, 0x0000000091600000|  0%| F|  |TAMS 0x0000000091500000| PB 0x0000000091500000| Untracked 
| 106|0x0000000091600000, 0x0000000091600000, 0x0000000091700000|  0%| F|  |TAMS 0x0000000091600000| PB 0x0000000091600000| Untracked 
| 107|0x0000000091700000, 0x0000000091700000, 0x0000000091800000|  0%| F|  |TAMS 0x0000000091700000| PB 0x0000000091700000| Untracked 
| 108|0x0000000091800000, 0x0000000091800000, 0x0000000091900000|  0%| F|  |TAMS 0x0000000091800000| PB 0x0000000091800000| Untracked 
| 109|0x0000000091900000, 0x0000000091900000, 0x0000000091a00000|  0%| F|  |TAMS 0x0000000091900000| PB 0x0000000091900000| Untracked 
| 110|0x0000000091a00000, 0x0000000091a00000, 0x0000000091b00000|  0%| F|  |TAMS 0x0000000091a00000| PB 0x0000000091a00000| Untracked 
| 111|0x0000000091b00000, 0x0000000091b00000, 0x0000000091c00000|  0%| F|  |TAMS 0x0000000091b00000| PB 0x0000000091b00000| Untracked 
| 112|0x0000000091c00000, 0x0000000091c00000, 0x0000000091d00000|  0%| F|  |TAMS 0x0000000091c00000| PB 0x0000000091c00000| Untracked 
| 113|0x0000000091d00000, 0x0000000091d00000, 0x0000000091e00000|  0%| F|  |TAMS 0x0000000091d00000| PB 0x0000000091d00000| Untracked 
| 114|0x0000000091e00000, 0x0000000091e00000, 0x0000000091f00000|  0%| F|  |TAMS 0x0000000091e00000| PB 0x0000000091e00000| Untracked 
| 115|0x0000000091f00000, 0x0000000091fec090, 0x0000000092000000| 92%| E|  |TAMS 0x0000000091f00000| PB 0x0000000091f00000| Complete 
| 116|0x0000000092000000, 0x0000000092100000, 0x0000000092100000|100%| E|CS|TAMS 0x0000000092000000| PB 0x0000000092000000| Complete 
| 117|0x0000000092100000, 0x0000000092200000, 0x0000000092200000|100%| E|CS|TAMS 0x0000000092100000| PB 0x0000000092100000| Complete 

Card table byte_map: [0x000001aa65480000,0x000001aa65830000] _byte_map_base: 0x000001aa6502a000

Marking Bits: (CMBitMap*) 0x000001aa4db259d0
 Bits: [0x000001aa65be0000, 0x000001aa67930000)

Polling page: 0x000001aa4ba60000

Metaspace:

Usage:
  Non-class:      6.57 MB used.
      Class:    635.60 KB used.
       Both:      7.19 MB used.

Virtual space:
  Non-class space:       64.00 MB reserved,       6.69 MB ( 10%) committed,  1 nodes.
      Class space:        1.00 GB reserved,     704.00 KB ( <1%) committed,  1 nodes.
             Both:        1.06 GB reserved,       7.38 MB ( <1%) committed. 

Chunk freelists:
   Non-Class:  1020.00 KB
       Class:  3.24 MB
        Both:  4.24 MB

MaxMetaspaceSize: unlimited
CompressedClassSpaceSize: 1.00 GB
Initial GC threshold: 21.00 MB
Current GC threshold: 21.00 MB
CDS: off
MetaspaceReclaimPolicy: balanced
 - commit_granule_bytes: 65536.
 - commit_granule_words: 8192.
 - virtual_space_node_default_size: 8388608.
 - enlarge_chunks_in_place: 1.
 - new_chunks_are_fully_committed: 0.
 - uncommit_free_chunks: 1.
 - use_allocation_guard: 0.


Internal statistics:

num_allocs_failed_limit: 0.
num_arena_births: 8.
num_arena_deaths: 0.
num_vsnodes_births: 2.
num_vsnodes_deaths: 0.
num_space_committed: 118.
num_space_uncommitted: 0.
num_chunks_returned_to_freelist: 0.
num_chunks_taken_from_freelist: 27.
num_chunk_merges: 0.
num_chunk_splits: 9.
num_chunks_enlarged: 2.
num_inconsistent_stats: 0.

CodeHeap 'non-profiled nmethods': size=120000Kb used=66Kb max_used=66Kb free=119934Kb
 bounds [0x000001aa5d650000, 0x000001aa5d8c0000, 0x000001aa64b80000]
CodeHeap 'profiled nmethods': size=120000Kb used=231Kb max_used=231Kb free=119768Kb
 bounds [0x000001aa55b80000, 0x000001aa55df0000, 0x000001aa5d0b0000]
CodeHeap 'non-nmethods': size=5760Kb used=1332Kb max_used=1332Kb free=4427Kb
 bounds [0x000001aa5d0b0000, 0x000001aa5d320000, 0x000001aa5d650000]
 total_blobs=610 nmethods=218 adapters=303
 compilation: enabled
              stopped_count=0, restarted_count=0
 full_count=0

Compilation events (20 events):
Event: 0.572 Thread 0x000001aa04164960 nmethod 194 0x000001aa55bb2c10 code [0x000001aa55bb2e00, 0x000001aa55bb3320]
Event: 0.572 Thread 0x000001aa04164960  195       3       java.lang.Math::max (11 bytes)
Event: 0.573 Thread 0x000001aa04164960 nmethod 195 0x000001aa55bb3590 code [0x000001aa55bb3720, 0x000001aa55bb3860]
Event: 0.573 Thread 0x000001aa0417cf70  197       4       java.util.HashMap::putVal (300 bytes)
Event: 0.573 Thread 0x000001aa04164960  196       1       java.lang.module.ModuleDescriptor$Version::toString (5 bytes)
Event: 0.573 Thread 0x000001aa04164960 nmethod 196 0x000001aa5d65ee10 code [0x000001aa5d65ef80, 0x000001aa5d65f048]
Event: 0.573 Thread 0x000001aa04164960  198       3       java.util.HashSet::<init> (16 bytes)
Event: 0.573 Thread 0x000001aa04164960 nmethod 198 0x000001aa55bb3910 code [0x000001aa55bb3ac0, 0x000001aa55bb3ec8]
Event: 0.573 Thread 0x000001aa04164960  199       3       java.util.AbstractMap::<init> (5 bytes)
Event: 0.573 Thread 0x000001aa04164960 nmethod 199 0x000001aa55bb4090 code [0x000001aa55bb4220, 0x000001aa55bb4388]
Event: 0.575 Thread 0x000001aa04164960  201       1       java.lang.module.ModuleDescriptor::isOpen (5 bytes)
Event: 0.575 Thread 0x000001aa04164960 nmethod 201 0x000001aa5d65f510 code [0x000001aa5d65f680, 0x000001aa5d65f750]
Event: 0.575 Thread 0x000001aa04164960  203       3       java.lang.module.ResolvedModule::name (11 bytes)
Event: 0.575 Thread 0x000001aa04164960 nmethod 203 0x000001aa55bb4490 code [0x000001aa55bb4620, 0x000001aa55bb4780]
Event: 0.575 Thread 0x000001aa04164960  202       1       java.lang.module.ResolvedModule::configuration (5 bytes)
Event: 0.575 Thread 0x000001aa04164960 nmethod 202 0x000001aa5d65f810 code [0x000001aa5d65f980, 0x000001aa5d65fa48]
Event: 0.576 Thread 0x000001aa04164960  204       1       java.util.HashMap::size (5 bytes)
Event: 0.576 Thread 0x000001aa04164960 nmethod 204 0x000001aa5d65fb10 code [0x000001aa5d65fc80, 0x000001aa5d65fd48]
Event: 0.578 Thread 0x000001aa04164960  205       3       java.lang.StringBuilder::length (5 bytes)
Event: 0.578 Thread 0x000001aa04164960 nmethod 205 0x000001aa55bb4890 code [0x000001aa55bb4a20, 0x000001aa55bb4b48]

GC Heap History (0 events):
No events

Dll operation events (4 events):
Event: 0.022 Loaded shared library C:\Program Files\Java\jdk-20\bin\java.dll
Event: 0.146 Loaded shared library C:\Program Files\Java\jdk-20\bin\jsvml.dll
Event: 0.533 Loaded shared library C:\Program Files\Java\jdk-20\bin\net.dll
Event: 0.537 Loaded shared library C:\Program Files\Java\jdk-20\bin\nio.dll

Deoptimization events (0 events):
No events

Classes loaded (20 events):
Event: 0.578 Loading class java/lang/invoke/StringConcatFactory
Event: 0.580 Loading class java/lang/invoke/StringConcatFactory done
Event: 0.581 Loading class jdk/internal/vm/PostVMInitHook
Event: 0.582 Loading class jdk/internal/vm/PostVMInitHook done
Event: 0.582 Loading class jdk/internal/vm/PostVMInitHook$2
Event: 0.583 Loading class jdk/internal/vm/PostVMInitHook$2 done
Event: 0.583 Loading class jdk/internal/util/EnvUtils
Event: 0.583 Loading class jdk/internal/util/EnvUtils done
Event: 0.583 Loading class jdk/internal/vm/PostVMInitHook$1
Event: 0.583 Loading class jdk/internal/vm/PostVMInitHook$1 done
Event: 0.583 Loading class jdk/internal/misc/CarrierThread
Event: 0.583 Loading class java/util/concurrent/ForkJoinWorkerThread
Event: 0.584 Loading class java/util/concurrent/ForkJoinWorkerThread done
Event: 0.584 Loading class jdk/internal/misc/CarrierThread done
Event: 0.585 Loading class sun/launcher/LauncherHelper
Event: 0.588 Loading class sun/launcher/LauncherHelper done
Event: 0.588 Loading class sun/nio/cs/SingleByte$Decoder
Event: 0.588 Loading class sun/nio/cs/ArrayDecoder
Event: 0.589 Loading class sun/nio/cs/ArrayDecoder done
Event: 0.589 Loading class java/nio/charset/CharsetDecoder

Classes unloaded (0 events):
No events

Classes redefined (0 events):
No events

Internal exceptions (6 events):
Event: 0.542 Thread 0x000001aa4dac8470 Exception <a 'sun/nio/fs/WindowsException'{0x000000009205d6c0}> (0x000000009205d6c0) 
thrown [s\open\src\hotspot\share\prims\jni.cpp, line 519]
Event: 0.548 Thread 0x000001aa4dac8470 Exception <a 'sun/nio/fs/WindowsException'{0x000000009205fc90}> (0x000000009205fc90) 
thrown [s\open\src\hotspot\share\prims\jni.cpp, line 519]
Event: 0.548 Thread 0x000001aa4dac8470 Exception <a 'sun/nio/fs/WindowsException'{0x0000000092060a50}> (0x0000000092060a50) 
thrown [s\open\src\hotspot\share\prims\jni.cpp, line 519]
Event: 0.549 Thread 0x000001aa4dac8470 Exception <a 'sun/nio/fs/WindowsException'{0x00000000920615b8}> (0x00000000920615b8) 
thrown [s\open\src\hotspot\share\prims\jni.cpp, line 519]
Event: 0.549 Thread 0x000001aa4dac8470 Exception <a 'sun/nio/fs/WindowsException'{0x0000000092062108}> (0x0000000092062108) 
thrown [s\open\src\hotspot\share\prims\jni.cpp, line 519]
Event: 0.549 Thread 0x000001aa4dac8470 Exception <a 'sun/nio/fs/WindowsException'{0x0000000092062c58}> (0x0000000092062c58) 
thrown [s\open\src\hotspot\share\prims\jni.cpp, line 519]

VM Operations (2 events):
Event: 0.553 Executing VM operation: HandshakeAllThreads
Event: 0.553 Executing VM operation: HandshakeAllThreads done

Events (11 events):
Event: 0.147 Thread 0x000001aa4dac8470 Thread added: 0x000001aa4dac8470
Event: 0.247 Thread 0x000001aa04156680 Thread added: 0x000001aa04156680
Event: 0.247 Thread 0x000001aa04158290 Thread added: 0x000001aa04158290
Event: 0.253 Thread 0x000001aa04177200 Thread added: 0x000001aa04177200
Event: 0.253 Thread 0x000001aa04178b50 Thread added: 0x000001aa04178b50
Event: 0.254 Thread 0x000001aa041798a0 Thread added: 0x000001aa041798a0
Event: 0.254 Thread 0x000001aa0415e490 Thread added: 0x000001aa0415e490
Event: 0.255 Thread 0x000001aa0417cf70 Thread added: 0x000001aa0417cf70
Event: 0.255 Thread 0x000001aa04164960 Thread added: 0x000001aa04164960
Event: 0.468 Thread 0x000001aa0428f7a0 Thread added: 0x000001aa0428f7a0
Event: 0.581 Thread 0x000001aa04438c70 Thread added: 0x000001aa04438c70


Dynamic libraries:
0x00007ff6e1550000 - 0x00007ff6e1560000 	C:\Program Files\Java\jdk-20\bin\java.exe
0x00007ffb664b0000 - 0x00007ffb666c4000 	C:\WINDOWS\SYSTEM32\ntdll.dll
0x00007ffb64b80000 - 0x00007ffb64c44000 	C:\WINDOWS\System32\KERNEL32.DLL
0x00007ffb639d0000 - 0x00007ffb63d74000 	C:\WINDOWS\System32\KERNELBASE.dll
0x00007ffb63d80000 - 0x00007ffb63e91000 	C:\WINDOWS\System32\ucrtbase.dll
0x00007ffb60b20000 - 0x00007ffb60b3b000 	C:\Program Files\Java\jdk-20\bin\VCRUNTIME140.dll
0x00007ffb5ebc0000 - 0x00007ffb5ebd9000 	C:\Program Files\Java\jdk-20\bin\jli.dll
0x00007ffb64ee0000 - 0x00007ffb64f90000 	C:\WINDOWS\System32\ADVAPI32.dll
0x00007ffb65780000 - 0x00007ffb65827000 	C:\WINDOWS\System32\msvcrt.dll
0x00007ffb65320000 - 0x00007ffb653c6000 	C:\WINDOWS\System32\sechost.dll
0x00007ffb66240000 - 0x00007ffb66357000 	C:\WINDOWS\System32\RPCRT4.dll
0x00007ffb65490000 - 0x00007ffb6563e000 	C:\WINDOWS\System32\USER32.dll
0x00007ffb639a0000 - 0x00007ffb639c6000 	C:\WINDOWS\System32\win32u.dll
0x00007ffb4cf10000 - 0x00007ffb4d1a3000 	C:\WINDOWS\WinSxS\amd64_microsoft.windows.common-controls_6595b64144ccf1df_6.0.22621.2215_none_270d72677387dfc3\COMCTL32.dll
0x00007ffb65410000 - 0x00007ffb65439000 	C:\WINDOWS\System32\GDI32.dll
0x00007ffb63f40000 - 0x00007ffb64058000 	C:\WINDOWS\System32\gdi32full.dll
0x00007ffb63ea0000 - 0x00007ffb63f3a000 	C:\WINDOWS\System32\msvcp_win.dll
0x00007ffb5a7d0000 - 0x00007ffb5a7da000 	C:\WINDOWS\SYSTEM32\VERSION.dll
0x00007ffb64e90000 - 0x00007ffb64ec1000 	C:\WINDOWS\System32\IMM32.DLL
0x00007ffb5ea20000 - 0x00007ffb5ea2c000 	C:\Program Files\Java\jdk-20\bin\vcruntime140_1.dll
0x00007ffb4db90000 - 0x00007ffb4dc1e000 	C:\Program Files\Java\jdk-20\bin\msvcp140.dll
0x00007ffafd150000 - 0x00007ffafdde7000 	C:\Program Files\Java\jdk-20\bin\server\jvm.dll
0x00007ffb60b10000 - 0x00007ffb60b19000 	C:\WINDOWS\SYSTEM32\WSOCK32.dll
0x00007ffb5c760000 - 0x00007ffb5c794000 	C:\WINDOWS\SYSTEM32\WINMM.dll
0x00007ffb64c50000 - 0x00007ffb64cc1000 	C:\WINDOWS\System32\WS2_32.dll
0x00007ffb628b0000 - 0x00007ffb628c8000 	C:\WINDOWS\SYSTEM32\kernel.appcore.dll
0x00007ffb5c9a0000 - 0x00007ffb5c9aa000 	C:\Program Files\Java\jdk-20\bin\jimage.dll
0x00007ffb50aa0000 - 0x00007ffb50cce000 	C:\WINDOWS\SYSTEM32\DBGHELP.DLL
0x00007ffb64f90000 - 0x00007ffb6531a000 	C:\WINDOWS\System32\combase.dll
0x00007ffb65cb0000 - 0x00007ffb65d87000 	C:\WINDOWS\System32\OLEAUT32.dll
0x00007ffb47300000 - 0x00007ffb47332000 	C:\WINDOWS\SYSTEM32\dbgcore.DLL
0x00007ffb63920000 - 0x00007ffb6399a000 	C:\WINDOWS\System32\bcryptPrimitives.dll
0x00007ffb4fde0000 - 0x00007ffb4fe06000 	C:\Program Files\Java\jdk-20\bin\java.dll
0x00007ffb10090000 - 0x00007ffb10167000 	C:\Program Files\Java\jdk-20\bin\jsvml.dll
0x00007ffb64350000 - 0x00007ffb64b73000 	C:\WINDOWS\System32\SHELL32.dll
0x00007ffb617b0000 - 0x00007ffb6209a000 	C:\WINDOWS\SYSTEM32\windows.storage.dll
0x00007ffb61670000 - 0x00007ffb617ae000 	C:\WINDOWS\SYSTEM32\wintypes.dll
0x00007ffb66370000 - 0x00007ffb66463000 	C:\WINDOWS\System32\SHCORE.dll
0x00007ffb65640000 - 0x00007ffb6569e000 	C:\WINDOWS\System32\shlwapi.dll
0x00007ffb63790000 - 0x00007ffb637b6000 	C:\WINDOWS\SYSTEM32\profapi.dll
0x00007ffb508a0000 - 0x00007ffb508b3000 	C:\Program Files\Java\jdk-20\bin\net.dll
0x00007ffb5e290000 - 0x00007ffb5e3c7000 	C:\WINDOWS\SYSTEM32\WINHTTP.dll
0x00007ffb62da0000 - 0x00007ffb62e09000 	C:\WINDOWS\system32\mswsock.dll
0x00007ffb4f480000 - 0x00007ffb4f496000 	C:\Program Files\Java\jdk-20\bin\nio.dll

dbghelp: loaded successfully - version: 4.0.5 - missing functions: none
symbol engine: initialized successfully - sym options: 0x614 - pdb path: .;C:\Program Files\Java\jdk-20\bin;C:\WINDOWS\SYSTEM32;C:\WINDOWS\WinSxS\amd64_microsoft.windows.common-controls_6595b64144ccf1df_6.0.22621.2215_none_270d72677387dfc3;C:\Program Files\Java\jdk-20\bin\server

VM Arguments:
jvm_args: -Dfile.encoding=UTF-8 --module-path=C:\Users\rohit\OneDrive\Documents\NetBeansProjects\Travel Management\build\classes 
java_command: travel.management.forgetpass
java_class_path (initial): C:\Users\rohit\OneDrive\Documents\NetBeansProjects\Travel Management\build\classes
Launcher Type: SUN_STANDARD

[Global flags]
     intx CICompilerCount                          = 4                                         {product} {ergonomic}
     uint ConcGCThreads                            = 3                                         {product} {ergonomic}
     uint G1ConcRefinementThreads                  = 10                                        {product} {ergonomic}
   size_t G1HeapRegionSize                         = 1048576                                   {product} {ergonomic}
    uintx GCDrainStackTargetSize                   = 64                                        {product} {ergonomic}
   size_t InitialHeapSize                          = 123731968                                 {product} {ergonomic}
   size_t MarkStackSize                            = 4194304                                   {product} {ergonomic}
   size_t MaxHeapSize                              = 1967128576                                {product} {ergonomic}
   size_t MaxNewSize                               = 1179648000                                {product} {ergonomic}
   size_t MinHeapDeltaBytes                        = 1048576                                   {product} {ergonomic}
   size_t MinHeapSize                              = 8388608                                   {product} {ergonomic}
    uintx NonNMethodCodeHeapSize                   = 5839372                                {pd product} {ergonomic}
    uintx NonProfiledCodeHeapSize                  = 122909434                              {pd product} {ergonomic}
    uintx ProfiledCodeHeapSize                     = 122909434                              {pd product} {ergonomic}
    uintx ReservedCodeCacheSize                    = 251658240                              {pd product} {ergonomic}
     bool SegmentedCodeCache                       = true                                      {product} {ergonomic}
   size_t SoftMaxHeapSize                          = 1967128576                             {manageable} {ergonomic}
     bool UseCompressedClassPointers               = true                           {product lp64_product} {ergonomic}
     bool UseCompressedOops                        = true                           {product lp64_product} {ergonomic}
     bool UseG1GC                                  = true                                      {product} {ergonomic}
     bool UseLargePagesIndividualAllocation        = false                                  {pd product} {ergonomic}

Logging:
Log output configuration:
 #0: stdout all=warning uptime,level,tags foldmultilines=false
 #1: stderr all=off uptime,level,tags foldmultilines=false

Environment Variables:
JAVA_HOME=C:\Program Files\Java\jdk-20\bin
CLASSPATH=C:\Program Files\Java\jdk-20\bin\*.jar
PATH=C:\Program Files\Java\jdk-20\bin;C:\Program Files\Common Files\Oracle\Java\javapath;C:\Program Files (x86)\Common Files\Oracle\Java\javapath;C:\oraclexe\app\oracle\product\11.2.0\server\bin;C:\ProgramData\Oracle\Java\javapath;C:\WINDOWS\system32;C:\WINDOWS;C:\WINDOWS\System32\Wbem;C:\WINDOWS\System32\WindowsPowerShell\v1.0\;C:\WINDOWS\System32\OpenSSH\;C:\Program Files\Git\cmd;C:\Program Files\nodejs\;C:\ProgramData\chocolatey\bin;C:\Program Files\Java\jdk1.8.0_101\bin;C:\Program Files\Java\jdk-20\bin;C:\Program Files\Common Files\Oracle\Java\javapath;C:\Program Files (x86)\Common Files\Oracle\Java\javapath;C:\oraclexe\app\oracle\product\11.2.0\server\bin;C:\ProgramData\Oracle\Java\javapath;C:\WINDOWS\system32;C:\WINDOWS;C:\WINDOWS\System32\Wbem;C:\WINDOWS\System32\WindowsPowerShell\v1.0\;C:\WINDOWS\System32\OpenSSH\;C:\Program Files\Git\cmd;C:\Program Files\nodejs\;C:\ProgramData\chocolatey\bin;;C:\Users\rohit\AppData\Local\Programs\Microsoft VS Code\bin;C:\Users\rohit\AppData\Roaming\npm;C:\Users\rohit\AppData\Local\Google\Cloud SDK\google-cloud-sdk\bin;C:\Program Files\Java\jdk-20\bin;
USERNAME=rohit
OS=Windows_NT
PROCESSOR_IDENTIFIER=AMD64 Family 23 Model 104 Stepping 1, AuthenticAMD
TMP=C:\Users\rohit\AppData\Local\Temp
TEMP=C:\Users\rohit\AppData\Local\Temp




---------------  S Y S T E M  ---------------

OS:
 Windows 11 , 64 bit Build 22621 (10.0.22621.2215)
OS uptime: 1 days 5:14 hours
Hyper-V role detected

CPU: total 12 (initial active 12) (12 cores per cpu, 2 threads per core) family 23 model 104 stepping 1 microcode 0x0, cx8, cmov, fxsr, ht, mmx, 3dnowpref, sse, sse2, sse3, ssse3, sse4a, sse4.1, sse4.2, popcnt, lzcnt, tsc, tscinvbit, avx, avx2, aes, clmul, bmi1, bmi2, adx, sha, fma, vzeroupper, clflush, clflushopt, hv, rdtscp, rdpid, f16c

Memory: 4k page, system-wide physical 7502M (986M free)
TotalPageFile size 30030M (AvailPageFile size 1M)
current process WorkingSet (physical memory assigned to process): 34M, peak: 34M
current process commit charge ("private bytes"): 200M, peak: 200M

vm_info: Java HotSpot(TM) 64-Bit Server VM (20.0.1+9-29) for windows-amd64 JRE (20.0.1+9-29), built on 2023-03-07T13:56:11Z by "mach5one" with MS VC++ 17.1 (VS2022)

END.
