#
# There is insufficient memory for the Java Runtime Environment to continue.
# Native memory allocation (malloc) failed to allocate 118992 bytes for Chunk::new
# Possible reasons:
#   The system is out of physical RAM or swap space
#   The process is running with CompressedOops enabled, and the Java Heap may be blocking the growth of the native heap
# Possible solutions:
#   Reduce memory load on the system
#   Increase physical memory or swap space
#   Check if swap backing store is full
#   Decrease Java heap size (-Xmx/-Xms)
#   Decrease number of Java threads
#   Decrease Java thread stack sizes (-Xss)
#   Set larger code cache with -XX:ReservedCodeCacheSize=
#   JVM is running with Unscaled Compressed Oops mode in which the Java heap is
#     placed in the first 4GB address space. The Java Heap base address is the
#     maximum limit for the native heap growth. Please use -XX:HeapBaseMinAddress
#     to set the Java Heap base and to place the Java Heap above 4GB virtual address.
# This output file may be truncated or incomplete.
#
#  Out of Memory Error (arena.cpp:184), pid=30804, tid=31600
#
# JRE version: Java(TM) SE Runtime Environment (20.0.1+9) (build 20.0.1+9-29)
# Java VM: Java HotSpot(TM) 64-Bit Server VM (20.0.1+9-29, mixed mode, sharing, tiered, compressed oops, compressed class ptrs, g1 gc, windows-amd64)
# No core dump will be written. Minidumps are not enabled by default on client versions of Windows
#

---------------  S U M M A R Y ------------

Command Line: -Dfile.encoding=UTF-8 --module-path=C:\Users\rohit\OneDrive\Documents\NetBeansProjects\Travel Management\build\classes travel.management.forgetpass

Host: AMD Ryzen 5 5500U with Radeon Graphics         , 12 cores, 7G,  Windows 11 , 64 bit Build 22621 (10.0.22621.2215)
Time: Sun Oct 15 18:46:40 2023 India Standard Time elapsed time: 0.851225 seconds (0d 0h 0m 0s)

---------------  T H R E A D  ---------------

Current thread (0x0000023de801fe00):  JavaThread "C2 CompilerThread0" daemon [_thread_in_native, id=31600, stack(0x000000a3f7b00000,0x000000a3f7c00000)]


Current CompileTask:
C2:    851  709   !   4       java.io.BufferedInputStream::read (54 bytes)

Stack: [0x000000a3f7b00000,0x000000a3f7c00000]
Native frames: (J=compiled Java code, j=interpreted, Vv=VM code, C=native code)
V  [jvm.dll+0x6bb95a]
V  [jvm.dll+0x8485fa]
V  [jvm.dll+0x84a1f5]
V  [jvm.dll+0x84a8f3]
V  [jvm.dll+0x280b0f]
V  [jvm.dll+0xc2b11]
V  [jvm.dll+0xc2e35]
V  [jvm.dll+0x3bb17c]
V  [jvm.dll+0x3857f5]
V  [jvm.dll+0x384c6a]
V  [jvm.dll+0x24b259]
V  [jvm.dll+0x24a651]
V  [jvm.dll+0x1ce491]
V  [jvm.dll+0x259e1b]
V  [jvm.dll+0x2584f0]
V  [jvm.dll+0x3f2895]
V  [jvm.dll+0x7f4b56]
V  [jvm.dll+0x6ba5cb]
C  [ucrtbase.dll+0x29363]
C  [KERNEL32.DLL+0x1257d]
C  [ntdll.dll+0x5aa68]


---------------  P R O C E S S  ---------------

Threads class SMR info:
_java_thread_list=0x0000023dec7eb030, length=16, elements={
0x0000023dcb567fe0, 0x0000023de8012e30, 0x0000023de8014be0, 0x0000023de8017ac0,
0x0000023de8019670, 0x0000023de801a3b0, 0x0000023de801d620, 0x0000023de801fe00,
0x0000023de80283a0, 0x0000023de7fda440, 0x0000023dec57c910, 0x0000023dec735850,
0x0000023dec7361b0, 0x0000023dec7395d0, 0x0000023dec7f0fe0, 0x0000023ded227aa0
}

Java Threads: ( => current thread )
  0x0000023dcb567fe0 JavaThread "main" [_thread_in_native, id=27728, stack(0x000000a3f6e00000,0x000000a3f6f00000)]
  0x0000023de8012e30 JavaThread "Reference Handler" daemon [_thread_blocked, id=30516, stack(0x000000a3f7500000,0x000000a3f7600000)]
  0x0000023de8014be0 JavaThread "Finalizer" daemon [_thread_blocked, id=31184, stack(0x000000a3f7600000,0x000000a3f7700000)]
  0x0000023de8017ac0 JavaThread "Signal Dispatcher" daemon [_thread_blocked, id=28388, stack(0x000000a3f7700000,0x000000a3f7800000)]
  0x0000023de8019670 JavaThread "Attach Listener" daemon [_thread_blocked, id=26804, stack(0x000000a3f7800000,0x000000a3f7900000)]
  0x0000023de801a3b0 JavaThread "Service Thread" daemon [_thread_blocked, id=31312, stack(0x000000a3f7900000,0x000000a3f7a00000)]
  0x0000023de801d620 JavaThread "Monitor Deflation Thread" daemon [_thread_blocked, id=31592, stack(0x000000a3f7a00000,0x000000a3f7b00000)]
=>0x0000023de801fe00 JavaThread "C2 CompilerThread0" daemon [_thread_in_native, id=31600, stack(0x000000a3f7b00000,0x000000a3f7c00000)]
  0x0000023de80283a0 JavaThread "C1 CompilerThread0" daemon [_thread_blocked, id=31504, stack(0x000000a3f7c00000,0x000000a3f7d00000)]
  0x0000023de7fda440 JavaThread "Common-Cleaner" daemon [_thread_blocked, id=8112, stack(0x000000a3f7d00000,0x000000a3f7e00000)]
  0x0000023dec57c910 JavaThread "Notification Thread" daemon [_thread_blocked, id=31612, stack(0x000000a3f7e00000,0x000000a3f7f00000)]
  0x0000023dec735850 JavaThread "Java2D Disposer" daemon [_thread_blocked, id=30584, stack(0x000000a3f8000000,0x000000a3f8100000)]
  0x0000023dec7361b0 JavaThread "AWT-Shutdown" [_thread_blocked, id=31092, stack(0x000000a3f8100000,0x000000a3f8200000)]
  0x0000023dec7395d0 JavaThread "AWT-Windows" daemon [_thread_in_native, id=31620, stack(0x000000a3f8200000,0x000000a3f8300000)]
  0x0000023dec7f0fe0 JavaThread "Image Fetcher 0" daemon [_thread_blocked, id=26304, stack(0x000000a3f8300000,0x000000a3f8400000)]
  0x0000023ded227aa0 JavaThread "AWT-EventQueue-0" [_thread_blocked, id=23380, stack(0x000000a3f8400000,0x000000a3f8500000)]

Other Threads:
  0x0000023de7ff1f80 VMThread "VM Thread" [stack: 0x000000a3f7400000,0x000000a3f7500000] [id=31180]
  0x0000023dec57fc90 WatcherThread "VM Periodic Task Thread" [stack: 0x000000a3f7f00000,0x000000a3f8000000] [id=31188]
  0x0000023dcb5c4440 WorkerThread "GC Thread#0" [stack: 0x000000a3f6f00000,0x000000a3f7000000] [id=26652]
  0x0000023dcb5d3dd0 ConcurrentGCThread "G1 Main Marker" [stack: 0x000000a3f7000000,0x000000a3f7100000] [id=31596]
  0x0000023dcb5d49a0 WorkerThread "G1 Conc#0" [stack: 0x000000a3f7100000,0x000000a3f7200000] [id=21280]
  0x0000023de7eb44e0 ConcurrentGCThread "G1 Refine#0" [stack: 0x000000a3f7200000,0x000000a3f7300000] [id=27784]
  0x0000023dcb629c30 ConcurrentGCThread "G1 Service" [stack: 0x000000a3f7300000,0x000000a3f7400000] [id=29708]

Threads with active compile tasks:
C2 CompilerThread0      877  709   !   4       java.io.BufferedInputStream::read (54 bytes)

VM state: not at safepoint (normal execution)

VM Mutex/Monitor currently owned by a thread: None

Heap address: 0x000000008ac00000, size: 1876 MB, Compressed Oops mode: 32-bit

CDS archive(s) mapped at: [0x0000000800000000-0x0000000800c60000-0x0000000800c60000), size 12976128, SharedBaseAddress: 0x0000000800000000, ArchiveRelocationMode: 0.
Compressed class space mapped at: 0x0000000801000000-0x0000000841000000, reserved size: 1073741824
Narrow klass base: 0x0000000800000000, Narrow klass shift: 0, Narrow klass range: 0x100000000

GC Precious Log:
 CardTable entry size: 512
 Card Set container configuration: InlinePtr #cards 5 size 8 Array Of Cards #cards 12 size 40 Howl #buckets 4 coarsen threshold 1843 Howl Bitmap #cards 512 size 80 coarsen threshold 460 Card regions per heap region 1 cards per card region 2048
 CPUs: 12 total, 12 available
 Memory: 7502M
 Large Page Support: Disabled
 NUMA Support: Disabled
 Compressed Oops: Enabled (32-bit)
 Heap Region Size: 1M
 Heap Min Capacity: 8M
 Heap Initial Capacity: 118M
 Heap Max Capacity: 1876M
 Pre-touch: Disabled
 Parallel Workers: 10
 Concurrent Workers: 3
 Concurrent Refinement Workers: 10
 Periodic GC: Disabled

Heap:
 garbage-first heap   total 120832K, used 8192K [0x000000008ac00000, 0x0000000100000000)
  region size 1024K, 9 young (9216K), 0 survivors (0K)
 Metaspace       used 6681K, committed 6976K, reserved 1114112K
  class space    used 747K, committed 896K, reserved 1048576K

Heap Regions: E=young(eden), S=young(survivor), O=old, HS=humongous(starts), HC=humongous(continues), CS=collection set, F=free, OA=open archive, CA=closed archive, TAMS=top-at-mark-start, PB=parsable bottom
|   0|0x000000008ac00000, 0x000000008ac00000, 0x000000008ad00000|  0%| F|  |TAMS 0x000000008ac00000| PB 0x000000008ac00000| Untracked 
|   1|0x000000008ad00000, 0x000000008ad00000, 0x000000008ae00000|  0%| F|  |TAMS 0x000000008ad00000| PB 0x000000008ad00000| Untracked 
|   2|0x000000008ae00000, 0x000000008ae00000, 0x000000008af00000|  0%| F|  |TAMS 0x000000008ae00000| PB 0x000000008ae00000| Untracked 
|   3|0x000000008af00000, 0x000000008af00000, 0x000000008b000000|  0%| F|  |TAMS 0x000000008af00000| PB 0x000000008af00000| Untracked 
|   4|0x000000008b000000, 0x000000008b000000, 0x000000008b100000|  0%| F|  |TAMS 0x000000008b000000| PB 0x000000008b000000| Untracked 
|   5|0x000000008b100000, 0x000000008b100000, 0x000000008b200000|  0%| F|  |TAMS 0x000000008b100000| PB 0x000000008b100000| Untracked 
|   6|0x000000008b200000, 0x000000008b200000, 0x000000008b300000|  0%| F|  |TAMS 0x000000008b200000| PB 0x000000008b200000| Untracked 
|   7|0x000000008b300000, 0x000000008b300000, 0x000000008b400000|  0%| F|  |TAMS 0x000000008b300000| PB 0x000000008b300000| Untracked 
|   8|0x000000008b400000, 0x000000008b400000, 0x000000008b500000|  0%| F|  |TAMS 0x000000008b400000| PB 0x000000008b400000| Untracked 
|   9|0x000000008b500000, 0x000000008b500000, 0x000000008b600000|  0%| F|  |TAMS 0x000000008b500000| PB 0x000000008b500000| Untracked 
|  10|0x000000008b600000, 0x000000008b600000, 0x000000008b700000|  0%| F|  |TAMS 0x000000008b600000| PB 0x000000008b600000| Untracked 
|  11|0x000000008b700000, 0x000000008b700000, 0x000000008b800000|  0%| F|  |TAMS 0x000000008b700000| PB 0x000000008b700000| Untracked 
|  12|0x000000008b800000, 0x000000008b800000, 0x000000008b900000|  0%| F|  |TAMS 0x000000008b800000| PB 0x000000008b800000| Untracked 
|  13|0x000000008b900000, 0x000000008b900000, 0x000000008ba00000|  0%| F|  |TAMS 0x000000008b900000| PB 0x000000008b900000| Untracked 
|  14|0x000000008ba00000, 0x000000008ba00000, 0x000000008bb00000|  0%| F|  |TAMS 0x000000008ba00000| PB 0x000000008ba00000| Untracked 
|  15|0x000000008bb00000, 0x000000008bb00000, 0x000000008bc00000|  0%| F|  |TAMS 0x000000008bb00000| PB 0x000000008bb00000| Untracked 
|  16|0x000000008bc00000, 0x000000008bc00000, 0x000000008bd00000|  0%| F|  |TAMS 0x000000008bc00000| PB 0x000000008bc00000| Untracked 
|  17|0x000000008bd00000, 0x000000008bd00000, 0x000000008be00000|  0%| F|  |TAMS 0x000000008bd00000| PB 0x000000008bd00000| Untracked 
|  18|0x000000008be00000, 0x000000008be00000, 0x000000008bf00000|  0%| F|  |TAMS 0x000000008be00000| PB 0x000000008be00000| Untracked 
|  19|0x000000008bf00000, 0x000000008bf00000, 0x000000008c000000|  0%| F|  |TAMS 0x000000008bf00000| PB 0x000000008bf00000| Untracked 
|  20|0x000000008c000000, 0x000000008c000000, 0x000000008c100000|  0%| F|  |TAMS 0x000000008c000000| PB 0x000000008c000000| Untracked 
|  21|0x000000008c100000, 0x000000008c100000, 0x000000008c200000|  0%| F|  |TAMS 0x000000008c100000| PB 0x000000008c100000| Untracked 
|  22|0x000000008c200000, 0x000000008c200000, 0x000000008c300000|  0%| F|  |TAMS 0x000000008c200000| PB 0x000000008c200000| Untracked 
|  23|0x000000008c300000, 0x000000008c300000, 0x000000008c400000|  0%| F|  |TAMS 0x000000008c300000| PB 0x000000008c300000| Untracked 
|  24|0x000000008c400000, 0x000000008c400000, 0x000000008c500000|  0%| F|  |TAMS 0x000000008c400000| PB 0x000000008c400000| Untracked 
|  25|0x000000008c500000, 0x000000008c500000, 0x000000008c600000|  0%| F|  |TAMS 0x000000008c500000| PB 0x000000008c500000| Untracked 
|  26|0x000000008c600000, 0x000000008c600000, 0x000000008c700000|  0%| F|  |TAMS 0x000000008c600000| PB 0x000000008c600000| Untracked 
|  27|0x000000008c700000, 0x000000008c700000, 0x000000008c800000|  0%| F|  |TAMS 0x000000008c700000| PB 0x000000008c700000| Untracked 
|  28|0x000000008c800000, 0x000000008c800000, 0x000000008c900000|  0%| F|  |TAMS 0x000000008c800000| PB 0x000000008c800000| Untracked 
|  29|0x000000008c900000, 0x000000008c900000, 0x000000008ca00000|  0%| F|  |TAMS 0x000000008c900000| PB 0x000000008c900000| Untracked 
|  30|0x000000008ca00000, 0x000000008ca00000, 0x000000008cb00000|  0%| F|  |TAMS 0x000000008ca00000| PB 0x000000008ca00000| Untracked 
|  31|0x000000008cb00000, 0x000000008cb00000, 0x000000008cc00000|  0%| F|  |TAMS 0x000000008cb00000| PB 0x000000008cb00000| Untracked 
|  32|0x000000008cc00000, 0x000000008cc00000, 0x000000008cd00000|  0%| F|  |TAMS 0x000000008cc00000| PB 0x000000008cc00000| Untracked 
|  33|0x000000008cd00000, 0x000000008cd00000, 0x000000008ce00000|  0%| F|  |TAMS 0x000000008cd00000| PB 0x000000008cd00000| Untracked 
|  34|0x000000008ce00000, 0x000000008ce00000, 0x000000008cf00000|  0%| F|  |TAMS 0x000000008ce00000| PB 0x000000008ce00000| Untracked 
|  35|0x000000008cf00000, 0x000000008cf00000, 0x000000008d000000|  0%| F|  |TAMS 0x000000008cf00000| PB 0x000000008cf00000| Untracked 
|  36|0x000000008d000000, 0x000000008d000000, 0x000000008d100000|  0%| F|  |TAMS 0x000000008d000000| PB 0x000000008d000000| Untracked 
|  37|0x000000008d100000, 0x000000008d100000, 0x000000008d200000|  0%| F|  |TAMS 0x000000008d100000| PB 0x000000008d100000| Untracked 
|  38|0x000000008d200000, 0x000000008d200000, 0x000000008d300000|  0%| F|  |TAMS 0x000000008d200000| PB 0x000000008d200000| Untracked 
|  39|0x000000008d300000, 0x000000008d300000, 0x000000008d400000|  0%| F|  |TAMS 0x000000008d300000| PB 0x000000008d300000| Untracked 
|  40|0x000000008d400000, 0x000000008d400000, 0x000000008d500000|  0%| F|  |TAMS 0x000000008d400000| PB 0x000000008d400000| Untracked 
|  41|0x000000008d500000, 0x000000008d500000, 0x000000008d600000|  0%| F|  |TAMS 0x000000008d500000| PB 0x000000008d500000| Untracked 
|  42|0x000000008d600000, 0x000000008d600000, 0x000000008d700000|  0%| F|  |TAMS 0x000000008d600000| PB 0x000000008d600000| Untracked 
|  43|0x000000008d700000, 0x000000008d700000, 0x000000008d800000|  0%| F|  |TAMS 0x000000008d700000| PB 0x000000008d700000| Untracked 
|  44|0x000000008d800000, 0x000000008d800000, 0x000000008d900000|  0%| F|  |TAMS 0x000000008d800000| PB 0x000000008d800000| Untracked 
|  45|0x000000008d900000, 0x000000008d900000, 0x000000008da00000|  0%| F|  |TAMS 0x000000008d900000| PB 0x000000008d900000| Untracked 
|  46|0x000000008da00000, 0x000000008da00000, 0x000000008db00000|  0%| F|  |TAMS 0x000000008da00000| PB 0x000000008da00000| Untracked 
|  47|0x000000008db00000, 0x000000008db00000, 0x000000008dc00000|  0%| F|  |TAMS 0x000000008db00000| PB 0x000000008db00000| Untracked 
|  48|0x000000008dc00000, 0x000000008dc00000, 0x000000008dd00000|  0%| F|  |TAMS 0x000000008dc00000| PB 0x000000008dc00000| Untracked 
|  49|0x000000008dd00000, 0x000000008dd00000, 0x000000008de00000|  0%| F|  |TAMS 0x000000008dd00000| PB 0x000000008dd00000| Untracked 
|  50|0x000000008de00000, 0x000000008de00000, 0x000000008df00000|  0%| F|  |TAMS 0x000000008de00000| PB 0x000000008de00000| Untracked 
|  51|0x000000008df00000, 0x000000008df00000, 0x000000008e000000|  0%| F|  |TAMS 0x000000008df00000| PB 0x000000008df00000| Untracked 
|  52|0x000000008e000000, 0x000000008e000000, 0x000000008e100000|  0%| F|  |TAMS 0x000000008e000000| PB 0x000000008e000000| Untracked 
|  53|0x000000008e100000, 0x000000008e100000, 0x000000008e200000|  0%| F|  |TAMS 0x000000008e100000| PB 0x000000008e100000| Untracked 
|  54|0x000000008e200000, 0x000000008e200000, 0x000000008e300000|  0%| F|  |TAMS 0x000000008e200000| PB 0x000000008e200000| Untracked 
|  55|0x000000008e300000, 0x000000008e300000, 0x000000008e400000|  0%| F|  |TAMS 0x000000008e300000| PB 0x000000008e300000| Untracked 
|  56|0x000000008e400000, 0x000000008e400000, 0x000000008e500000|  0%| F|  |TAMS 0x000000008e400000| PB 0x000000008e400000| Untracked 
|  57|0x000000008e500000, 0x000000008e500000, 0x000000008e600000|  0%| F|  |TAMS 0x000000008e500000| PB 0x000000008e500000| Untracked 
|  58|0x000000008e600000, 0x000000008e600000, 0x000000008e700000|  0%| F|  |TAMS 0x000000008e600000| PB 0x000000008e600000| Untracked 
|  59|0x000000008e700000, 0x000000008e700000, 0x000000008e800000|  0%| F|  |TAMS 0x000000008e700000| PB 0x000000008e700000| Untracked 
|  60|0x000000008e800000, 0x000000008e800000, 0x000000008e900000|  0%| F|  |TAMS 0x000000008e800000| PB 0x000000008e800000| Untracked 
|  61|0x000000008e900000, 0x000000008e900000, 0x000000008ea00000|  0%| F|  |TAMS 0x000000008e900000| PB 0x000000008e900000| Untracked 
|  62|0x000000008ea00000, 0x000000008ea00000, 0x000000008eb00000|  0%| F|  |TAMS 0x000000008ea00000| PB 0x000000008ea00000| Untracked 
|  63|0x000000008eb00000, 0x000000008eb00000, 0x000000008ec00000|  0%| F|  |TAMS 0x000000008eb00000| PB 0x000000008eb00000| Untracked 
|  64|0x000000008ec00000, 0x000000008ec00000, 0x000000008ed00000|  0%| F|  |TAMS 0x000000008ec00000| PB 0x000000008ec00000| Untracked 
|  65|0x000000008ed00000, 0x000000008ed00000, 0x000000008ee00000|  0%| F|  |TAMS 0x000000008ed00000| PB 0x000000008ed00000| Untracked 
|  66|0x000000008ee00000, 0x000000008ee00000, 0x000000008ef00000|  0%| F|  |TAMS 0x000000008ee00000| PB 0x000000008ee00000| Untracked 
|  67|0x000000008ef00000, 0x000000008ef00000, 0x000000008f000000|  0%| F|  |TAMS 0x000000008ef00000| PB 0x000000008ef00000| Untracked 
|  68|0x000000008f000000, 0x000000008f000000, 0x000000008f100000|  0%| F|  |TAMS 0x000000008f000000| PB 0x000000008f000000| Untracked 
|  69|0x000000008f100000, 0x000000008f100000, 0x000000008f200000|  0%| F|  |TAMS 0x000000008f100000| PB 0x000000008f100000| Untracked 
|  70|0x000000008f200000, 0x000000008f200000, 0x000000008f300000|  0%| F|  |TAMS 0x000000008f200000| PB 0x000000008f200000| Untracked 
|  71|0x000000008f300000, 0x000000008f300000, 0x000000008f400000|  0%| F|  |TAMS 0x000000008f300000| PB 0x000000008f300000| Untracked 
|  72|0x000000008f400000, 0x000000008f400000, 0x000000008f500000|  0%| F|  |TAMS 0x000000008f400000| PB 0x000000008f400000| Untracked 
|  73|0x000000008f500000, 0x000000008f500000, 0x000000008f600000|  0%| F|  |TAMS 0x000000008f500000| PB 0x000000008f500000| Untracked 
|  74|0x000000008f600000, 0x000000008f600000, 0x000000008f700000|  0%| F|  |TAMS 0x000000008f600000| PB 0x000000008f600000| Untracked 
|  75|0x000000008f700000, 0x000000008f700000, 0x000000008f800000|  0%| F|  |TAMS 0x000000008f700000| PB 0x000000008f700000| Untracked 
|  76|0x000000008f800000, 0x000000008f800000, 0x000000008f900000|  0%| F|  |TAMS 0x000000008f800000| PB 0x000000008f800000| Untracked 
|  77|0x000000008f900000, 0x000000008f900000, 0x000000008fa00000|  0%| F|  |TAMS 0x000000008f900000| PB 0x000000008f900000| Untracked 
|  78|0x000000008fa00000, 0x000000008fa00000, 0x000000008fb00000|  0%| F|  |TAMS 0x000000008fa00000| PB 0x000000008fa00000| Untracked 
|  79|0x000000008fb00000, 0x000000008fb00000, 0x000000008fc00000|  0%| F|  |TAMS 0x000000008fb00000| PB 0x000000008fb00000| Untracked 
|  80|0x000000008fc00000, 0x000000008fc00000, 0x000000008fd00000|  0%| F|  |TAMS 0x000000008fc00000| PB 0x000000008fc00000| Untracked 
|  81|0x000000008fd00000, 0x000000008fd00000, 0x000000008fe00000|  0%| F|  |TAMS 0x000000008fd00000| PB 0x000000008fd00000| Untracked 
|  82|0x000000008fe00000, 0x000000008fe00000, 0x000000008ff00000|  0%| F|  |TAMS 0x000000008fe00000| PB 0x000000008fe00000| Untracked 
|  83|0x000000008ff00000, 0x000000008ff00000, 0x0000000090000000|  0%| F|  |TAMS 0x000000008ff00000| PB 0x000000008ff00000| Untracked 
|  84|0x0000000090000000, 0x0000000090000000, 0x0000000090100000|  0%| F|  |TAMS 0x0000000090000000| PB 0x0000000090000000| Untracked 
|  85|0x0000000090100000, 0x0000000090100000, 0x0000000090200000|  0%| F|  |TAMS 0x0000000090100000| PB 0x0000000090100000| Untracked 
|  86|0x0000000090200000, 0x0000000090200000, 0x0000000090300000|  0%| F|  |TAMS 0x0000000090200000| PB 0x0000000090200000| Untracked 
|  87|0x0000000090300000, 0x0000000090300000, 0x0000000090400000|  0%| F|  |TAMS 0x0000000090300000| PB 0x0000000090300000| Untracked 
|  88|0x0000000090400000, 0x0000000090400000, 0x0000000090500000|  0%| F|  |TAMS 0x0000000090400000| PB 0x0000000090400000| Untracked 
|  89|0x0000000090500000, 0x0000000090500000, 0x0000000090600000|  0%| F|  |TAMS 0x0000000090500000| PB 0x0000000090500000| Untracked 
|  90|0x0000000090600000, 0x0000000090600000, 0x0000000090700000|  0%| F|  |TAMS 0x0000000090600000| PB 0x0000000090600000| Untracked 
|  91|0x0000000090700000, 0x0000000090700000, 0x0000000090800000|  0%| F|  |TAMS 0x0000000090700000| PB 0x0000000090700000| Untracked 
|  92|0x0000000090800000, 0x0000000090800000, 0x0000000090900000|  0%| F|  |TAMS 0x0000000090800000| PB 0x0000000090800000| Untracked 
|  93|0x0000000090900000, 0x0000000090900000, 0x0000000090a00000|  0%| F|  |TAMS 0x0000000090900000| PB 0x0000000090900000| Untracked 
|  94|0x0000000090a00000, 0x0000000090a00000, 0x0000000090b00000|  0%| F|  |TAMS 0x0000000090a00000| PB 0x0000000090a00000| Untracked 
|  95|0x0000000090b00000, 0x0000000090b00000, 0x0000000090c00000|  0%| F|  |TAMS 0x0000000090b00000| PB 0x0000000090b00000| Untracked 
|  96|0x0000000090c00000, 0x0000000090c00000, 0x0000000090d00000|  0%| F|  |TAMS 0x0000000090c00000| PB 0x0000000090c00000| Untracked 
|  97|0x0000000090d00000, 0x0000000090d00000, 0x0000000090e00000|  0%| F|  |TAMS 0x0000000090d00000| PB 0x0000000090d00000| Untracked 
|  98|0x0000000090e00000, 0x0000000090e00000, 0x0000000090f00000|  0%| F|  |TAMS 0x0000000090e00000| PB 0x0000000090e00000| Untracked 
|  99|0x0000000090f00000, 0x0000000090f00000, 0x0000000091000000|  0%| F|  |TAMS 0x0000000090f00000| PB 0x0000000090f00000| Untracked 
| 100|0x0000000091000000, 0x0000000091000000, 0x0000000091100000|  0%| F|  |TAMS 0x0000000091000000| PB 0x0000000091000000| Untracked 
| 101|0x0000000091100000, 0x0000000091100000, 0x0000000091200000|  0%| F|  |TAMS 0x0000000091100000| PB 0x0000000091100000| Untracked 
| 102|0x0000000091200000, 0x0000000091200000, 0x0000000091300000|  0%| F|  |TAMS 0x0000000091200000| PB 0x0000000091200000| Untracked 
| 103|0x0000000091300000, 0x0000000091300000, 0x0000000091400000|  0%| F|  |TAMS 0x0000000091300000| PB 0x0000000091300000| Untracked 
| 104|0x0000000091400000, 0x0000000091400000, 0x0000000091500000|  0%| F|  |TAMS 0x0000000091400000| PB 0x0000000091400000| Untracked 
| 105|0x0000000091500000, 0x0000000091500000, 0x0000000091600000|  0%| F|  |TAMS 0x0000000091500000| PB 0x0000000091500000| Untracked 
| 106|0x0000000091600000, 0x0000000091600000, 0x0000000091700000|  0%| F|  |TAMS 0x0000000091600000| PB 0x0000000091600000| Untracked 
| 107|0x0000000091700000, 0x0000000091700000, 0x0000000091800000|  0%| F|  |TAMS 0x0000000091700000| PB 0x0000000091700000| Untracked 
| 108|0x0000000091800000, 0x0000000091800000, 0x0000000091900000|  0%| F|  |TAMS 0x0000000091800000| PB 0x0000000091800000| Untracked 
| 109|0x0000000091900000, 0x0000000091a00000, 0x0000000091a00000|100%| E|  |TAMS 0x0000000091900000| PB 0x0000000091900000| Complete 
| 110|0x0000000091a00000, 0x0000000091b00000, 0x0000000091b00000|100%| E|CS|TAMS 0x0000000091a00000| PB 0x0000000091a00000| Complete 
| 111|0x0000000091b00000, 0x0000000091c00000, 0x0000000091c00000|100%| E|CS|TAMS 0x0000000091b00000| PB 0x0000000091b00000| Complete 
| 112|0x0000000091c00000, 0x0000000091d00000, 0x0000000091d00000|100%| E|CS|TAMS 0x0000000091c00000| PB 0x0000000091c00000| Complete 
| 113|0x0000000091d00000, 0x0000000091e00000, 0x0000000091e00000|100%| E|CS|TAMS 0x0000000091d00000| PB 0x0000000091d00000| Complete 
| 114|0x0000000091e00000, 0x0000000091f00000, 0x0000000091f00000|100%| E|CS|TAMS 0x0000000091e00000| PB 0x0000000091e00000| Complete 
| 115|0x0000000091f00000, 0x0000000092000000, 0x0000000092000000|100%| E|CS|TAMS 0x0000000091f00000| PB 0x0000000091f00000| Complete 
| 116|0x0000000092000000, 0x0000000092100000, 0x0000000092100000|100%| E|CS|TAMS 0x0000000092000000| PB 0x0000000092000000| Complete 
| 117|0x0000000092100000, 0x0000000092200000, 0x0000000092200000|100%| E|CS|TAMS 0x0000000092100000| PB 0x0000000092100000| Complete 

Card table byte_map: [0x0000023de2f20000,0x0000023de32d0000] _byte_map_base: 0x0000023de2aca000

Marking Bits: (CMBitMap*) 0x0000023dcb5c4a70
 Bits: [0x0000023de3680000, 0x0000023de53d0000)

Polling page: 0x0000023dcad30000

Metaspace:

Usage:
  Non-class:      5.88 MB used.
      Class:    757.84 KB used.
       Both:      6.62 MB used.

Virtual space:
  Non-class space:       64.00 MB reserved,       6.00 MB (  9%) committed,  1 nodes.
      Class space:        1.00 GB reserved,     896.00 KB ( <1%) committed,  1 nodes.
             Both:        1.06 GB reserved,       6.88 MB ( <1%) committed. 

Chunk freelists:
   Non-Class:  2.06 MB
       Class:  3.12 MB
        Both:  5.17 MB

MaxMetaspaceSize: unlimited
CompressedClassSpaceSize: 1.00 GB
Initial GC threshold: 21.00 MB
Current GC threshold: 21.00 MB
CDS: on
MetaspaceReclaimPolicy: balanced
 - commit_granule_bytes: 65536.
 - commit_granule_words: 8192.
 - virtual_space_node_default_size: 8388608.
 - enlarge_chunks_in_place: 1.
 - new_chunks_are_fully_committed: 0.
 - uncommit_free_chunks: 1.
 - use_allocation_guard: 0.


Internal statistics:

num_allocs_failed_limit: 0.
num_arena_births: 130.
num_arena_deaths: 0.
num_vsnodes_births: 2.
num_vsnodes_deaths: 0.
num_space_committed: 110.
num_space_uncommitted: 0.
num_chunks_returned_to_freelist: 0.
num_chunks_taken_from_freelist: 156.
num_chunk_merges: 0.
num_chunk_splits: 94.
num_chunks_enlarged: 42.
num_inconsistent_stats: 0.

CodeHeap 'non-profiled nmethods': size=120000Kb used=242Kb max_used=242Kb free=119757Kb
 bounds [0x0000023ddb0f0000, 0x0000023ddb360000, 0x0000023de2620000]
CodeHeap 'profiled nmethods': size=120000Kb used=1266Kb max_used=1266Kb free=118733Kb
 bounds [0x0000023dd3620000, 0x0000023dd3890000, 0x0000023ddab50000]
CodeHeap 'non-nmethods': size=5760Kb used=1567Kb max_used=1567Kb free=4193Kb
 bounds [0x0000023ddab50000, 0x0000023ddadc0000, 0x0000023ddb0f0000]
 total_blobs=1380 nmethods=797 adapters=494
 compilation: enabled
              stopped_count=0, restarted_count=0
 full_count=0

Compilation events (20 events):
Event: 0.834 Thread 0x0000023de80283a0  773       3       jdk.internal.logger.LazyLoggers$LazyLoggerWrapper::platformProxy (10 bytes)
Event: 0.834 Thread 0x0000023de80283a0 nmethod 773 0x0000023dd3754f10 code [0x0000023dd37550a0, 0x0000023dd3755230]
Event: 0.834 Thread 0x0000023de80283a0  774   !   3       jdk.internal.logger.LazyLoggers$LazyLoggerAccessor::platform (103 bytes)
Event: 0.835 Thread 0x0000023de80283a0 nmethod 774 0x0000023dd3755310 code [0x0000023dd3755540, 0x0000023dd3756240]
Event: 0.835 Thread 0x0000023de80283a0  775       3       jdk.internal.logger.SimpleConsoleLogger::isLoggable (29 bytes)
Event: 0.836 Thread 0x0000023de801fe00 nmethod 708% 0x0000023ddb126390 code [0x0000023ddb126660, 0x0000023ddb129100]
Event: 0.836 Thread 0x0000023de80283a0 nmethod 775 0x0000023dd3756590 code [0x0000023dd3756740, 0x0000023dd3756a90]
Event: 0.837 Thread 0x0000023de80283a0  772       1       java.awt.Component::getParent_NoClientCode (5 bytes)
Event: 0.837 Thread 0x0000023de80283a0 nmethod 772 0x0000023ddb12aa90 code [0x0000023ddb12ac00, 0x0000023ddb12acc8]
Event: 0.838 Thread 0x0000023de801fe00  752       4       java.lang.Object::<init> (1 bytes)
Event: 0.839 Thread 0x0000023de801fe00 nmethod 752 0x0000023ddb12ad90 code [0x0000023ddb12af00, 0x0000023ddb12afc0]
Event: 0.839 Thread 0x0000023de801fe00  709   !   4       java.io.BufferedInputStream::read (54 bytes)
Event: 0.842 Thread 0x0000023de80283a0  776       3       java.lang.Integer::valueOf (32 bytes)
Event: 0.842 Thread 0x0000023de80283a0 nmethod 776 0x0000023dd3756b90 code [0x0000023dd3756d40, 0x0000023dd3757060]
Event: 0.842 Thread 0x0000023de80283a0  777       3       java.lang.Integer::<init> (10 bytes)
Event: 0.842 Thread 0x0000023de80283a0 nmethod 777 0x0000023dd3757190 code [0x0000023dd3757320, 0x0000023dd37574f0]
Event: 0.842 Thread 0x0000023de80283a0  779       3       java.lang.Integer::hashCode (2 bytes)
Event: 0.842 Thread 0x0000023de80283a0 nmethod 779 0x0000023dd3757610 code [0x0000023dd37577a0, 0x0000023dd3757890]
Event: 0.842 Thread 0x0000023de80283a0  778       3       java.lang.Integer::hashCode (8 bytes)
Event: 0.842 Thread 0x0000023de80283a0 nmethod 778 0x0000023dd3757910 code [0x0000023dd3757aa0, 0x0000023dd3757c08]

GC Heap History (0 events):
No events

Dll operation events (7 events):
Event: 0.015 Loaded shared library C:\Program Files\Java\jdk-20\bin\java.dll
Event: 0.032 Loaded shared library C:\Program Files\Java\jdk-20\bin\jsvml.dll
Event: 0.118 Loaded shared library C:\Program Files\Java\jdk-20\bin\net.dll
Event: 0.122 Loaded shared library C:\Program Files\Java\jdk-20\bin\nio.dll
Event: 0.170 Loaded shared library C:\Program Files\Java\jdk-20\bin\jimage.dll
Event: 0.199 Loaded shared library C:\Program Files\Java\jdk-20\bin\awt.dll
Event: 0.610 Loaded shared library C:\Program Files\Java\jdk-20\bin\zip.dll

Deoptimization events (16 events):
Event: 0.459 Thread 0x0000023dcb567fe0 Uncommon trap: trap_request=0xffffff45 fr.pc=0x0000023ddb0ff5b4 relative=0x0000000000000934
Event: 0.459 Thread 0x0000023dcb567fe0 Uncommon trap: reason=unstable_if action=reinterpret pc=0x0000023ddb0ff5b4 method=java.util.HashMap.putVal(ILjava/lang/Object;Ljava/lang/Object;ZZ)Ljava/lang/Object; @ 236 c2
Event: 0.459 Thread 0x0000023dcb567fe0 DEOPT PACKING pc=0x0000023ddb0ff5b4 sp=0x000000a3f6efdfc0
Event: 0.459 Thread 0x0000023dcb567fe0 DEOPT UNPACKING pc=0x0000023ddabb9d22 sp=0x000000a3f6efdf68 mode 2
Event: 0.665 Thread 0x0000023dec7f0fe0 Uncommon trap: trap_request=0xffffff45 fr.pc=0x0000023ddb11dda8 relative=0x00000000000006c8
Event: 0.665 Thread 0x0000023dec7f0fe0 Uncommon trap: reason=unstable_if action=reinterpret pc=0x0000023ddb11dda8 method=java.util.regex.Matcher.search(I)Z @ 30 c2
Event: 0.665 Thread 0x0000023dec7f0fe0 DEOPT PACKING pc=0x0000023ddb11dda8 sp=0x000000a3f83fea20
Event: 0.665 Thread 0x0000023dec7f0fe0 DEOPT UNPACKING pc=0x0000023ddabb9d22 sp=0x000000a3f83fea00 mode 2
Event: 0.824 Thread 0x0000023dcb567fe0 Uncommon trap: trap_request=0xffffff45 fr.pc=0x0000023ddb119dc4 relative=0x0000000000000144
Event: 0.825 Thread 0x0000023dcb567fe0 Uncommon trap: reason=unstable_if action=reinterpret pc=0x0000023ddb119dc4 method=java.util.concurrent.locks.ReentrantLock$NonfairSync.initialTryLock()Z @ 10 c2
Event: 0.825 Thread 0x0000023dcb567fe0 DEOPT PACKING pc=0x0000023ddb119dc4 sp=0x000000a3f6eff090
Event: 0.825 Thread 0x0000023dcb567fe0 DEOPT UNPACKING pc=0x0000023ddabb9d22 sp=0x000000a3f6eff038 mode 2
Event: 0.826 Thread 0x0000023dcb567fe0 Uncommon trap: trap_request=0xffffff45 fr.pc=0x0000023ddb12344c relative=0x00000000000000cc
Event: 0.826 Thread 0x0000023dcb567fe0 Uncommon trap: reason=unstable_if action=reinterpret pc=0x0000023ddb12344c method=java.util.concurrent.locks.ReentrantLock$Sync.tryRelease(I)Z @ 26 c2
Event: 0.826 Thread 0x0000023dcb567fe0 DEOPT PACKING pc=0x0000023ddb12344c sp=0x000000a3f6eff090
Event: 0.826 Thread 0x0000023dcb567fe0 DEOPT UNPACKING pc=0x0000023ddabb9d22 sp=0x000000a3f6eff030 mode 2

Classes loaded (20 events):
Event: 0.839 Loading class java/awt/peer/CanvasPeer
Event: 0.839 Loading class java/awt/peer/CanvasPeer done
Event: 0.839 Loading class sun/awt/windows/WCanvasPeer done
Event: 0.839 Loading class sun/awt/windows/WPanelPeer done
Event: 0.839 Loading class sun/awt/windows/WWindowPeer done
Event: 0.839 Loading class sun/awt/windows/WFramePeer done
Event: 0.840 Loading class sun/awt/windows/WWindowPeer$ActiveWindowListener
Event: 0.840 Loading class sun/awt/windows/WWindowPeer$ActiveWindowListener done
Event: 0.840 Loading class sun/awt/windows/WWindowPeer$GuiDisposedListener
Event: 0.840 Loading class sun/awt/windows/WWindowPeer$GuiDisposedListener done
Event: 0.840 Loading class sun/awt/RepaintArea
Event: 0.840 Loading class sun/awt/RepaintArea done
Event: 0.841 Loading class sun/awt/ExtendedKeyCodes
Event: 0.841 Loading class sun/awt/ExtendedKeyCodes done
Event: 0.844 Loading class sun/awt/EmbeddedFrame
Event: 0.845 Loading class sun/awt/EmbeddedFrame done
Event: 0.845 Loading class sun/awt/LightweightFrame
Event: 0.845 Loading class sun/awt/LightweightFrame done
Event: 0.846 Loading class sun/awt/im/InputMethodWindow
Event: 0.846 Loading class sun/awt/im/InputMethodWindow done

Classes unloaded (0 events):
No events

Classes redefined (0 events):
No events

Internal exceptions (16 events):
Event: 0.124 Thread 0x0000023dcb567fe0 Exception <a 'sun/nio/fs/WindowsException'{0x0000000092043d30}> (0x0000000092043d30) 
thrown [s\open\src\hotspot\share\prims\jni.cpp, line 519]
Event: 0.128 Thread 0x0000023dcb567fe0 Exception <a 'sun/nio/fs/WindowsException'{0x0000000092046300}> (0x0000000092046300) 
thrown [s\open\src\hotspot\share\prims\jni.cpp, line 519]
Event: 0.128 Thread 0x0000023dcb567fe0 Exception <a 'sun/nio/fs/WindowsException'{0x0000000092046e80}> (0x0000000092046e80) 
thrown [s\open\src\hotspot\share\prims\jni.cpp, line 519]
Event: 0.128 Thread 0x0000023dcb567fe0 Exception <a 'sun/nio/fs/WindowsException'{0x00000000920479e8}> (0x00000000920479e8) 
thrown [s\open\src\hotspot\share\prims\jni.cpp, line 519]
Event: 0.129 Thread 0x0000023dcb567fe0 Exception <a 'sun/nio/fs/WindowsException'{0x0000000092048538}> (0x0000000092048538) 
thrown [s\open\src\hotspot\share\prims\jni.cpp, line 519]
Event: 0.129 Thread 0x0000023dcb567fe0 Exception <a 'sun/nio/fs/WindowsException'{0x0000000092049088}> (0x0000000092049088) 
thrown [s\open\src\hotspot\share\prims\jni.cpp, line 519]
Event: 0.180 Thread 0x0000023dcb567fe0 Exception <a 'java/lang/ClassNotFoundException'{0x0000000091f722e8}: sun/awt/resources/spi/awtProvider> (0x0000000091f722e8) 
thrown [s\open\src\hotspot\share\classfile\systemDictionary.cpp, line 305]
Event: 0.223 Thread 0x0000023dcb567fe0 Exception <a 'java/io/FileNotFoundException'{0x0000000091fc8c40}> (0x0000000091fc8c40) 
thrown [s\open\src\hotspot\share\prims\jni.cpp, line 519]
Event: 0.239 Thread 0x0000023dcb567fe0 Exception <a 'java/io/FileNotFoundException'{0x0000000091ff2eb8}> (0x0000000091ff2eb8) 
thrown [s\open\src\hotspot\share\prims\jni.cpp, line 519]
Event: 0.464 Thread 0x0000023dcb567fe0 Exception <a 'java/lang/NoSuchMethodError'{0x0000000091d11de0}: 'void java.lang.invoke.DirectMethodHandle$Holder.invokeSpecial(java.lang.Object, java.lang.Object, java.lang.Object)'> (0x0000000091d11de0) 
thrown [s\open\src\hotspot\share\interpreter\linkResolver.cpp, line 773]
Event: 0.484 Thread 0x0000023dcb567fe0 Exception <a 'java/lang/NoSuchMethodError'{0x0000000091d3c4b8}: 'java.lang.Object java.lang.invoke.DirectMethodHandle$Holder.newInvokeSpecial(java.lang.Object, java.lang.Object, java.lang.Object, java.lang.Object, java.lang.Object)'> (0x0000000091d3c4b8) 
thrown [s\open\src\hotspot\share\interpreter\linkResolver.cpp, line 773]
Event: 0.497 Thread 0x0000023dcb567fe0 Exception <a 'java/lang/NoSuchMethodError'{0x0000000091d6cd60}: 'java.lang.Object java.lang.invoke.DirectMethodHandle$Holder.invokeStatic(java.lang.Object, int, java.lang.Object)'> (0x0000000091d6cd60) 
thrown [s\open\src\hotspot\share\interpreter\linkResolver.cpp, line 773]
Event: 0.549 Thread 0x0000023dcb567fe0 Exception <a 'java/lang/ClassNotFoundException'{0x0000000091c28778}: com/sun/swing/internal/plaf/metal/resources/spi/metalProvider> (0x0000000091c28778) 
thrown [s\open\src\hotspot\share\classfile\systemDictionary.cpp, line 305]
Event: 0.551 Thread 0x0000023dcb567fe0 Exception <a 'java/lang/ClassNotFoundException'{0x0000000091c2c6d8}: com/sun/swing/internal/plaf/basic/resources/spi/basicProvider> (0x0000000091c2c6d8) 
thrown [s\open\src\hotspot\share\classfile\systemDictionary.cpp, line 305]
Event: 0.568 Thread 0x0000023dcb567fe0 Exception <a 'java/lang/NoSuchMethodError'{0x0000000091c4b928}: 'int java.lang.invoke.Invokers$Holder.invokeExact_MT(java.lang.Object, java.lang.Object)'> (0x0000000091c4b928) 
thrown [s\open\src\hotspot\share\interpreter\linkResolver.cpp, line 773]
Event: 0.690 Thread 0x0000023dec7f0fe0 Exception <a 'java/lang/NoSuchMethodError'{0x0000000091a1a558}: 'java.lang.Object java.lang.invoke.DirectMethodHandle$Holder.newInvokeSpecial(java.lang.Object, java.lang.Object, java.lang.Object, int, int, int, int, int)'> (0x0000000091a1a558) 
thrown [s\open\src\hotspot\share\interpreter\linkResolver.cpp, line 773]

VM Operations (10 events):
Event: 0.131 Executing VM operation: HandshakeAllThreads
Event: 0.131 Executing VM operation: HandshakeAllThreads done
Event: 0.259 Executing VM operation: HandshakeAllThreads
Event: 0.259 Executing VM operation: HandshakeAllThreads done
Event: 0.661 Executing VM operation: HandshakeAllThreads
Event: 0.661 Executing VM operation: HandshakeAllThreads done
Event: 0.722 Executing VM operation: HandshakeAllThreads
Event: 0.722 Executing VM operation: HandshakeAllThreads done
Event: 0.805 Executing VM operation: HandshakeAllThreads
Event: 0.805 Executing VM operation: HandshakeAllThreads done

Events (16 events):
Event: 0.033 Thread 0x0000023dcb567fe0 Thread added: 0x0000023dcb567fe0
Event: 0.054 Thread 0x0000023de8012e30 Thread added: 0x0000023de8012e30
Event: 0.054 Thread 0x0000023de8014be0 Thread added: 0x0000023de8014be0
Event: 0.054 Thread 0x0000023de8017ac0 Thread added: 0x0000023de8017ac0
Event: 0.054 Thread 0x0000023de8019670 Thread added: 0x0000023de8019670
Event: 0.055 Thread 0x0000023de801a3b0 Thread added: 0x0000023de801a3b0
Event: 0.055 Thread 0x0000023de801d620 Thread added: 0x0000023de801d620
Event: 0.055 Thread 0x0000023de801fe00 Thread added: 0x0000023de801fe00
Event: 0.055 Thread 0x0000023de80283a0 Thread added: 0x0000023de80283a0
Event: 0.095 Thread 0x0000023de7fda440 Thread added: 0x0000023de7fda440
Event: 0.149 Thread 0x0000023dec57c910 Thread added: 0x0000023dec57c910
Event: 0.325 Thread 0x0000023dec735850 Thread added: 0x0000023dec735850
Event: 0.329 Thread 0x0000023dec7361b0 Thread added: 0x0000023dec7361b0
Event: 0.333 Thread 0x0000023dec7395d0 Thread added: 0x0000023dec7395d0
Event: 0.579 Thread 0x0000023dec7f0fe0 Thread added: 0x0000023dec7f0fe0
Event: 0.826 Thread 0x0000023ded227aa0 Thread added: 0x0000023ded227aa0


Dynamic libraries:
0x00007ff6e1550000 - 0x00007ff6e1560000 	C:\Program Files\Java\jdk-20\bin\java.exe
0x00007ffb664b0000 - 0x00007ffb666c4000 	C:\WINDOWS\SYSTEM32\ntdll.dll
0x00007ffb64b80000 - 0x00007ffb64c44000 	C:\WINDOWS\System32\KERNEL32.DLL
0x00007ffb639d0000 - 0x00007ffb63d74000 	C:\WINDOWS\System32\KERNELBASE.dll
0x00007ffb63d80000 - 0x00007ffb63e91000 	C:\WINDOWS\System32\ucrtbase.dll
0x00007ffb60b20000 - 0x00007ffb60b3b000 	C:\Program Files\Java\jdk-20\bin\VCRUNTIME140.dll
0x00007ffb5ebc0000 - 0x00007ffb5ebd9000 	C:\Program Files\Java\jdk-20\bin\jli.dll
0x00007ffb64ee0000 - 0x00007ffb64f90000 	C:\WINDOWS\System32\ADVAPI32.dll
0x00007ffb65780000 - 0x00007ffb65827000 	C:\WINDOWS\System32\msvcrt.dll
0x00007ffb65320000 - 0x00007ffb653c6000 	C:\WINDOWS\System32\sechost.dll
0x00007ffb66240000 - 0x00007ffb66357000 	C:\WINDOWS\System32\RPCRT4.dll
0x00007ffb65490000 - 0x00007ffb6563e000 	C:\WINDOWS\System32\USER32.dll
0x00007ffb639a0000 - 0x00007ffb639c6000 	C:\WINDOWS\System32\win32u.dll
0x00007ffb65410000 - 0x00007ffb65439000 	C:\WINDOWS\System32\GDI32.dll
0x00007ffb4cf10000 - 0x00007ffb4d1a3000 	C:\WINDOWS\WinSxS\amd64_microsoft.windows.common-controls_6595b64144ccf1df_6.0.22621.2215_none_270d72677387dfc3\COMCTL32.dll
0x00007ffb63f40000 - 0x00007ffb64058000 	C:\WINDOWS\System32\gdi32full.dll
0x00007ffb63ea0000 - 0x00007ffb63f3a000 	C:\WINDOWS\System32\msvcp_win.dll
0x00007ffb5a7d0000 - 0x00007ffb5a7da000 	C:\WINDOWS\SYSTEM32\VERSION.dll
0x00007ffb64e90000 - 0x00007ffb64ec1000 	C:\WINDOWS\System32\IMM32.DLL
0x00007ffb5ea20000 - 0x00007ffb5ea2c000 	C:\Program Files\Java\jdk-20\bin\vcruntime140_1.dll
0x00007ffb4db90000 - 0x00007ffb4dc1e000 	C:\Program Files\Java\jdk-20\bin\msvcp140.dll
0x00007ffafd150000 - 0x00007ffafdde7000 	C:\Program Files\Java\jdk-20\bin\server\jvm.dll
0x00007ffb5c760000 - 0x00007ffb5c794000 	C:\WINDOWS\SYSTEM32\WINMM.dll
0x00007ffb60b10000 - 0x00007ffb60b19000 	C:\WINDOWS\SYSTEM32\WSOCK32.dll
0x00007ffb64c50000 - 0x00007ffb64cc1000 	C:\WINDOWS\System32\WS2_32.dll
0x00007ffb628b0000 - 0x00007ffb628c8000 	C:\WINDOWS\SYSTEM32\kernel.appcore.dll
0x00007ffb5c9a0000 - 0x00007ffb5c9aa000 	C:\Program Files\Java\jdk-20\bin\jimage.dll
0x00007ffb50aa0000 - 0x00007ffb50cce000 	C:\WINDOWS\SYSTEM32\DBGHELP.DLL
0x00007ffb64f90000 - 0x00007ffb6531a000 	C:\WINDOWS\System32\combase.dll
0x00007ffb65cb0000 - 0x00007ffb65d87000 	C:\WINDOWS\System32\OLEAUT32.dll
0x00007ffb47300000 - 0x00007ffb47332000 	C:\WINDOWS\SYSTEM32\dbgcore.DLL
0x00007ffb63920000 - 0x00007ffb6399a000 	C:\WINDOWS\System32\bcryptPrimitives.dll
0x00007ffb4fde0000 - 0x00007ffb4fe06000 	C:\Program Files\Java\jdk-20\bin\java.dll
0x00007ffb10090000 - 0x00007ffb10167000 	C:\Program Files\Java\jdk-20\bin\jsvml.dll
0x00007ffb64350000 - 0x00007ffb64b73000 	C:\WINDOWS\System32\SHELL32.dll
0x00007ffb617b0000 - 0x00007ffb6209a000 	C:\WINDOWS\SYSTEM32\windows.storage.dll
0x00007ffb61670000 - 0x00007ffb617ae000 	C:\WINDOWS\SYSTEM32\wintypes.dll
0x00007ffb66370000 - 0x00007ffb66463000 	C:\WINDOWS\System32\SHCORE.dll
0x00007ffb65640000 - 0x00007ffb6569e000 	C:\WINDOWS\System32\shlwapi.dll
0x00007ffb63790000 - 0x00007ffb637b6000 	C:\WINDOWS\SYSTEM32\profapi.dll
0x00007ffb508a0000 - 0x00007ffb508b3000 	C:\Program Files\Java\jdk-20\bin\net.dll
0x00007ffb5e290000 - 0x00007ffb5e3c7000 	C:\WINDOWS\SYSTEM32\WINHTTP.dll
0x00007ffb62da0000 - 0x00007ffb62e09000 	C:\WINDOWS\system32\mswsock.dll
0x00007ffb4f480000 - 0x00007ffb4f496000 	C:\Program Files\Java\jdk-20\bin\nio.dll
0x00007ffb0bcf0000 - 0x00007ffb0be81000 	C:\Program Files\Java\jdk-20\bin\awt.dll
0x00007ffb60bc0000 - 0x00007ffb60c57000 	C:\WINDOWS\SYSTEM32\apphelp.dll
0x00007ffb61000000 - 0x00007ffb6102b000 	C:\WINDOWS\system32\DWMAPI.DLL
0x00007ffb60d60000 - 0x00007ffb60e0b000 	C:\WINDOWS\system32\uxtheme.dll
0x00007ffb09640000 - 0x00007ffb09740000 	C:\WINDOWS\system32\opengl32.dll
0x00007ffb4f400000 - 0x00007ffb4f42d000 	C:\WINDOWS\SYSTEM32\GLU32.dll
0x00007ffb60e80000 - 0x00007ffb60eb8000 	C:\WINDOWS\SYSTEM32\dxcore.dll
0x00007ffb65e40000 - 0x00007ffb65f89000 	C:\WINDOWS\System32\MSCTF.dll
0x00007ffb65f90000 - 0x00007ffb6612e000 	C:\WINDOWS\System32\ole32.dll
0x00007ffb3bb90000 - 0x00007ffb3bd39000 	C:\WINDOWS\system32\d3d9.dll
0x00007ffb59d70000 - 0x00007ffb59f2b000 	C:\WINDOWS\System32\DriverStore\FileRepository\u0387389.inf_amd64_995be970e30b8c79\B385477\aticfx64.dll
0x00007ffb3c200000 - 0x00007ffb3c234000 	C:\WINDOWS\System32\DriverStore\FileRepository\u0387389.inf_amd64_995be970e30b8c79\B385477\atiu9p64.dll
0x00007ffb0f250000 - 0x00007ffb0ffa5000 	C:\WINDOWS\System32\DriverStore\FileRepository\u0387389.inf_amd64_995be970e30b8c79\B385477\atiumd64.dll
0x00007ffb5a880000 - 0x00007ffb5a8b5000 	C:\WINDOWS\SYSTEM32\amdihk64.dll
0x00007ffb5d4d0000 - 0x00007ffb5d51a000 	C:\WINDOWS\SYSTEM32\directxdatabasehelper.dll
0x00007ffb4f460000 - 0x00007ffb4f478000 	C:\Program Files\Java\jdk-20\bin\zip.dll
0x00007ffb3b320000 - 0x00007ffb3b3a6000 	C:\Program Files\Java\jdk-20\bin\freetype.dll
0x00007ffb0eac0000 - 0x00007ffb0eb86000 	C:\Program Files\Java\jdk-20\bin\fontmanager.dll

dbghelp: loaded successfully - version: 4.0.5 - missing functions: none
symbol engine: initialized successfully - sym options: 0x614 - pdb path: .;C:\Program Files\Java\jdk-20\bin;C:\WINDOWS\SYSTEM32;C:\WINDOWS\WinSxS\amd64_microsoft.windows.common-controls_6595b64144ccf1df_6.0.22621.2215_none_270d72677387dfc3;C:\Program Files\Java\jdk-20\bin\server;C:\WINDOWS\System32\DriverStore\FileRepository\u0387389.inf_amd64_995be970e30b8c79\B385477

VM Arguments:
jvm_args: -Dfile.encoding=UTF-8 --module-path=C:\Users\rohit\OneDrive\Documents\NetBeansProjects\Travel Management\build\classes 
java_command: travel.management.forgetpass
java_class_path (initial): C:\Users\rohit\OneDrive\Documents\NetBeansProjects\Travel Management\build\classes
Launcher Type: SUN_STANDARD

[Global flags]
     intx CICompilerCount                          = 4                                         {product} {ergonomic}
     uint ConcGCThreads                            = 3                                         {product} {ergonomic}
     uint G1ConcRefinementThreads                  = 10                                        {product} {ergonomic}
   size_t G1HeapRegionSize                         = 1048576                                   {product} {ergonomic}
    uintx GCDrainStackTargetSize                   = 64                                        {product} {ergonomic}
   size_t InitialHeapSize                          = 123731968                                 {product} {ergonomic}
   size_t MarkStackSize                            = 4194304                                   {product} {ergonomic}
   size_t MaxHeapSize                              = 1967128576                                {product} {ergonomic}
   size_t MaxNewSize                               = 1179648000                                {product} {ergonomic}
   size_t MinHeapDeltaBytes                        = 1048576                                   {product} {ergonomic}
   size_t MinHeapSize                              = 8388608                                   {product} {ergonomic}
    uintx NonNMethodCodeHeapSize                   = 5839372                                {pd product} {ergonomic}
    uintx NonProfiledCodeHeapSize                  = 122909434                              {pd product} {ergonomic}
    uintx ProfiledCodeHeapSize                     = 122909434                              {pd product} {ergonomic}
    uintx ReservedCodeCacheSize                    = 251658240                              {pd product} {ergonomic}
     bool SegmentedCodeCache                       = true                                      {product} {ergonomic}
   size_t SoftMaxHeapSize                          = 1967128576                             {manageable} {ergonomic}
     bool UseCompressedClassPointers               = true                           {product lp64_product} {ergonomic}
     bool UseCompressedOops                        = true                           {product lp64_product} {ergonomic}
     bool UseG1GC                                  = true                                      {product} {ergonomic}
     bool UseLargePagesIndividualAllocation        = false                                  {pd product} {ergonomic}

Logging:
Log output configuration:
 #0: stdout all=warning uptime,level,tags foldmultilines=false
 #1: stderr all=off uptime,level,tags foldmultilines=false

Environment Variables:
JAVA_HOME=C:\Program Files\Java\jdk-20\bin
CLASSPATH=C:\Program Files\Java\jdk-20\bin\*.jar
PATH=C:\Program Files\Java\jdk-20\bin;C:\Program Files\Common Files\Oracle\Java\javapath;C:\Program Files (x86)\Common Files\Oracle\Java\javapath;C:\oraclexe\app\oracle\product\11.2.0\server\bin;C:\ProgramData\Oracle\Java\javapath;C:\WINDOWS\system32;C:\WINDOWS;C:\WINDOWS\System32\Wbem;C:\WINDOWS\System32\WindowsPowerShell\v1.0\;C:\WINDOWS\System32\OpenSSH\;C:\Program Files\Git\cmd;C:\Program Files\nodejs\;C:\ProgramData\chocolatey\bin;C:\Program Files\Java\jdk1.8.0_101\bin;C:\Program Files\Java\jdk-20\bin;C:\Program Files\Common Files\Oracle\Java\javapath;C:\Program Files (x86)\Common Files\Oracle\Java\javapath;C:\oraclexe\app\oracle\product\11.2.0\server\bin;C:\ProgramData\Oracle\Java\javapath;C:\WINDOWS\system32;C:\WINDOWS;C:\WINDOWS\System32\Wbem;C:\WINDOWS\System32\WindowsPowerShell\v1.0\;C:\WINDOWS\System32\OpenSSH\;C:\Program Files\Git\cmd;C:\Program Files\nodejs\;C:\ProgramData\chocolatey\bin;;C:\Users\rohit\AppData\Local\Programs\Microsoft VS Code\bin;C:\Users\rohit\AppData\Roaming\npm;C:\Users\rohit\AppData\Local\Google\Cloud SDK\google-cloud-sdk\bin;C:\Program Files\Java\jdk-20\bin;
USERNAME=rohit
OS=Windows_NT
PROCESSOR_IDENTIFIER=AMD64 Family 23 Model 104 Stepping 1, AuthenticAMD
TMP=C:\Users\rohit\AppData\Local\Temp
TEMP=C:\Users\rohit\AppData\Local\Temp




---------------  S Y S T E M  ---------------

OS:
 Windows 11 , 64 bit Build 22621 (10.0.22621.2215)
OS uptime: 1 days 5:16 hours
Hyper-V role detected

CPU: total 12 (initial active 12) (12 cores per cpu, 2 threads per core) family 23 model 104 stepping 1 microcode 0x0, cx8, cmov, fxsr, ht, mmx, 3dnowpref, sse, sse2, sse3, ssse3, sse4a, sse4.1, sse4.2, popcnt, lzcnt, tsc, tscinvbit, avx, avx2, aes, clmul, bmi1, bmi2, adx, sha, fma, vzeroupper, clflush, clflushopt, hv, rdtscp, rdpid, f16c

Memory: 4k page, system-wide physical 7502M (959M free)
TotalPageFile size 30030M (AvailPageFile size 5M)
current process WorkingSet (physical memory assigned to process): 61M, peak: 61M
current process commit charge ("private bytes"): 217M, peak: 218M

vm_info: Java HotSpot(TM) 64-Bit Server VM (20.0.1+9-29) for windows-amd64 JRE (20.0.1+9-29), built on 2023-03-07T13:56:11Z by "mach5one" with MS VC++ 17.1 (VS2022)

END.
