#
# There is insufficient memory for the Java Runtime Environment to continue.
# Native memory allocation (malloc) failed to allocate 141056 bytes for Chunk::new
# Possible reasons:
#   The system is out of physical RAM or swap space
#   The process is running with CompressedOops enabled, and the Java Heap may be blocking the growth of the native heap
# Possible solutions:
#   Reduce memory load on the system
#   Increase physical memory or swap space
#   Check if swap backing store is full
#   Decrease Java heap size (-Xmx/-Xms)
#   Decrease number of Java threads
#   Decrease Java thread stack sizes (-Xss)
#   Set larger code cache with -XX:ReservedCodeCacheSize=
#   JVM is running with Unscaled Compressed Oops mode in which the Java heap is
#     placed in the first 4GB address space. The Java Heap base address is the
#     maximum limit for the native heap growth. Please use -XX:HeapBaseMinAddress
#     to set the Java Heap base and to place the Java Heap above 4GB virtual address.
# This output file may be truncated or incomplete.
#
#  Out of Memory Error (arena.cpp:184), pid=952, tid=30976
#
# JRE version: Java(TM) SE Runtime Environment (20.0.1+9) (build 20.0.1+9-29)
# Java VM: Java HotSpot(TM) 64-Bit Server VM (20.0.1+9-29, mixed mode, sharing, tiered, compressed oops, compressed class ptrs, g1 gc, windows-amd64)
# No core dump will be written. Minidumps are not enabled by default on client versions of Windows
#

---------------  S U M M A R Y ------------

Command Line: -Dfile.encoding=UTF-8 --module-path=C:\Users\rohit\OneDrive\Documents\NetBeansProjects\Travel Management\build\classes travel.management.forgetpass

Host: AMD Ryzen 5 5500U with Radeon Graphics         , 12 cores, 7G,  Windows 11 , 64 bit Build 22621 (10.0.22621.2215)
Time: Sun Oct 15 18:47:39 2023 India Standard Time elapsed time: 0.672639 seconds (0d 0h 0m 0s)

---------------  T H R E A D  ---------------

Current thread (0x000001f8f390d8d0):  JavaThread "C2 CompilerThread0" daemon [_thread_in_native, id=30976, stack(0x000000476be00000,0x000000476bf00000)]


Current CompileTask:
C2:    672  691 % !   4       sun.awt.image.PNGImageDecoder::produceImage @ 960 (1917 bytes)

Stack: [0x000000476be00000,0x000000476bf00000]
Native frames: (J=compiled Java code, j=interpreted, Vv=VM code, C=native code)
V  [jvm.dll+0x6bb95a]
V  [jvm.dll+0x8485fa]
V  [jvm.dll+0x84a1f5]
V  [jvm.dll+0x84a8f3]
V  [jvm.dll+0x280b0f]
V  [jvm.dll+0xc2b11]
V  [jvm.dll+0xc2e35]
V  [jvm.dll+0x2f5dbf]
V  [jvm.dll+0x5e32eb]
V  [jvm.dll+0x2543b4]
V  [jvm.dll+0x24cb30]
V  [jvm.dll+0x24a549]
V  [jvm.dll+0x1ce491]
V  [jvm.dll+0x259e1b]
V  [jvm.dll+0x2584f0]
V  [jvm.dll+0x3f2895]
V  [jvm.dll+0x7f4b56]
V  [jvm.dll+0x6ba5cb]
C  [ucrtbase.dll+0x29363]
C  [KERNEL32.DLL+0x1257d]
C  [ntdll.dll+0x5aa68]


---------------  P R O C E S S  ---------------

Threads class SMR info:
_java_thread_list=0x000001f8f7ff4f90, length=15, elements={
0x000001f8d6e37de0, 0x000001f8f38f2120, 0x000001f8f38f3d30, 0x000001f8f38f6f60,
0x000001f8f38f89e0, 0x000001f8f38f9b90, 0x000001f8f38fc2b0, 0x000001f8f390d8d0,
0x000001f8f390e790, 0x000001f8f7cc8f10, 0x000001f8f7ccb440, 0x000001f8f7ccc430,
0x000001f8f7ccb990, 0x000001f8f7ccbee0, 0x000001f8f7ccaef0
}

Java Threads: ( => current thread )
  0x000001f8d6e37de0 JavaThread "main" [_thread_in_vm, id=30232, stack(0x000000476b100000,0x000000476b200000)]
  0x000001f8f38f2120 JavaThread "Reference Handler" daemon [_thread_blocked, id=31652, stack(0x000000476b800000,0x000000476b900000)]
  0x000001f8f38f3d30 JavaThread "Finalizer" daemon [_thread_blocked, id=27244, stack(0x000000476b900000,0x000000476ba00000)]
  0x000001f8f38f6f60 JavaThread "Signal Dispatcher" daemon [_thread_blocked, id=13896, stack(0x000000476ba00000,0x000000476bb00000)]
  0x000001f8f38f89e0 JavaThread "Attach Listener" daemon [_thread_blocked, id=29212, stack(0x000000476bb00000,0x000000476bc00000)]
  0x000001f8f38f9b90 JavaThread "Service Thread" daemon [_thread_blocked, id=2804, stack(0x000000476bc00000,0x000000476bd00000)]
  0x000001f8f38fc2b0 JavaThread "Monitor Deflation Thread" daemon [_thread_blocked, id=24452, stack(0x000000476bd00000,0x000000476be00000)]
=>0x000001f8f390d8d0 JavaThread "C2 CompilerThread0" daemon [_thread_in_native, id=30976, stack(0x000000476be00000,0x000000476bf00000)]
  0x000001f8f390e790 JavaThread "C1 CompilerThread0" daemon [_thread_blocked, id=28376, stack(0x000000476bf00000,0x000000476c000000)]
  0x000001f8f7cc8f10 JavaThread "Common-Cleaner" daemon [_thread_blocked, id=26832, stack(0x000000476c000000,0x000000476c100000)]
  0x000001f8f7ccb440 JavaThread "Notification Thread" daemon [_thread_blocked, id=6828, stack(0x000000476c100000,0x000000476c200000)]
  0x000001f8f7ccc430 JavaThread "Java2D Disposer" daemon [_thread_blocked, id=29584, stack(0x000000476c300000,0x000000476c400000)]
  0x000001f8f7ccb990 JavaThread "AWT-Shutdown" [_thread_blocked, id=30144, stack(0x000000476c400000,0x000000476c500000)]
  0x000001f8f7ccbee0 JavaThread "AWT-Windows" daemon [_thread_in_native, id=24940, stack(0x000000476c500000,0x000000476c600000)]
  0x000001f8f7ccaef0 JavaThread "Image Fetcher 0" daemon [_thread_blocked, id=30276, stack(0x000000476c800000,0x000000476c900000)]

Other Threads:
  0x000001f8f38d4a10 VMThread "VM Thread" [stack: 0x000000476b700000,0x000000476b800000] [id=17612]
  0x000001f8f7db3ed0 WatcherThread "VM Periodic Task Thread" [stack: 0x000000476c200000,0x000000476c300000] [id=30528]
  0x000001f8d6e940e0 WorkerThread "GC Thread#0" [stack: 0x000000476b200000,0x000000476b300000] [id=30772]
  0x000001f8d6ea3a70 ConcurrentGCThread "G1 Main Marker" [stack: 0x000000476b300000,0x000000476b400000] [id=19244]
  0x000001f8d6ea4640 WorkerThread "G1 Conc#0" [stack: 0x000000476b400000,0x000000476b500000] [id=31280]
  0x000001f8f37940e0 ConcurrentGCThread "G1 Refine#0" [stack: 0x000000476b500000,0x000000476b600000] [id=27124]
  0x000001f8f3794b80 ConcurrentGCThread "G1 Service" [stack: 0x000000476b600000,0x000000476b700000] [id=8616]

Threads with active compile tasks:
C2 CompilerThread0      704  691 % !   4       sun.awt.image.PNGImageDecoder::produceImage @ 960 (1917 bytes)

VM state: not at safepoint (normal execution)

VM Mutex/Monitor currently owned by a thread: None

Heap address: 0x000000008ac00000, size: 1876 MB, Compressed Oops mode: 32-bit

CDS archive(s) mapped at: [0x0000000800000000-0x0000000800c60000-0x0000000800c60000), size 12976128, SharedBaseAddress: 0x0000000800000000, ArchiveRelocationMode: 0.
Compressed class space mapped at: 0x0000000801000000-0x0000000841000000, reserved size: 1073741824
Narrow klass base: 0x0000000800000000, Narrow klass shift: 0, Narrow klass range: 0x100000000

GC Precious Log:
 CardTable entry size: 512
 Card Set container configuration: InlinePtr #cards 5 size 8 Array Of Cards #cards 12 size 40 Howl #buckets 4 coarsen threshold 1843 Howl Bitmap #cards 512 size 80 coarsen threshold 460 Card regions per heap region 1 cards per card region 2048
 CPUs: 12 total, 12 available
 Memory: 7502M
 Large Page Support: Disabled
 NUMA Support: Disabled
 Compressed Oops: Enabled (32-bit)
 Heap Region Size: 1M
 Heap Min Capacity: 8M
 Heap Initial Capacity: 118M
 Heap Max Capacity: 1876M
 Pre-touch: Disabled
 Parallel Workers: 10
 Concurrent Workers: 3
 Concurrent Refinement Workers: 10
 Periodic GC: Disabled

Heap:
 garbage-first heap   total 120832K, used 7168K [0x000000008ac00000, 0x0000000100000000)
  region size 1024K, 8 young (8192K), 0 survivors (0K)
 Metaspace       used 5113K, committed 5312K, reserved 1114112K
  class space    used 535K, committed 640K, reserved 1048576K

Heap Regions: E=young(eden), S=young(survivor), O=old, HS=humongous(starts), HC=humongous(continues), CS=collection set, F=free, OA=open archive, CA=closed archive, TAMS=top-at-mark-start, PB=parsable bottom
|   0|0x000000008ac00000, 0x000000008ac00000, 0x000000008ad00000|  0%| F|  |TAMS 0x000000008ac00000| PB 0x000000008ac00000| Untracked 
|   1|0x000000008ad00000, 0x000000008ad00000, 0x000000008ae00000|  0%| F|  |TAMS 0x000000008ad00000| PB 0x000000008ad00000| Untracked 
|   2|0x000000008ae00000, 0x000000008ae00000, 0x000000008af00000|  0%| F|  |TAMS 0x000000008ae00000| PB 0x000000008ae00000| Untracked 
|   3|0x000000008af00000, 0x000000008af00000, 0x000000008b000000|  0%| F|  |TAMS 0x000000008af00000| PB 0x000000008af00000| Untracked 
|   4|0x000000008b000000, 0x000000008b000000, 0x000000008b100000|  0%| F|  |TAMS 0x000000008b000000| PB 0x000000008b000000| Untracked 
|   5|0x000000008b100000, 0x000000008b100000, 0x000000008b200000|  0%| F|  |TAMS 0x000000008b100000| PB 0x000000008b100000| Untracked 
|   6|0x000000008b200000, 0x000000008b200000, 0x000000008b300000|  0%| F|  |TAMS 0x000000008b200000| PB 0x000000008b200000| Untracked 
|   7|0x000000008b300000, 0x000000008b300000, 0x000000008b400000|  0%| F|  |TAMS 0x000000008b300000| PB 0x000000008b300000| Untracked 
|   8|0x000000008b400000, 0x000000008b400000, 0x000000008b500000|  0%| F|  |TAMS 0x000000008b400000| PB 0x000000008b400000| Untracked 
|   9|0x000000008b500000, 0x000000008b500000, 0x000000008b600000|  0%| F|  |TAMS 0x000000008b500000| PB 0x000000008b500000| Untracked 
|  10|0x000000008b600000, 0x000000008b600000, 0x000000008b700000|  0%| F|  |TAMS 0x000000008b600000| PB 0x000000008b600000| Untracked 
|  11|0x000000008b700000, 0x000000008b700000, 0x000000008b800000|  0%| F|  |TAMS 0x000000008b700000| PB 0x000000008b700000| Untracked 
|  12|0x000000008b800000, 0x000000008b800000, 0x000000008b900000|  0%| F|  |TAMS 0x000000008b800000| PB 0x000000008b800000| Untracked 
|  13|0x000000008b900000, 0x000000008b900000, 0x000000008ba00000|  0%| F|  |TAMS 0x000000008b900000| PB 0x000000008b900000| Untracked 
|  14|0x000000008ba00000, 0x000000008ba00000, 0x000000008bb00000|  0%| F|  |TAMS 0x000000008ba00000| PB 0x000000008ba00000| Untracked 
|  15|0x000000008bb00000, 0x000000008bb00000, 0x000000008bc00000|  0%| F|  |TAMS 0x000000008bb00000| PB 0x000000008bb00000| Untracked 
|  16|0x000000008bc00000, 0x000000008bc00000, 0x000000008bd00000|  0%| F|  |TAMS 0x000000008bc00000| PB 0x000000008bc00000| Untracked 
|  17|0x000000008bd00000, 0x000000008bd00000, 0x000000008be00000|  0%| F|  |TAMS 0x000000008bd00000| PB 0x000000008bd00000| Untracked 
|  18|0x000000008be00000, 0x000000008be00000, 0x000000008bf00000|  0%| F|  |TAMS 0x000000008be00000| PB 0x000000008be00000| Untracked 
|  19|0x000000008bf00000, 0x000000008bf00000, 0x000000008c000000|  0%| F|  |TAMS 0x000000008bf00000| PB 0x000000008bf00000| Untracked 
|  20|0x000000008c000000, 0x000000008c000000, 0x000000008c100000|  0%| F|  |TAMS 0x000000008c000000| PB 0x000000008c000000| Untracked 
|  21|0x000000008c100000, 0x000000008c100000, 0x000000008c200000|  0%| F|  |TAMS 0x000000008c100000| PB 0x000000008c100000| Untracked 
|  22|0x000000008c200000, 0x000000008c200000, 0x000000008c300000|  0%| F|  |TAMS 0x000000008c200000| PB 0x000000008c200000| Untracked 
|  23|0x000000008c300000, 0x000000008c300000, 0x000000008c400000|  0%| F|  |TAMS 0x000000008c300000| PB 0x000000008c300000| Untracked 
|  24|0x000000008c400000, 0x000000008c400000, 0x000000008c500000|  0%| F|  |TAMS 0x000000008c400000| PB 0x000000008c400000| Untracked 
|  25|0x000000008c500000, 0x000000008c500000, 0x000000008c600000|  0%| F|  |TAMS 0x000000008c500000| PB 0x000000008c500000| Untracked 
|  26|0x000000008c600000, 0x000000008c600000, 0x000000008c700000|  0%| F|  |TAMS 0x000000008c600000| PB 0x000000008c600000| Untracked 
|  27|0x000000008c700000, 0x000000008c700000, 0x000000008c800000|  0%| F|  |TAMS 0x000000008c700000| PB 0x000000008c700000| Untracked 
|  28|0x000000008c800000, 0x000000008c800000, 0x000000008c900000|  0%| F|  |TAMS 0x000000008c800000| PB 0x000000008c800000| Untracked 
|  29|0x000000008c900000, 0x000000008c900000, 0x000000008ca00000|  0%| F|  |TAMS 0x000000008c900000| PB 0x000000008c900000| Untracked 
|  30|0x000000008ca00000, 0x000000008ca00000, 0x000000008cb00000|  0%| F|  |TAMS 0x000000008ca00000| PB 0x000000008ca00000| Untracked 
|  31|0x000000008cb00000, 0x000000008cb00000, 0x000000008cc00000|  0%| F|  |TAMS 0x000000008cb00000| PB 0x000000008cb00000| Untracked 
|  32|0x000000008cc00000, 0x000000008cc00000, 0x000000008cd00000|  0%| F|  |TAMS 0x000000008cc00000| PB 0x000000008cc00000| Untracked 
|  33|0x000000008cd00000, 0x000000008cd00000, 0x000000008ce00000|  0%| F|  |TAMS 0x000000008cd00000| PB 0x000000008cd00000| Untracked 
|  34|0x000000008ce00000, 0x000000008ce00000, 0x000000008cf00000|  0%| F|  |TAMS 0x000000008ce00000| PB 0x000000008ce00000| Untracked 
|  35|0x000000008cf00000, 0x000000008cf00000, 0x000000008d000000|  0%| F|  |TAMS 0x000000008cf00000| PB 0x000000008cf00000| Untracked 
|  36|0x000000008d000000, 0x000000008d000000, 0x000000008d100000|  0%| F|  |TAMS 0x000000008d000000| PB 0x000000008d000000| Untracked 
|  37|0x000000008d100000, 0x000000008d100000, 0x000000008d200000|  0%| F|  |TAMS 0x000000008d100000| PB 0x000000008d100000| Untracked 
|  38|0x000000008d200000, 0x000000008d200000, 0x000000008d300000|  0%| F|  |TAMS 0x000000008d200000| PB 0x000000008d200000| Untracked 
|  39|0x000000008d300000, 0x000000008d300000, 0x000000008d400000|  0%| F|  |TAMS 0x000000008d300000| PB 0x000000008d300000| Untracked 
|  40|0x000000008d400000, 0x000000008d400000, 0x000000008d500000|  0%| F|  |TAMS 0x000000008d400000| PB 0x000000008d400000| Untracked 
|  41|0x000000008d500000, 0x000000008d500000, 0x000000008d600000|  0%| F|  |TAMS 0x000000008d500000| PB 0x000000008d500000| Untracked 
|  42|0x000000008d600000, 0x000000008d600000, 0x000000008d700000|  0%| F|  |TAMS 0x000000008d600000| PB 0x000000008d600000| Untracked 
|  43|0x000000008d700000, 0x000000008d700000, 0x000000008d800000|  0%| F|  |TAMS 0x000000008d700000| PB 0x000000008d700000| Untracked 
|  44|0x000000008d800000, 0x000000008d800000, 0x000000008d900000|  0%| F|  |TAMS 0x000000008d800000| PB 0x000000008d800000| Untracked 
|  45|0x000000008d900000, 0x000000008d900000, 0x000000008da00000|  0%| F|  |TAMS 0x000000008d900000| PB 0x000000008d900000| Untracked 
|  46|0x000000008da00000, 0x000000008da00000, 0x000000008db00000|  0%| F|  |TAMS 0x000000008da00000| PB 0x000000008da00000| Untracked 
|  47|0x000000008db00000, 0x000000008db00000, 0x000000008dc00000|  0%| F|  |TAMS 0x000000008db00000| PB 0x000000008db00000| Untracked 
|  48|0x000000008dc00000, 0x000000008dc00000, 0x000000008dd00000|  0%| F|  |TAMS 0x000000008dc00000| PB 0x000000008dc00000| Untracked 
|  49|0x000000008dd00000, 0x000000008dd00000, 0x000000008de00000|  0%| F|  |TAMS 0x000000008dd00000| PB 0x000000008dd00000| Untracked 
|  50|0x000000008de00000, 0x000000008de00000, 0x000000008df00000|  0%| F|  |TAMS 0x000000008de00000| PB 0x000000008de00000| Untracked 
|  51|0x000000008df00000, 0x000000008df00000, 0x000000008e000000|  0%| F|  |TAMS 0x000000008df00000| PB 0x000000008df00000| Untracked 
|  52|0x000000008e000000, 0x000000008e000000, 0x000000008e100000|  0%| F|  |TAMS 0x000000008e000000| PB 0x000000008e000000| Untracked 
|  53|0x000000008e100000, 0x000000008e100000, 0x000000008e200000|  0%| F|  |TAMS 0x000000008e100000| PB 0x000000008e100000| Untracked 
|  54|0x000000008e200000, 0x000000008e200000, 0x000000008e300000|  0%| F|  |TAMS 0x000000008e200000| PB 0x000000008e200000| Untracked 
|  55|0x000000008e300000, 0x000000008e300000, 0x000000008e400000|  0%| F|  |TAMS 0x000000008e300000| PB 0x000000008e300000| Untracked 
|  56|0x000000008e400000, 0x000000008e400000, 0x000000008e500000|  0%| F|  |TAMS 0x000000008e400000| PB 0x000000008e400000| Untracked 
|  57|0x000000008e500000, 0x000000008e500000, 0x000000008e600000|  0%| F|  |TAMS 0x000000008e500000| PB 0x000000008e500000| Untracked 
|  58|0x000000008e600000, 0x000000008e600000, 0x000000008e700000|  0%| F|  |TAMS 0x000000008e600000| PB 0x000000008e600000| Untracked 
|  59|0x000000008e700000, 0x000000008e700000, 0x000000008e800000|  0%| F|  |TAMS 0x000000008e700000| PB 0x000000008e700000| Untracked 
|  60|0x000000008e800000, 0x000000008e800000, 0x000000008e900000|  0%| F|  |TAMS 0x000000008e800000| PB 0x000000008e800000| Untracked 
|  61|0x000000008e900000, 0x000000008e900000, 0x000000008ea00000|  0%| F|  |TAMS 0x000000008e900000| PB 0x000000008e900000| Untracked 
|  62|0x000000008ea00000, 0x000000008ea00000, 0x000000008eb00000|  0%| F|  |TAMS 0x000000008ea00000| PB 0x000000008ea00000| Untracked 
|  63|0x000000008eb00000, 0x000000008eb00000, 0x000000008ec00000|  0%| F|  |TAMS 0x000000008eb00000| PB 0x000000008eb00000| Untracked 
|  64|0x000000008ec00000, 0x000000008ec00000, 0x000000008ed00000|  0%| F|  |TAMS 0x000000008ec00000| PB 0x000000008ec00000| Untracked 
|  65|0x000000008ed00000, 0x000000008ed00000, 0x000000008ee00000|  0%| F|  |TAMS 0x000000008ed00000| PB 0x000000008ed00000| Untracked 
|  66|0x000000008ee00000, 0x000000008ee00000, 0x000000008ef00000|  0%| F|  |TAMS 0x000000008ee00000| PB 0x000000008ee00000| Untracked 
|  67|0x000000008ef00000, 0x000000008ef00000, 0x000000008f000000|  0%| F|  |TAMS 0x000000008ef00000| PB 0x000000008ef00000| Untracked 
|  68|0x000000008f000000, 0x000000008f000000, 0x000000008f100000|  0%| F|  |TAMS 0x000000008f000000| PB 0x000000008f000000| Untracked 
|  69|0x000000008f100000, 0x000000008f100000, 0x000000008f200000|  0%| F|  |TAMS 0x000000008f100000| PB 0x000000008f100000| Untracked 
|  70|0x000000008f200000, 0x000000008f200000, 0x000000008f300000|  0%| F|  |TAMS 0x000000008f200000| PB 0x000000008f200000| Untracked 
|  71|0x000000008f300000, 0x000000008f300000, 0x000000008f400000|  0%| F|  |TAMS 0x000000008f300000| PB 0x000000008f300000| Untracked 
|  72|0x000000008f400000, 0x000000008f400000, 0x000000008f500000|  0%| F|  |TAMS 0x000000008f400000| PB 0x000000008f400000| Untracked 
|  73|0x000000008f500000, 0x000000008f500000, 0x000000008f600000|  0%| F|  |TAMS 0x000000008f500000| PB 0x000000008f500000| Untracked 
|  74|0x000000008f600000, 0x000000008f600000, 0x000000008f700000|  0%| F|  |TAMS 0x000000008f600000| PB 0x000000008f600000| Untracked 
|  75|0x000000008f700000, 0x000000008f700000, 0x000000008f800000|  0%| F|  |TAMS 0x000000008f700000| PB 0x000000008f700000| Untracked 
|  76|0x000000008f800000, 0x000000008f800000, 0x000000008f900000|  0%| F|  |TAMS 0x000000008f800000| PB 0x000000008f800000| Untracked 
|  77|0x000000008f900000, 0x000000008f900000, 0x000000008fa00000|  0%| F|  |TAMS 0x000000008f900000| PB 0x000000008f900000| Untracked 
|  78|0x000000008fa00000, 0x000000008fa00000, 0x000000008fb00000|  0%| F|  |TAMS 0x000000008fa00000| PB 0x000000008fa00000| Untracked 
|  79|0x000000008fb00000, 0x000000008fb00000, 0x000000008fc00000|  0%| F|  |TAMS 0x000000008fb00000| PB 0x000000008fb00000| Untracked 
|  80|0x000000008fc00000, 0x000000008fc00000, 0x000000008fd00000|  0%| F|  |TAMS 0x000000008fc00000| PB 0x000000008fc00000| Untracked 
|  81|0x000000008fd00000, 0x000000008fd00000, 0x000000008fe00000|  0%| F|  |TAMS 0x000000008fd00000| PB 0x000000008fd00000| Untracked 
|  82|0x000000008fe00000, 0x000000008fe00000, 0x000000008ff00000|  0%| F|  |TAMS 0x000000008fe00000| PB 0x000000008fe00000| Untracked 
|  83|0x000000008ff00000, 0x000000008ff00000, 0x0000000090000000|  0%| F|  |TAMS 0x000000008ff00000| PB 0x000000008ff00000| Untracked 
|  84|0x0000000090000000, 0x0000000090000000, 0x0000000090100000|  0%| F|  |TAMS 0x0000000090000000| PB 0x0000000090000000| Untracked 
|  85|0x0000000090100000, 0x0000000090100000, 0x0000000090200000|  0%| F|  |TAMS 0x0000000090100000| PB 0x0000000090100000| Untracked 
|  86|0x0000000090200000, 0x0000000090200000, 0x0000000090300000|  0%| F|  |TAMS 0x0000000090200000| PB 0x0000000090200000| Untracked 
|  87|0x0000000090300000, 0x0000000090300000, 0x0000000090400000|  0%| F|  |TAMS 0x0000000090300000| PB 0x0000000090300000| Untracked 
|  88|0x0000000090400000, 0x0000000090400000, 0x0000000090500000|  0%| F|  |TAMS 0x0000000090400000| PB 0x0000000090400000| Untracked 
|  89|0x0000000090500000, 0x0000000090500000, 0x0000000090600000|  0%| F|  |TAMS 0x0000000090500000| PB 0x0000000090500000| Untracked 
|  90|0x0000000090600000, 0x0000000090600000, 0x0000000090700000|  0%| F|  |TAMS 0x0000000090600000| PB 0x0000000090600000| Untracked 
|  91|0x0000000090700000, 0x0000000090700000, 0x0000000090800000|  0%| F|  |TAMS 0x0000000090700000| PB 0x0000000090700000| Untracked 
|  92|0x0000000090800000, 0x0000000090800000, 0x0000000090900000|  0%| F|  |TAMS 0x0000000090800000| PB 0x0000000090800000| Untracked 
|  93|0x0000000090900000, 0x0000000090900000, 0x0000000090a00000|  0%| F|  |TAMS 0x0000000090900000| PB 0x0000000090900000| Untracked 
|  94|0x0000000090a00000, 0x0000000090a00000, 0x0000000090b00000|  0%| F|  |TAMS 0x0000000090a00000| PB 0x0000000090a00000| Untracked 
|  95|0x0000000090b00000, 0x0000000090b00000, 0x0000000090c00000|  0%| F|  |TAMS 0x0000000090b00000| PB 0x0000000090b00000| Untracked 
|  96|0x0000000090c00000, 0x0000000090c00000, 0x0000000090d00000|  0%| F|  |TAMS 0x0000000090c00000| PB 0x0000000090c00000| Untracked 
|  97|0x0000000090d00000, 0x0000000090d00000, 0x0000000090e00000|  0%| F|  |TAMS 0x0000000090d00000| PB 0x0000000090d00000| Untracked 
|  98|0x0000000090e00000, 0x0000000090e00000, 0x0000000090f00000|  0%| F|  |TAMS 0x0000000090e00000| PB 0x0000000090e00000| Untracked 
|  99|0x0000000090f00000, 0x0000000090f00000, 0x0000000091000000|  0%| F|  |TAMS 0x0000000090f00000| PB 0x0000000090f00000| Untracked 
| 100|0x0000000091000000, 0x0000000091000000, 0x0000000091100000|  0%| F|  |TAMS 0x0000000091000000| PB 0x0000000091000000| Untracked 
| 101|0x0000000091100000, 0x0000000091100000, 0x0000000091200000|  0%| F|  |TAMS 0x0000000091100000| PB 0x0000000091100000| Untracked 
| 102|0x0000000091200000, 0x0000000091200000, 0x0000000091300000|  0%| F|  |TAMS 0x0000000091200000| PB 0x0000000091200000| Untracked 
| 103|0x0000000091300000, 0x0000000091300000, 0x0000000091400000|  0%| F|  |TAMS 0x0000000091300000| PB 0x0000000091300000| Untracked 
| 104|0x0000000091400000, 0x0000000091400000, 0x0000000091500000|  0%| F|  |TAMS 0x0000000091400000| PB 0x0000000091400000| Untracked 
| 105|0x0000000091500000, 0x0000000091500000, 0x0000000091600000|  0%| F|  |TAMS 0x0000000091500000| PB 0x0000000091500000| Untracked 
| 106|0x0000000091600000, 0x0000000091600000, 0x0000000091700000|  0%| F|  |TAMS 0x0000000091600000| PB 0x0000000091600000| Untracked 
| 107|0x0000000091700000, 0x0000000091700000, 0x0000000091800000|  0%| F|  |TAMS 0x0000000091700000| PB 0x0000000091700000| Untracked 
| 108|0x0000000091800000, 0x0000000091800000, 0x0000000091900000|  0%| F|  |TAMS 0x0000000091800000| PB 0x0000000091800000| Untracked 
| 109|0x0000000091900000, 0x0000000091900000, 0x0000000091a00000|  0%| F|  |TAMS 0x0000000091900000| PB 0x0000000091900000| Untracked 
| 110|0x0000000091a00000, 0x0000000091ad35d8, 0x0000000091b00000| 82%| E|  |TAMS 0x0000000091a00000| PB 0x0000000091a00000| Complete 
| 111|0x0000000091b00000, 0x0000000091c00000, 0x0000000091c00000|100%| E|CS|TAMS 0x0000000091b00000| PB 0x0000000091b00000| Complete 
| 112|0x0000000091c00000, 0x0000000091d00000, 0x0000000091d00000|100%| E|CS|TAMS 0x0000000091c00000| PB 0x0000000091c00000| Complete 
| 113|0x0000000091d00000, 0x0000000091e00000, 0x0000000091e00000|100%| E|CS|TAMS 0x0000000091d00000| PB 0x0000000091d00000| Complete 
| 114|0x0000000091e00000, 0x0000000091f00000, 0x0000000091f00000|100%| E|CS|TAMS 0x0000000091e00000| PB 0x0000000091e00000| Complete 
| 115|0x0000000091f00000, 0x0000000092000000, 0x0000000092000000|100%| E|CS|TAMS 0x0000000091f00000| PB 0x0000000091f00000| Complete 
| 116|0x0000000092000000, 0x0000000092100000, 0x0000000092100000|100%| E|CS|TAMS 0x0000000092000000| PB 0x0000000092000000| Complete 
| 117|0x0000000092100000, 0x0000000092200000, 0x0000000092200000|100%| E|CS|TAMS 0x0000000092100000| PB 0x0000000092100000| Complete 

Card table byte_map: [0x000001f8ee7f0000,0x000001f8eeba0000] _byte_map_base: 0x000001f8ee39a000

Marking Bits: (CMBitMap*) 0x000001f8d6e94710
 Bits: [0x000001f8eef50000, 0x000001f8f0ca0000)

Polling page: 0x000001f8d4d70000

Metaspace:

Usage:
  Non-class:      4.62 MB used.
      Class:    570.30 KB used.
       Both:      5.18 MB used.

Virtual space:
  Non-class space:       64.00 MB reserved,       4.69 MB (  7%) committed,  1 nodes.
      Class space:        1.00 GB reserved,     704.00 KB ( <1%) committed,  1 nodes.
             Both:        1.06 GB reserved,       5.38 MB ( <1%) committed. 

Chunk freelists:
   Non-Class:  2.88 MB
       Class:  3.24 MB
        Both:  6.12 MB

MaxMetaspaceSize: unlimited
CompressedClassSpaceSize: 1.00 GB
Initial GC threshold: 21.00 MB
Current GC threshold: 21.00 MB
CDS: on
MetaspaceReclaimPolicy: balanced
 - commit_granule_bytes: 65536.
 - commit_granule_words: 8192.
 - virtual_space_node_default_size: 8388608.
 - enlarge_chunks_in_place: 1.
 - new_chunks_are_fully_committed: 0.
 - uncommit_free_chunks: 1.
 - use_allocation_guard: 0.


Internal statistics:

num_allocs_failed_limit: 0.
num_arena_births: 126.
num_arena_deaths: 0.
num_vsnodes_births: 2.
num_vsnodes_deaths: 0.
num_space_committed: 86.
num_space_uncommitted: 0.
num_chunks_returned_to_freelist: 0.
num_chunks_taken_from_freelist: 148.
num_chunk_merges: 0.
num_chunk_splits: 91.
num_chunks_enlarged: 40.
num_inconsistent_stats: 0.

CodeHeap 'non-profiled nmethods': size=120000Kb used=209Kb max_used=209Kb free=119790Kb
 bounds [0x000001f8e69c0000, 0x000001f8e6c30000, 0x000001f8edef0000]
CodeHeap 'profiled nmethods': size=120000Kb used=1144Kb max_used=1144Kb free=118855Kb
 bounds [0x000001f8deef0000, 0x000001f8df160000, 0x000001f8e6420000]
CodeHeap 'non-nmethods': size=5760Kb used=1516Kb max_used=1524Kb free=4244Kb
 bounds [0x000001f8e6420000, 0x000001f8e6690000, 0x000001f8e69c0000]
 total_blobs=1261 nmethods=720 adapters=452
 compilation: enabled
              stopped_count=0, restarted_count=0
 full_count=0

Compilation events (20 events):
Event: 0.655 Thread 0x000001f8f390e790  700       3       sun.awt.image.PNGImageDecoder::filterRow (460 bytes)
Event: 0.656 Thread 0x000001f8f390e790 nmethod 700 0x000001f8deffc710 code [0x000001f8deffc980, 0x000001f8deffd7d0]
Event: 0.656 Thread 0x000001f8f390e790  702       3       sun.awt.image.ImageWatched::newInfo (25 bytes)
Event: 0.657 Thread 0x000001f8f390e790 nmethod 702 0x000001f8deffdf90 code [0x000001f8deffe140, 0x000001f8deffe418]
Event: 0.657 Thread 0x000001f8f390e790  703       3       sun.awt.image.ImageWatched$WeakLink::newInfo (78 bytes)
Event: 0.657 Thread 0x000001f8f390e790 nmethod 703 0x000001f8deffe510 code [0x000001f8deffe6e0, 0x000001f8deffecf8]
Event: 0.657 Thread 0x000001f8f390e790  710       3       sun.awt.image.ImageDecoder::setPixels (58 bytes)
Event: 0.658 Thread 0x000001f8f390e790 nmethod 710 0x000001f8deffee90 code [0x000001f8defff080, 0x000001f8defff7c0]
Event: 0.658 Thread 0x000001f8f390e790  704       3       sun.awt.image.ImageWatched$WeakLink::update (39 bytes)
Event: 0.660 Thread 0x000001f8f390e790 nmethod 704 0x000001f8defffa90 code [0x000001f8defffd00, 0x000001f8df000988]
Event: 0.660 Thread 0x000001f8f390e790  705       3       java.lang.invoke.LambdaForm$MH/0x0000000801081800::linkToTargetMethod (19 bytes)
Event: 0.660 Thread 0x000001f8f390e790 nmethod 705 0x000001f8df000d90 code [0x000001f8df000f40, 0x000001f8df0012e8]
Event: 0.660 Thread 0x000001f8f390e790  706       3       java.lang.invoke.LambdaForm$DMH/0x0000000801081000::newInvokeSpecial (36 bytes)
Event: 0.661 Thread 0x000001f8f390e790 nmethod 706 0x000001f8df001410 code [0x000001f8df0015e0, 0x000001f8df001c68]
Event: 0.661 Thread 0x000001f8f390e790  707       3       sun.awt.image.ImageWatched$WeakLink$$Lambda$153/0x00000008010c2138::<init> (44 bytes)
Event: 0.661 Thread 0x000001f8f390e790 nmethod 707 0x000001f8df001e90 code [0x000001f8df002020, 0x000001f8df002268]
Event: 0.661 Thread 0x000001f8f390e790  708       3       sun.awt.image.ImageWatched$WeakLink$$Lambda$153/0x00000008010c2138::run (32 bytes)
Event: 0.661 Thread 0x000001f8f390e790 nmethod 708 0x000001f8df002390 code [0x000001f8df002520, 0x000001f8df002680]
Event: 0.661 Thread 0x000001f8f390e790  709       3       sun.awt.image.ImageWatched$WeakLink::lambda$update$0 (19 bytes)
Event: 0.662 Thread 0x000001f8f390e790 nmethod 709 0x000001f8df002710 code [0x000001f8df0028c0, 0x000001f8df002b58]

GC Heap History (0 events):
No events

Dll operation events (7 events):
Event: 0.015 Loaded shared library C:\Program Files\Java\jdk-20\bin\java.dll
Event: 0.030 Loaded shared library C:\Program Files\Java\jdk-20\bin\jsvml.dll
Event: 0.113 Loaded shared library C:\Program Files\Java\jdk-20\bin\net.dll
Event: 0.117 Loaded shared library C:\Program Files\Java\jdk-20\bin\nio.dll
Event: 0.167 Loaded shared library C:\Program Files\Java\jdk-20\bin\jimage.dll
Event: 0.196 Loaded shared library C:\Program Files\Java\jdk-20\bin\awt.dll
Event: 0.558 Loaded shared library C:\Program Files\Java\jdk-20\bin\zip.dll

Deoptimization events (8 events):
Event: 0.425 Thread 0x000001f8d6e37de0 Uncommon trap: trap_request=0xffffff45 fr.pc=0x000001f8e69cf5b4 relative=0x0000000000000934
Event: 0.425 Thread 0x000001f8d6e37de0 Uncommon trap: reason=unstable_if action=reinterpret pc=0x000001f8e69cf5b4 method=java.util.HashMap.putVal(ILjava/lang/Object;Ljava/lang/Object;ZZ)Ljava/lang/Object; @ 236 c2
Event: 0.425 Thread 0x000001f8d6e37de0 DEOPT PACKING pc=0x000001f8e69cf5b4 sp=0x000000476b1fdaf0
Event: 0.425 Thread 0x000001f8d6e37de0 DEOPT UNPACKING pc=0x000001f8e6489d22 sp=0x000000476b1fda98 mode 2
Event: 0.605 Thread 0x000001f8f7ccaef0 Uncommon trap: trap_request=0xffffff45 fr.pc=0x000001f8e69edb28 relative=0x00000000000006c8
Event: 0.605 Thread 0x000001f8f7ccaef0 Uncommon trap: reason=unstable_if action=reinterpret pc=0x000001f8e69edb28 method=java.util.regex.Matcher.search(I)Z @ 30 c2
Event: 0.605 Thread 0x000001f8f7ccaef0 DEOPT PACKING pc=0x000001f8e69edb28 sp=0x000000476c8feb10
Event: 0.605 Thread 0x000001f8f7ccaef0 DEOPT UNPACKING pc=0x000001f8e6489d22 sp=0x000000476c8feaf0 mode 2

Classes loaded (20 events):
Event: 0.632 Loading class sun/awt/image/ByteComponentRaster done
Event: 0.632 Loading class sun/awt/image/ByteInterleavedRaster done
Event: 0.633 Loading class java/awt/image/BufferedImage
Event: 0.633 Loading class java/awt/image/WritableRenderedImage
Event: 0.633 Loading class java/awt/image/RenderedImage
Event: 0.633 Loading class java/awt/image/RenderedImage done
Event: 0.633 Loading class java/awt/image/WritableRenderedImage done
Event: 0.634 Loading class java/awt/image/BufferedImage done
Event: 0.634 Loading class java/awt/image/BufferedImage$1
Event: 0.634 Loading class java/awt/image/BufferedImage$1 done
Event: 0.634 Loading class sun/awt/image/IntegerComponentRaster
Event: 0.634 Loading class sun/awt/image/IntegerComponentRaster done
Event: 0.634 Loading class sun/awt/image/BytePackedRaster
Event: 0.635 Loading class sun/awt/image/BytePackedRaster done
Event: 0.658 Loading class java/awt/image/ReplicateScaleFilter
Event: 0.658 Loading class java/awt/image/ImageFilter
Event: 0.658 Loading class java/awt/image/ImageFilter done
Event: 0.659 Loading class java/awt/image/ReplicateScaleFilter done
Event: 0.659 Loading class java/awt/image/FilteredImageSource
Event: 0.659 Loading class java/awt/image/FilteredImageSource done

Classes unloaded (0 events):
No events

Classes redefined (0 events):
No events

Internal exceptions (16 events):
Event: 0.120 Thread 0x000001f8d6e37de0 Exception <a 'sun/nio/fs/WindowsException'{0x0000000092043d30}> (0x0000000092043d30) 
thrown [s\open\src\hotspot\share\prims\jni.cpp, line 519]
Event: 0.124 Thread 0x000001f8d6e37de0 Exception <a 'sun/nio/fs/WindowsException'{0x0000000092046300}> (0x0000000092046300) 
thrown [s\open\src\hotspot\share\prims\jni.cpp, line 519]
Event: 0.124 Thread 0x000001f8d6e37de0 Exception <a 'sun/nio/fs/WindowsException'{0x0000000092046e80}> (0x0000000092046e80) 
thrown [s\open\src\hotspot\share\prims\jni.cpp, line 519]
Event: 0.125 Thread 0x000001f8d6e37de0 Exception <a 'sun/nio/fs/WindowsException'{0x00000000920479e8}> (0x00000000920479e8) 
thrown [s\open\src\hotspot\share\prims\jni.cpp, line 519]
Event: 0.125 Thread 0x000001f8d6e37de0 Exception <a 'sun/nio/fs/WindowsException'{0x0000000092048538}> (0x0000000092048538) 
thrown [s\open\src\hotspot\share\prims\jni.cpp, line 519]
Event: 0.125 Thread 0x000001f8d6e37de0 Exception <a 'sun/nio/fs/WindowsException'{0x0000000092049088}> (0x0000000092049088) 
thrown [s\open\src\hotspot\share\prims\jni.cpp, line 519]
Event: 0.178 Thread 0x000001f8d6e37de0 Exception <a 'java/lang/ClassNotFoundException'{0x0000000091f722e8}: sun/awt/resources/spi/awtProvider> (0x0000000091f722e8) 
thrown [s\open\src\hotspot\share\classfile\systemDictionary.cpp, line 305]
Event: 0.216 Thread 0x000001f8d6e37de0 Exception <a 'java/io/FileNotFoundException'{0x0000000091fc8c40}> (0x0000000091fc8c40) 
thrown [s\open\src\hotspot\share\prims\jni.cpp, line 519]
Event: 0.227 Thread 0x000001f8d6e37de0 Exception <a 'java/io/FileNotFoundException'{0x0000000091ff2e58}> (0x0000000091ff2e58) 
thrown [s\open\src\hotspot\share\prims\jni.cpp, line 519]
Event: 0.429 Thread 0x000001f8d6e37de0 Exception <a 'java/lang/NoSuchMethodError'{0x0000000091d11de0}: 'void java.lang.invoke.DirectMethodHandle$Holder.invokeSpecial(java.lang.Object, java.lang.Object, java.lang.Object)'> (0x0000000091d11de0) 
thrown [s\open\src\hotspot\share\interpreter\linkResolver.cpp, line 773]
Event: 0.443 Thread 0x000001f8d6e37de0 Exception <a 'java/lang/NoSuchMethodError'{0x0000000091d3c4b8}: 'java.lang.Object java.lang.invoke.DirectMethodHandle$Holder.newInvokeSpecial(java.lang.Object, java.lang.Object, java.lang.Object, java.lang.Object, java.lang.Object)'> (0x0000000091d3c4b8) 
thrown [s\open\src\hotspot\share\interpreter\linkResolver.cpp, line 773]
Event: 0.456 Thread 0x000001f8d6e37de0 Exception <a 'java/lang/NoSuchMethodError'{0x0000000091d6cd60}: 'java.lang.Object java.lang.invoke.DirectMethodHandle$Holder.invokeStatic(java.lang.Object, int, java.lang.Object)'> (0x0000000091d6cd60) 
thrown [s\open\src\hotspot\share\interpreter\linkResolver.cpp, line 773]
Event: 0.500 Thread 0x000001f8d6e37de0 Exception <a 'java/lang/ClassNotFoundException'{0x0000000091c28778}: com/sun/swing/internal/plaf/metal/resources/spi/metalProvider> (0x0000000091c28778) 
thrown [s\open\src\hotspot\share\classfile\systemDictionary.cpp, line 305]
Event: 0.503 Thread 0x000001f8d6e37de0 Exception <a 'java/lang/ClassNotFoundException'{0x0000000091c2c6d8}: com/sun/swing/internal/plaf/basic/resources/spi/basicProvider> (0x0000000091c2c6d8) 
thrown [s\open\src\hotspot\share\classfile\systemDictionary.cpp, line 305]
Event: 0.519 Thread 0x000001f8d6e37de0 Exception <a 'java/lang/NoSuchMethodError'{0x0000000091c4b928}: 'int java.lang.invoke.Invokers$Holder.invokeExact_MT(java.lang.Object, java.lang.Object)'> (0x0000000091c4b928) 
thrown [s\open\src\hotspot\share\interpreter\linkResolver.cpp, line 773]
Event: 0.626 Thread 0x000001f8f7ccaef0 Exception <a 'java/lang/NoSuchMethodError'{0x0000000091a1a558}: 'java.lang.Object java.lang.invoke.DirectMethodHandle$Holder.newInvokeSpecial(java.lang.Object, java.lang.Object, java.lang.Object, int, int, int, int, int)'> (0x0000000091a1a558) 
thrown [s\open\src\hotspot\share\interpreter\linkResolver.cpp, line 773]

VM Operations (6 events):
Event: 0.127 Executing VM operation: HandshakeAllThreads
Event: 0.127 Executing VM operation: HandshakeAllThreads done
Event: 0.602 Executing VM operation: HandshakeAllThreads
Event: 0.602 Executing VM operation: HandshakeAllThreads done
Event: 0.659 Executing VM operation: HandshakeAllThreads
Event: 0.659 Executing VM operation: HandshakeAllThreads done

Events (15 events):
Event: 0.030 Thread 0x000001f8d6e37de0 Thread added: 0x000001f8d6e37de0
Event: 0.053 Thread 0x000001f8f38f2120 Thread added: 0x000001f8f38f2120
Event: 0.053 Thread 0x000001f8f38f3d30 Thread added: 0x000001f8f38f3d30
Event: 0.053 Thread 0x000001f8f38f6f60 Thread added: 0x000001f8f38f6f60
Event: 0.053 Thread 0x000001f8f38f89e0 Thread added: 0x000001f8f38f89e0
Event: 0.054 Thread 0x000001f8f38f9b90 Thread added: 0x000001f8f38f9b90
Event: 0.054 Thread 0x000001f8f38fc2b0 Thread added: 0x000001f8f38fc2b0
Event: 0.054 Thread 0x000001f8f390d8d0 Thread added: 0x000001f8f390d8d0
Event: 0.054 Thread 0x000001f8f390e790 Thread added: 0x000001f8f390e790
Event: 0.092 Thread 0x000001f8f7cc8f10 Thread added: 0x000001f8f7cc8f10
Event: 0.146 Thread 0x000001f8f7ccb440 Thread added: 0x000001f8f7ccb440
Event: 0.295 Thread 0x000001f8f7ccc430 Thread added: 0x000001f8f7ccc430
Event: 0.298 Thread 0x000001f8f7ccb990 Thread added: 0x000001f8f7ccb990
Event: 0.300 Thread 0x000001f8f7ccbee0 Thread added: 0x000001f8f7ccbee0
Event: 0.529 Thread 0x000001f8f7ccaef0 Thread added: 0x000001f8f7ccaef0


Dynamic libraries:
0x00007ff6e1550000 - 0x00007ff6e1560000 	C:\Program Files\Java\jdk-20\bin\java.exe
0x00007ffb664b0000 - 0x00007ffb666c4000 	C:\WINDOWS\SYSTEM32\ntdll.dll
0x00007ffb64b80000 - 0x00007ffb64c44000 	C:\WINDOWS\System32\KERNEL32.DLL
0x00007ffb639d0000 - 0x00007ffb63d74000 	C:\WINDOWS\System32\KERNELBASE.dll
0x00007ffb63d80000 - 0x00007ffb63e91000 	C:\WINDOWS\System32\ucrtbase.dll
0x00007ffb60b20000 - 0x00007ffb60b3b000 	C:\Program Files\Java\jdk-20\bin\VCRUNTIME140.dll
0x00007ffb5ebc0000 - 0x00007ffb5ebd9000 	C:\Program Files\Java\jdk-20\bin\jli.dll
0x00007ffb64ee0000 - 0x00007ffb64f90000 	C:\WINDOWS\System32\ADVAPI32.dll
0x00007ffb65780000 - 0x00007ffb65827000 	C:\WINDOWS\System32\msvcrt.dll
0x00007ffb65320000 - 0x00007ffb653c6000 	C:\WINDOWS\System32\sechost.dll
0x00007ffb66240000 - 0x00007ffb66357000 	C:\WINDOWS\System32\RPCRT4.dll
0x00007ffb65490000 - 0x00007ffb6563e000 	C:\WINDOWS\System32\USER32.dll
0x00007ffb639a0000 - 0x00007ffb639c6000 	C:\WINDOWS\System32\win32u.dll
0x00007ffb4cf10000 - 0x00007ffb4d1a3000 	C:\WINDOWS\WinSxS\amd64_microsoft.windows.common-controls_6595b64144ccf1df_6.0.22621.2215_none_270d72677387dfc3\COMCTL32.dll
0x00007ffb65410000 - 0x00007ffb65439000 	C:\WINDOWS\System32\GDI32.dll
0x00007ffb63f40000 - 0x00007ffb64058000 	C:\WINDOWS\System32\gdi32full.dll
0x00007ffb63ea0000 - 0x00007ffb63f3a000 	C:\WINDOWS\System32\msvcp_win.dll
0x00007ffb5a7d0000 - 0x00007ffb5a7da000 	C:\WINDOWS\SYSTEM32\VERSION.dll
0x00007ffb64e90000 - 0x00007ffb64ec1000 	C:\WINDOWS\System32\IMM32.DLL
0x00007ffb5ea20000 - 0x00007ffb5ea2c000 	C:\Program Files\Java\jdk-20\bin\vcruntime140_1.dll
0x00007ffb4db90000 - 0x00007ffb4dc1e000 	C:\Program Files\Java\jdk-20\bin\msvcp140.dll
0x00007ffafd150000 - 0x00007ffafdde7000 	C:\Program Files\Java\jdk-20\bin\server\jvm.dll
0x00007ffb60b10000 - 0x00007ffb60b19000 	C:\WINDOWS\SYSTEM32\WSOCK32.dll
0x00007ffb5c760000 - 0x00007ffb5c794000 	C:\WINDOWS\SYSTEM32\WINMM.dll
0x00007ffb64c50000 - 0x00007ffb64cc1000 	C:\WINDOWS\System32\WS2_32.dll
0x00007ffb628b0000 - 0x00007ffb628c8000 	C:\WINDOWS\SYSTEM32\kernel.appcore.dll
0x00007ffb5c9a0000 - 0x00007ffb5c9aa000 	C:\Program Files\Java\jdk-20\bin\jimage.dll
0x00007ffb50aa0000 - 0x00007ffb50cce000 	C:\WINDOWS\SYSTEM32\DBGHELP.DLL
0x00007ffb64f90000 - 0x00007ffb6531a000 	C:\WINDOWS\System32\combase.dll
0x00007ffb65cb0000 - 0x00007ffb65d87000 	C:\WINDOWS\System32\OLEAUT32.dll
0x00007ffb47300000 - 0x00007ffb47332000 	C:\WINDOWS\SYSTEM32\dbgcore.DLL
0x00007ffb63920000 - 0x00007ffb6399a000 	C:\WINDOWS\System32\bcryptPrimitives.dll
0x00007ffb4fde0000 - 0x00007ffb4fe06000 	C:\Program Files\Java\jdk-20\bin\java.dll
0x00007ffb10090000 - 0x00007ffb10167000 	C:\Program Files\Java\jdk-20\bin\jsvml.dll
0x00007ffb64350000 - 0x00007ffb64b73000 	C:\WINDOWS\System32\SHELL32.dll
0x00007ffb617b0000 - 0x00007ffb6209a000 	C:\WINDOWS\SYSTEM32\windows.storage.dll
0x00007ffb61670000 - 0x00007ffb617ae000 	C:\WINDOWS\SYSTEM32\wintypes.dll
0x00007ffb66370000 - 0x00007ffb66463000 	C:\WINDOWS\System32\SHCORE.dll
0x00007ffb65640000 - 0x00007ffb6569e000 	C:\WINDOWS\System32\shlwapi.dll
0x00007ffb63790000 - 0x00007ffb637b6000 	C:\WINDOWS\SYSTEM32\profapi.dll
0x00007ffb508a0000 - 0x00007ffb508b3000 	C:\Program Files\Java\jdk-20\bin\net.dll
0x00007ffb5e290000 - 0x00007ffb5e3c7000 	C:\WINDOWS\SYSTEM32\WINHTTP.dll
0x00007ffb62da0000 - 0x00007ffb62e09000 	C:\WINDOWS\system32\mswsock.dll
0x00007ffb4f480000 - 0x00007ffb4f496000 	C:\Program Files\Java\jdk-20\bin\nio.dll
0x00007ffb0bcf0000 - 0x00007ffb0be81000 	C:\Program Files\Java\jdk-20\bin\awt.dll
0x00007ffb60bc0000 - 0x00007ffb60c57000 	C:\WINDOWS\SYSTEM32\apphelp.dll
0x00007ffb61000000 - 0x00007ffb6102b000 	C:\WINDOWS\system32\DWMAPI.DLL
0x00007ffb60d60000 - 0x00007ffb60e0b000 	C:\WINDOWS\system32\uxtheme.dll
0x00007ffb09640000 - 0x00007ffb09740000 	C:\WINDOWS\system32\opengl32.dll
0x00007ffb4f400000 - 0x00007ffb4f42d000 	C:\WINDOWS\SYSTEM32\GLU32.dll
0x00007ffb60e80000 - 0x00007ffb60eb8000 	C:\WINDOWS\SYSTEM32\dxcore.dll
0x00007ffb65e40000 - 0x00007ffb65f89000 	C:\WINDOWS\System32\MSCTF.dll
0x00007ffb65f90000 - 0x00007ffb6612e000 	C:\WINDOWS\System32\ole32.dll
0x00007ffb3bb90000 - 0x00007ffb3bd39000 	C:\WINDOWS\system32\d3d9.dll
0x00007ffb59d70000 - 0x00007ffb59f2b000 	C:\WINDOWS\System32\DriverStore\FileRepository\u0387389.inf_amd64_995be970e30b8c79\B385477\aticfx64.dll
0x00007ffb3c200000 - 0x00007ffb3c234000 	C:\WINDOWS\System32\DriverStore\FileRepository\u0387389.inf_amd64_995be970e30b8c79\B385477\atiu9p64.dll
0x00007ffb0f250000 - 0x00007ffb0ffa5000 	C:\WINDOWS\System32\DriverStore\FileRepository\u0387389.inf_amd64_995be970e30b8c79\B385477\atiumd64.dll
0x000000006de90000 - 0x000000006edb7000 	C:\WINDOWS\System32\DriverStore\FileRepository\u0387389.inf_amd64_995be970e30b8c79\B385477\atiumd6a.dll
0x00007ffb65830000 - 0x00007ffb65ca4000 	C:\WINDOWS\System32\SETUPAPI.dll
0x00007ffb630f0000 - 0x00007ffb6313d000 	C:\WINDOWS\SYSTEM32\POWRPROF.dll
0x00007ffb630d0000 - 0x00007ffb630e3000 	C:\WINDOWS\SYSTEM32\UMPDC.dll
0x00007ffb5a880000 - 0x00007ffb5a8b5000 	C:\WINDOWS\SYSTEM32\amdihk64.dll
0x00007ffb5d4d0000 - 0x00007ffb5d51a000 	C:\WINDOWS\SYSTEM32\directxdatabasehelper.dll
0x00007ffb4f460000 - 0x00007ffb4f478000 	C:\Program Files\Java\jdk-20\bin\zip.dll

dbghelp: loaded successfully - version: 4.0.5 - missing functions: none
symbol engine: initialized successfully - sym options: 0x614 - pdb path: .;C:\Program Files\Java\jdk-20\bin;C:\WINDOWS\SYSTEM32;C:\WINDOWS\WinSxS\amd64_microsoft.windows.common-controls_6595b64144ccf1df_6.0.22621.2215_none_270d72677387dfc3;C:\Program Files\Java\jdk-20\bin\server;C:\WINDOWS\System32\DriverStore\FileRepository\u0387389.inf_amd64_995be970e30b8c79\B385477

VM Arguments:
jvm_args: -Dfile.encoding=UTF-8 --module-path=C:\Users\rohit\OneDrive\Documents\NetBeansProjects\Travel Management\build\classes 
java_command: travel.management.forgetpass
java_class_path (initial): C:\Users\rohit\OneDrive\Documents\NetBeansProjects\Travel Management\build\classes
Launcher Type: SUN_STANDARD

[Global flags]
     intx CICompilerCount                          = 4                                         {product} {ergonomic}
     uint ConcGCThreads                            = 3                                         {product} {ergonomic}
     uint G1ConcRefinementThreads                  = 10                                        {product} {ergonomic}
   size_t G1HeapRegionSize                         = 1048576                                   {product} {ergonomic}
    uintx GCDrainStackTargetSize                   = 64                                        {product} {ergonomic}
   size_t InitialHeapSize                          = 123731968                                 {product} {ergonomic}
   size_t MarkStackSize                            = 4194304                                   {product} {ergonomic}
   size_t MaxHeapSize                              = 1967128576                                {product} {ergonomic}
   size_t MaxNewSize                               = 1179648000                                {product} {ergonomic}
   size_t MinHeapDeltaBytes                        = 1048576                                   {product} {ergonomic}
   size_t MinHeapSize                              = 8388608                                   {product} {ergonomic}
    uintx NonNMethodCodeHeapSize                   = 5839372                                {pd product} {ergonomic}
    uintx NonProfiledCodeHeapSize                  = 122909434                              {pd product} {ergonomic}
    uintx ProfiledCodeHeapSize                     = 122909434                              {pd product} {ergonomic}
    uintx ReservedCodeCacheSize                    = 251658240                              {pd product} {ergonomic}
     bool SegmentedCodeCache                       = true                                      {product} {ergonomic}
   size_t SoftMaxHeapSize                          = 1967128576                             {manageable} {ergonomic}
     bool UseCompressedClassPointers               = true                           {product lp64_product} {ergonomic}
     bool UseCompressedOops                        = true                           {product lp64_product} {ergonomic}
     bool UseG1GC                                  = true                                      {product} {ergonomic}
     bool UseLargePagesIndividualAllocation        = false                                  {pd product} {ergonomic}

Logging:
Log output configuration:
 #0: stdout all=warning uptime,level,tags foldmultilines=false
 #1: stderr all=off uptime,level,tags foldmultilines=false

Environment Variables:
JAVA_HOME=C:\Program Files\Java\jdk-20\bin
CLASSPATH=C:\Program Files\Java\jdk-20\bin\*.jar
PATH=C:\Program Files\Java\jdk-20\bin;C:\Program Files\Common Files\Oracle\Java\javapath;C:\Program Files (x86)\Common Files\Oracle\Java\javapath;C:\oraclexe\app\oracle\product\11.2.0\server\bin;C:\ProgramData\Oracle\Java\javapath;C:\WINDOWS\system32;C:\WINDOWS;C:\WINDOWS\System32\Wbem;C:\WINDOWS\System32\WindowsPowerShell\v1.0\;C:\WINDOWS\System32\OpenSSH\;C:\Program Files\Git\cmd;C:\Program Files\nodejs\;C:\ProgramData\chocolatey\bin;C:\Program Files\Java\jdk1.8.0_101\bin;C:\Program Files\Java\jdk-20\bin;C:\Program Files\Common Files\Oracle\Java\javapath;C:\Program Files (x86)\Common Files\Oracle\Java\javapath;C:\oraclexe\app\oracle\product\11.2.0\server\bin;C:\ProgramData\Oracle\Java\javapath;C:\WINDOWS\system32;C:\WINDOWS;C:\WINDOWS\System32\Wbem;C:\WINDOWS\System32\WindowsPowerShell\v1.0\;C:\WINDOWS\System32\OpenSSH\;C:\Program Files\Git\cmd;C:\Program Files\nodejs\;C:\ProgramData\chocolatey\bin;;C:\Users\rohit\AppData\Local\Programs\Microsoft VS Code\bin;C:\Users\rohit\AppData\Roaming\npm;C:\Users\rohit\AppData\Local\Google\Cloud SDK\google-cloud-sdk\bin;C:\Program Files\Java\jdk-20\bin;
USERNAME=rohit
OS=Windows_NT
PROCESSOR_IDENTIFIER=AMD64 Family 23 Model 104 Stepping 1, AuthenticAMD
TMP=C:\Users\rohit\AppData\Local\Temp
TEMP=C:\Users\rohit\AppData\Local\Temp




---------------  S Y S T E M  ---------------

OS:
 Windows 11 , 64 bit Build 22621 (10.0.22621.2215)
OS uptime: 1 days 5:17 hours
Hyper-V role detected

CPU: total 12 (initial active 12) (12 cores per cpu, 2 threads per core) family 23 model 104 stepping 1 microcode 0x0, cx8, cmov, fxsr, ht, mmx, 3dnowpref, sse, sse2, sse3, ssse3, sse4a, sse4.1, sse4.2, popcnt, lzcnt, tsc, tscinvbit, avx, avx2, aes, clmul, bmi1, bmi2, adx, sha, fma, vzeroupper, clflush, clflushopt, hv, rdtscp, rdpid, f16c

Memory: 4k page, system-wide physical 7502M (962M free)
TotalPageFile size 30030M (AvailPageFile size 2M)
current process WorkingSet (physical memory assigned to process): 59M, peak: 59M
current process commit charge ("private bytes"): 222M, peak: 223M

vm_info: Java HotSpot(TM) 64-Bit Server VM (20.0.1+9-29) for windows-amd64 JRE (20.0.1+9-29), built on 2023-03-07T13:56:11Z by "mach5one" with MS VC++ 17.1 (VS2022)

END.
